<?xml version="1.0" encoding="UTF-8"?>
<coverage generated="1527415950369" clover="3.2.0">
  <project timestamp="1527415950369" name="All files">
    <metrics statements="840" coveredstatements="162" conditionals="641" coveredconditionals="51" methods="165" coveredmethods="15" elements="1646" coveredelements="228" complexity="0" loc="840" ncloc="840" packages="2" files="2" classes="2">
      <package name="my-backbone">
        <metrics statements="833" coveredstatements="155" conditionals="641" coveredconditionals="51" methods="165" coveredmethods="15"/>
        <file name="backbone.js" path="/Users/jinzhan/Desktop/dev/practiceProject/my-everyting/my-backbone/backbone.js">
          <metrics statements="833" coveredstatements="155" conditionals="641" coveredconditionals="51" methods="165" coveredmethods="15"/>
          <line num="8" count="1" type="stmt"/>
          <line num="12" count="1" type="cond" truecount="3" falsecount="3"/>
          <line num="16" count="1" type="cond" truecount="2" falsecount="2"/>
          <line num="17" count="0" type="stmt"/>
          <line num="20" count="0" type="stmt"/>
          <line num="24" count="1" type="cond" truecount="1" falsecount="1"/>
          <line num="25" count="1" type="stmt"/>
          <line num="26" count="1" type="stmt"/>
          <line num="27" count="1" type="stmt"/>
          <line num="31" count="0" type="cond" truecount="0" falsecount="4"/>
          <line num="41" count="1" type="stmt"/>
          <line num="44" count="1" type="stmt"/>
          <line num="47" count="1" type="stmt"/>
          <line num="51" count="1" type="stmt"/>
          <line num="55" count="1" type="stmt"/>
          <line num="56" count="0" type="stmt"/>
          <line num="57" count="0" type="stmt"/>
          <line num="63" count="1" type="stmt"/>
          <line num="69" count="1" type="stmt"/>
          <line num="84" count="1" type="stmt"/>
          <line num="87" count="1" type="stmt"/>
          <line num="95" count="1" type="stmt"/>
          <line num="96" count="12" type="stmt"/>
          <line num="97" count="12" type="cond" truecount="3" falsecount="1"/>
          <line num="99" count="0" type="cond" truecount="0" falsecount="5"/>
          <line num="100" count="0" type="stmt"/>
          <line num="101" count="0" type="stmt"/>
          <line num="103" count="12" type="cond" truecount="4" falsecount="0"/>
          <line num="105" count="4" type="stmt"/>
          <line num="106" count="10" type="stmt"/>
          <line num="110" count="8" type="stmt"/>
          <line num="112" count="12" type="stmt"/>
          <line num="117" count="1" type="stmt"/>
          <line num="118" count="2" type="cond" truecount="2" falsecount="0"/>
          <line num="124" count="2" type="cond" truecount="1" falsecount="1"/>
          <line num="125" count="0" type="cond" truecount="0" falsecount="2"/>
          <line num="126" count="0" type="stmt"/>
          <line num="129" count="0" type="stmt"/>
          <line num="132" count="2" type="stmt"/>
          <line num="138" count="1" type="stmt"/>
          <line num="139" count="0" type="cond" truecount="0" falsecount="2"/>
          <line num="140" count="0" type="cond" truecount="0" falsecount="2"/>
          <line num="141" count="0" type="cond" truecount="0" falsecount="2"/>
          <line num="142" count="0" type="stmt"/>
          <line num="146" count="0" type="cond" truecount="0" falsecount="2"/>
          <line num="147" count="0" type="cond" truecount="0" falsecount="2"/>
          <line num="148" count="0" type="stmt"/>
          <line num="152" count="0" type="stmt"/>
          <line num="153" count="0" type="stmt"/>
          <line num="155" count="0" type="cond" truecount="0" falsecount="2"/>
          <line num="157" count="0" type="cond" truecount="0" falsecount="2"/>
          <line num="159" count="0" type="stmt"/>
          <line num="163" count="1" type="stmt"/>
          <line num="164" count="4" type="cond" truecount="1" falsecount="1"/>
          <line num="165" count="4" type="cond" truecount="2" falsecount="0"/>
          <line num="166" count="4" type="stmt"/>
          <line num="167" count="4" type="cond" truecount="1" falsecount="1"/>
          <line num="169" count="4" type="cond" truecount="2" falsecount="0"/>
          <line num="171" count="4" type="stmt"/>
          <line num="176" count="1" type="stmt"/>
          <line num="177" count="0" type="stmt"/>
          <line num="178" count="0" type="stmt"/>
          <line num="180" count="0" type="stmt"/>
          <line num="188" count="1" type="stmt"/>
          <line num="189" count="1" type="cond" truecount="1" falsecount="1"/>
          <line num="190" count="1" type="stmt"/>
          <line num="195" count="1" type="stmt"/>
          <line num="200" count="1" type="stmt"/>
          <line num="201" count="0" type="stmt"/>
          <line num="202" count="0" type="cond" truecount="0" falsecount="2"/>
          <line num="204" count="0" type="cond" truecount="0" falsecount="2"/>
          <line num="205" count="0" type="stmt"/>
          <line num="206" count="0" type="stmt"/>
          <line num="210" count="0" type="cond" truecount="0" falsecount="2"/>
          <line num="212" count="0" type="stmt"/>
          <line num="213" count="0" type="cond" truecount="0" falsecount="2"/>
          <line num="215" count="0" type="cond" truecount="0" falsecount="2"/>
          <line num="217" count="0" type="stmt"/>
          <line num="221" count="1" type="stmt"/>
          <line num="222" count="2" type="cond" truecount="1" falsecount="1"/>
          <line num="224" count="2" type="stmt"/>
          <line num="225" count="2" type="stmt"/>
          <line num="228" count="2" type="cond" truecount="2" falsecount="3"/>
          <line num="229" count="0" type="stmt"/>
          <line num="230" count="0" type="stmt"/>
          <line num="232" count="0" type="stmt"/>
          <line num="235" count="2" type="cond" truecount="1" falsecount="1"/>
          <line num="236" count="2" type="stmt"/>
          <line num="237" count="2" type="stmt"/>
          <line num="238" count="2" type="stmt"/>
          <line num="241" count="2" type="cond" truecount="1" falsecount="1"/>
          <line num="244" count="2" type="stmt"/>
          <line num="245" count="2" type="stmt"/>
          <line num="246" count="2" type="stmt"/>
          <line num="247" count="2" type="cond" truecount="1" falsecount="1"/>
          <line num="252" count="0" type="stmt"/>
          <line num="254" count="2" type="stmt"/>
          <line num="255" count="2" type="cond" truecount="1" falsecount="1"/>
          <line num="260" count="2" type="cond" truecount="1" falsecount="1"/>
          <line num="261" count="0" type="stmt"/>
          <line num="263" count="2" type="stmt"/>
          <line num="267" count="2" type="stmt"/>
          <line num="274" count="1" type="stmt"/>
          <line num="276" count="0" type="stmt"/>
          <line num="277" count="0" type="cond" truecount="0" falsecount="4"/>
          <line num="278" count="0" type="stmt"/>
          <line num="282" count="1" type="stmt"/>
          <line num="284" count="0" type="stmt"/>
          <line num="285" count="0" type="stmt"/>
          <line num="290" count="1" type="stmt"/>
          <line num="291" count="0" type="cond" truecount="0" falsecount="2"/>
          <line num="292" count="0" type="stmt"/>
          <line num="293" count="0" type="stmt"/>
          <line num="294" count="0" type="stmt"/>
          <line num="296" count="0" type="stmt"/>
          <line num="298" count="0" type="stmt"/>
          <line num="305" count="1" type="stmt"/>
          <line num="306" count="9" type="cond" truecount="1" falsecount="1"/>
          <line num="308" count="9" type="stmt"/>
          <line num="309" count="9" type="stmt"/>
          <line num="310" count="9" type="stmt"/>
          <line num="312" count="9" type="stmt"/>
          <line num="313" count="9" type="stmt"/>
          <line num="317" count="1" type="stmt"/>
          <line num="318" count="12" type="cond" truecount="1" falsecount="1"/>
          <line num="319" count="12" type="stmt"/>
          <line num="320" count="12" type="stmt"/>
          <line num="321" count="12" type="cond" truecount="3" falsecount="1"/>
          <line num="322" count="12" type="cond" truecount="2" falsecount="0"/>
          <line num="323" count="12" type="cond" truecount="1" falsecount="1"/>
          <line num="325" count="12" type="stmt"/>
          <line num="331" count="1" type="stmt"/>
          <line num="332" count="10" type="stmt"/>
          <line num="333" count="10" type="cond" truecount="1" falsecount="4"/>
          <line num="334" count="10" type="stmt"/>
          <line num="335" count="0" type="stmt"/>
          <line num="336" count="0" type="stmt"/>
          <line num="337" count="0" type="stmt"/>
          <line num="338" count="0" type="stmt"/>
          <line num="344" count="1" type="stmt"/>
          <line num="345" count="0" type="stmt"/>
          <line num="346" count="0" type="stmt"/>
          <line num="347" count="0" type="stmt"/>
          <line num="348" count="0" type="stmt"/>
          <line num="349" count="0" type="stmt"/>
          <line num="350" count="0" type="stmt"/>
          <line num="353" count="1" type="stmt"/>
          <line num="359" count="1" type="stmt"/>
          <line num="361" count="0" type="cond" truecount="0" falsecount="2"/>
          <line num="362" count="0" type="stmt"/>
          <line num="366" count="0" type="stmt"/>
          <line num="368" count="0" type="stmt"/>
          <line num="369" count="0" type="stmt"/>
          <line num="371" count="0" type="cond" truecount="0" falsecount="2"/>
          <line num="375" count="1" type="stmt"/>
          <line num="376" count="0" type="stmt"/>
          <line num="377" count="0" type="cond" truecount="0" falsecount="2"/>
          <line num="381" count="1" type="stmt"/>
          <line num="382" count="1" type="stmt"/>
          <line num="386" count="1" type="stmt"/>
          <line num="398" count="1" type="stmt"/>
          <line num="399" count="0" type="cond" truecount="0" falsecount="2"/>
          <line num="400" count="0" type="cond" truecount="0" falsecount="2"/>
          <line num="401" count="0" type="stmt"/>
          <line num="402" count="0" type="stmt"/>
          <line num="403" count="0" type="stmt"/>
          <line num="404" count="0" type="cond" truecount="0" falsecount="2"/>
          <line num="405" count="0" type="cond" truecount="0" falsecount="4"/>
          <line num="406" count="0" type="stmt"/>
          <line num="407" count="0" type="stmt"/>
          <line num="408" count="0" type="stmt"/>
          <line num="409" count="0" type="stmt"/>
          <line num="410" count="0" type="stmt"/>
          <line num="414" count="1" type="stmt"/>
          <line num="440" count="0" type="stmt"/>
          <line num="446" count="0" type="stmt"/>
          <line num="451" count="0" type="stmt"/>
          <line num="456" count="0" type="stmt"/>
          <line num="462" count="0" type="stmt"/>
          <line num="467" count="0" type="stmt"/>
          <line num="474" count="0" type="cond" truecount="0" falsecount="2"/>
          <line num="478" count="0" type="cond" truecount="0" falsecount="2"/>
          <line num="479" count="0" type="stmt"/>
          <line num="480" count="0" type="stmt"/>
          <line num="482" count="0" type="stmt"/>
          <line num="485" count="0" type="cond" truecount="0" falsecount="2"/>
          <line num="488" count="0" type="cond" truecount="0" falsecount="2"/>
          <line num="491" count="0" type="stmt"/>
          <line num="492" count="0" type="stmt"/>
          <line num="493" count="0" type="stmt"/>
          <line num="494" count="0" type="stmt"/>
          <line num="495" count="0" type="stmt"/>
          <line num="497" count="0" type="cond" truecount="0" falsecount="2"/>
          <line num="498" count="0" type="stmt"/>
          <line num="499" count="0" type="stmt"/>
          <line num="502" count="0" type="stmt"/>
          <line num="503" count="0" type="stmt"/>
          <line num="504" count="0" type="stmt"/>
          <line num="507" count="0" type="stmt"/>
          <line num="508" count="0" type="stmt"/>
          <line num="509" count="0" type="cond" truecount="0" falsecount="2"/>
          <line num="510" count="0" type="cond" truecount="0" falsecount="2"/>
          <line num="511" count="0" type="stmt"/>
          <line num="513" count="0" type="stmt"/>
          <line num="515" count="0" type="cond" truecount="0" falsecount="2"/>
          <line num="519" count="0" type="cond" truecount="0" falsecount="2"/>
          <line num="522" count="0" type="cond" truecount="0" falsecount="2"/>
          <line num="523" count="0" type="cond" truecount="0" falsecount="2"/>
          <line num="524" count="0" type="stmt"/>
          <line num="525" count="0" type="stmt"/>
          <line num="531" count="0" type="cond" truecount="0" falsecount="2"/>
          <line num="532" count="0" type="cond" truecount="0" falsecount="2"/>
          <line num="533" count="0" type="stmt"/>
          <line num="534" count="0" type="stmt"/>
          <line num="535" count="0" type="stmt"/>
          <line num="536" count="0" type="stmt"/>
          <line num="539" count="0" type="stmt"/>
          <line num="540" count="0" type="stmt"/>
          <line num="541" count="0" type="stmt"/>
          <line num="547" count="0" type="stmt"/>
          <line num="552" count="0" type="stmt"/>
          <line num="553" count="0" type="stmt"/>
          <line num="554" count="0" type="stmt"/>
          <line num="560" count="0" type="cond" truecount="0" falsecount="2"/>
          <line num="561" count="0" type="stmt"/>
          <line num="571" count="0" type="cond" truecount="0" falsecount="4"/>
          <line num="572" count="0" type="cond" truecount="0" falsecount="2"/>
          <line num="573" count="0" type="stmt"/>
          <line num="575" count="0" type="stmt"/>
          <line num="576" count="0" type="stmt"/>
          <line num="577" count="0" type="cond" truecount="0" falsecount="2"/>
          <line num="578" count="0" type="stmt"/>
          <line num="579" count="0" type="stmt"/>
          <line num="581" count="0" type="cond" truecount="0" falsecount="2"/>
          <line num="587" count="0" type="cond" truecount="0" falsecount="4"/>
          <line num="588" count="0" type="stmt"/>
          <line num="594" count="0" type="stmt"/>
          <line num="600" count="0" type="stmt"/>
          <line num="601" count="0" type="stmt"/>
          <line num="602" count="0" type="stmt"/>
          <line num="603" count="0" type="stmt"/>
          <line num="604" count="0" type="cond" truecount="0" falsecount="2"/>
          <line num="605" count="0" type="cond" truecount="0" falsecount="2"/>
          <line num="606" count="0" type="cond" truecount="0" falsecount="2"/>
          <line num="607" count="0" type="stmt"/>
          <line num="609" count="0" type="stmt"/>
          <line num="610" count="0" type="stmt"/>
          <line num="619" count="0" type="cond" truecount="0" falsecount="4"/>
          <line num="620" count="0" type="stmt"/>
          <line num="621" count="0" type="stmt"/>
          <line num="623" count="0" type="stmt"/>
          <line num="626" count="0" type="stmt"/>
          <line num="627" count="0" type="stmt"/>
          <line num="632" count="0" type="cond" truecount="0" falsecount="4"/>
          <line num="633" count="0" type="cond" truecount="0" falsecount="2"/>
          <line num="634" count="0" type="cond" truecount="0" falsecount="2"/>
          <line num="635" count="0" type="stmt"/>
          <line num="640" count="0" type="stmt"/>
          <line num="641" count="0" type="stmt"/>
          <line num="642" count="0" type="stmt"/>
          <line num="643" count="0" type="stmt"/>
          <line num="645" count="0" type="stmt"/>
          <line num="646" count="0" type="cond" truecount="0" falsecount="2"/>
          <line num="647" count="0" type="cond" truecount="0" falsecount="2"/>
          <line num="648" count="0" type="cond" truecount="0" falsecount="4"/>
          <line num="649" count="0" type="cond" truecount="0" falsecount="2"/>
          <line num="650" count="0" type="stmt"/>
          <line num="652" count="0" type="stmt"/>
          <line num="655" count="0" type="cond" truecount="0" falsecount="4"/>
          <line num="657" count="0" type="cond" truecount="0" falsecount="4"/>
          <line num="658" count="0" type="cond" truecount="0" falsecount="4"/>
          <line num="659" count="0" type="stmt"/>
          <line num="662" count="0" type="stmt"/>
          <line num="664" count="0" type="stmt"/>
          <line num="671" count="0" type="cond" truecount="0" falsecount="2"/>
          <line num="672" count="0" type="stmt"/>
          <line num="673" count="0" type="stmt"/>
          <line num="674" count="0" type="stmt"/>
          <line num="676" count="0" type="stmt"/>
          <line num="677" count="0" type="stmt"/>
          <line num="678" count="0" type="stmt"/>
          <line num="681" count="0" type="stmt"/>
          <line num="682" count="0" type="cond" truecount="0" falsecount="2"/>
          <line num="683" count="0" type="cond" truecount="0" falsecount="2"/>
          <line num="684" count="0" type="cond" truecount="0" falsecount="2"/>
          <line num="687" count="0" type="stmt"/>
          <line num="688" count="0" type="cond" truecount="0" falsecount="2"/>
          <line num="689" count="0" type="stmt"/>
          <line num="691" count="0" type="stmt"/>
          <line num="692" count="0" type="stmt"/>
          <line num="694" count="0" type="cond" truecount="0" falsecount="2"/>
          <line num="695" count="0" type="stmt"/>
          <line num="703" count="0" type="cond" truecount="0" falsecount="3"/>
          <line num="706" count="0" type="cond" truecount="0" falsecount="2"/>
          <line num="707" count="0" type="stmt"/>
          <line num="708" count="0" type="stmt"/>
          <line num="714" count="0" type="stmt"/>
          <line num="719" count="0" type="stmt"/>
          <line num="724" count="0" type="stmt"/>
          <line num="729" count="0" type="stmt"/>
          <line num="735" count="0" type="cond" truecount="0" falsecount="4"/>
          <line num="736" count="0" type="stmt"/>
          <line num="737" count="0" type="cond" truecount="0" falsecount="2"/>
          <line num="738" count="0" type="cond" truecount="0" falsecount="2"/>
          <line num="739" count="0" type="stmt"/>
          <line num="740" count="0" type="stmt"/>
          <line num="758" count="1" type="stmt"/>
          <line num="759" count="0" type="cond" truecount="0" falsecount="2"/>
          <line num="760" count="0" type="stmt"/>
          <line num="761" count="0" type="cond" truecount="0" falsecount="2"/>
          <line num="762" count="0" type="cond" truecount="0" falsecount="2"/>
          <line num="763" count="0" type="stmt"/>
          <line num="764" count="0" type="stmt"/>
          <line num="765" count="0" type="cond" truecount="0" falsecount="2"/>
          <line num="769" count="1" type="stmt"/>
          <line num="770" count="1" type="stmt"/>
          <line num="773" count="1" type="stmt"/>
          <line num="774" count="0" type="stmt"/>
          <line num="775" count="0" type="stmt"/>
          <line num="776" count="0" type="stmt"/>
          <line num="778" count="0" type="stmt"/>
          <line num="779" count="0" type="stmt"/>
          <line num="780" count="0" type="stmt"/>
          <line num="784" count="1" type="stmt"/>
          <line num="802" count="0" type="stmt"/>
          <line num="807" count="0" type="stmt"/>
          <line num="814" count="0" type="stmt"/>
          <line num="819" count="0" type="stmt"/>
          <line num="820" count="0" type="stmt"/>
          <line num="821" count="0" type="cond" truecount="0" falsecount="2"/>
          <line num="822" count="0" type="stmt"/>
          <line num="823" count="0" type="cond" truecount="0" falsecount="4"/>
          <line num="824" count="0" type="stmt"/>
          <line num="825" count="0" type="stmt"/>
          <line num="827" count="0" type="cond" truecount="0" falsecount="2"/>
          <line num="835" count="0" type="cond" truecount="0" falsecount="2"/>
          <line num="837" count="0" type="stmt"/>
          <line num="838" count="0" type="cond" truecount="0" falsecount="4"/>
          <line num="839" count="0" type="cond" truecount="0" falsecount="2"/>
          <line num="842" count="0" type="stmt"/>
          <line num="843" count="0" type="cond" truecount="0" falsecount="2"/>
          <line num="845" count="0" type="stmt"/>
          <line num="846" count="0" type="cond" truecount="0" falsecount="2"/>
          <line num="847" count="0" type="cond" truecount="0" falsecount="2"/>
          <line num="848" count="0" type="cond" truecount="0" falsecount="2"/>
          <line num="850" count="0" type="stmt"/>
          <line num="851" count="0" type="stmt"/>
          <line num="852" count="0" type="stmt"/>
          <line num="853" count="0" type="stmt"/>
          <line num="854" count="0" type="stmt"/>
          <line num="856" count="0" type="stmt"/>
          <line num="857" count="0" type="stmt"/>
          <line num="858" count="0" type="stmt"/>
          <line num="860" count="0" type="stmt"/>
          <line num="861" count="0" type="cond" truecount="0" falsecount="3"/>
          <line num="862" count="0" type="cond" truecount="0" falsecount="2"/>
          <line num="867" count="0" type="stmt"/>
          <line num="868" count="0" type="stmt"/>
          <line num="872" count="0" type="stmt"/>
          <line num="873" count="0" type="cond" truecount="0" falsecount="2"/>
          <line num="874" count="0" type="cond" truecount="0" falsecount="4"/>
          <line num="875" count="0" type="cond" truecount="0" falsecount="2"/>
          <line num="876" count="0" type="cond" truecount="0" falsecount="2"/>
          <line num="877" count="0" type="stmt"/>
          <line num="878" count="0" type="stmt"/>
          <line num="879" count="0" type="cond" truecount="0" falsecount="4"/>
          <line num="881" count="0" type="cond" truecount="0" falsecount="2"/>
          <line num="882" count="0" type="stmt"/>
          <line num="883" count="0" type="stmt"/>
          <line num="885" count="0" type="stmt"/>
          <line num="888" count="0" type="cond" truecount="0" falsecount="2"/>
          <line num="889" count="0" type="stmt"/>
          <line num="890" count="0" type="cond" truecount="0" falsecount="2"/>
          <line num="891" count="0" type="stmt"/>
          <line num="892" count="0" type="stmt"/>
          <line num="893" count="0" type="stmt"/>
          <line num="894" count="0" type="stmt"/>
          <line num="900" count="0" type="cond" truecount="0" falsecount="2"/>
          <line num="901" count="0" type="stmt"/>
          <line num="902" count="0" type="stmt"/>
          <line num="903" count="0" type="cond" truecount="0" falsecount="2"/>
          <line num="905" count="0" type="cond" truecount="0" falsecount="2"/>
          <line num="909" count="0" type="stmt"/>
          <line num="910" count="0" type="cond" truecount="0" falsecount="3"/>
          <line num="911" count="0" type="cond" truecount="0" falsecount="4"/>
          <line num="912" count="0" type="cond" truecount="0" falsecount="2"/>
          <line num="913" count="0" type="stmt"/>
          <line num="915" count="0" type="stmt"/>
          <line num="916" count="0" type="stmt"/>
          <line num="917" count="0" type="stmt"/>
          <line num="918" count="0" type="cond" truecount="0" falsecount="2"/>
          <line num="919" count="0" type="cond" truecount="0" falsecount="2"/>
          <line num="920" count="0" type="cond" truecount="0" falsecount="2"/>
          <line num="921" count="0" type="stmt"/>
          <line num="925" count="0" type="cond" truecount="0" falsecount="2"/>
          <line num="928" count="0" type="cond" truecount="0" falsecount="2"/>
          <line num="929" count="0" type="stmt"/>
          <line num="930" count="0" type="cond" truecount="0" falsecount="2"/>
          <line num="931" count="0" type="stmt"/>
          <line num="932" count="0" type="stmt"/>
          <line num="934" count="0" type="cond" truecount="0" falsecount="4"/>
          <line num="935" count="0" type="cond" truecount="0" falsecount="5"/>
          <line num="936" count="0" type="stmt"/>
          <line num="941" count="0" type="stmt"/>
          <line num="946" count="0" type="cond" truecount="0" falsecount="2"/>
          <line num="954" count="0" type="cond" truecount="0" falsecount="2"/>
          <line num="955" count="0" type="stmt"/>
          <line num="956" count="0" type="stmt"/>
          <line num="958" count="0" type="stmt"/>
          <line num="959" count="0" type="stmt"/>
          <line num="960" count="0" type="stmt"/>
          <line num="961" count="0" type="cond" truecount="0" falsecount="2"/>
          <line num="962" count="0" type="stmt"/>
          <line num="967" count="0" type="stmt"/>
          <line num="972" count="0" type="stmt"/>
          <line num="973" count="0" type="stmt"/>
          <line num="978" count="0" type="stmt"/>
          <line num="983" count="0" type="stmt"/>
          <line num="984" count="0" type="stmt"/>
          <line num="989" count="0" type="stmt"/>
          <line num="995" count="0" type="cond" truecount="0" falsecount="2"/>
          <line num="996" count="0" type="cond" truecount="0" falsecount="4"/>
          <line num="1003" count="0" type="stmt"/>
          <line num="1008" count="0" type="cond" truecount="0" falsecount="2"/>
          <line num="1009" count="0" type="stmt"/>
          <line num="1015" count="0" type="cond" truecount="0" falsecount="2"/>
          <line num="1021" count="0" type="stmt"/>
          <line num="1028" count="0" type="stmt"/>
          <line num="1029" count="0" type="cond" truecount="0" falsecount="2"/>
          <line num="1030" count="0" type="cond" truecount="0" falsecount="2"/>
          <line num="1032" count="0" type="stmt"/>
          <line num="1033" count="0" type="cond" truecount="0" falsecount="2"/>
          <line num="1036" count="0" type="cond" truecount="0" falsecount="4"/>
          <line num="1037" count="0" type="stmt"/>
          <line num="1039" count="0" type="stmt"/>
          <line num="1041" count="0" type="cond" truecount="0" falsecount="2"/>
          <line num="1042" count="0" type="stmt"/>
          <line num="1047" count="0" type="stmt"/>
          <line num="1054" count="0" type="stmt"/>
          <line num="1055" count="0" type="stmt"/>
          <line num="1056" count="0" type="stmt"/>
          <line num="1057" count="0" type="stmt"/>
          <line num="1058" count="0" type="cond" truecount="0" falsecount="2"/>
          <line num="1059" count="0" type="stmt"/>
          <line num="1060" count="0" type="cond" truecount="0" falsecount="2"/>
          <line num="1061" count="0" type="stmt"/>
          <line num="1063" count="0" type="stmt"/>
          <line num="1064" count="0" type="stmt"/>
          <line num="1071" count="0" type="cond" truecount="0" falsecount="2"/>
          <line num="1072" count="0" type="stmt"/>
          <line num="1073" count="0" type="stmt"/>
          <line num="1074" count="0" type="cond" truecount="0" falsecount="2"/>
          <line num="1075" count="0" type="cond" truecount="0" falsecount="2"/>
          <line num="1076" count="0" type="stmt"/>
          <line num="1077" count="0" type="stmt"/>
          <line num="1078" count="0" type="stmt"/>
          <line num="1079" count="0" type="cond" truecount="0" falsecount="2"/>
          <line num="1080" count="0" type="cond" truecount="0" falsecount="2"/>
          <line num="1082" count="0" type="stmt"/>
          <line num="1083" count="0" type="stmt"/>
          <line num="1089" count="0" type="stmt"/>
          <line num="1094" count="0" type="stmt"/>
          <line num="1102" count="0" type="cond" truecount="0" falsecount="2"/>
          <line num="1107" count="0" type="stmt"/>
          <line num="1112" count="0" type="stmt"/>
          <line num="1117" count="0" type="stmt"/>
          <line num="1123" count="0" type="stmt"/>
          <line num="1124" count="0" type="stmt"/>
          <line num="1125" count="0" type="stmt"/>
          <line num="1131" count="0" type="cond" truecount="0" falsecount="2"/>
          <line num="1132" count="0" type="cond" truecount="0" falsecount="2"/>
          <line num="1133" count="0" type="stmt"/>
          <line num="1135" count="0" type="cond" truecount="0" falsecount="2"/>
          <line num="1136" count="0" type="stmt"/>
          <line num="1137" count="0" type="stmt"/>
          <line num="1138" count="0" type="cond" truecount="0" falsecount="2"/>
          <line num="1139" count="0" type="stmt"/>
          <line num="1140" count="0" type="stmt"/>
          <line num="1145" count="0" type="stmt"/>
          <line num="1146" count="0" type="stmt"/>
          <line num="1147" count="0" type="stmt"/>
          <line num="1148" count="0" type="cond" truecount="0" falsecount="2"/>
          <line num="1150" count="0" type="stmt"/>
          <line num="1151" count="0" type="stmt"/>
          <line num="1152" count="0" type="stmt"/>
          <line num="1156" count="0" type="stmt"/>
          <line num="1157" count="0" type="stmt"/>
          <line num="1158" count="0" type="cond" truecount="0" falsecount="2"/>
          <line num="1160" count="0" type="cond" truecount="0" falsecount="2"/>
          <line num="1161" count="0" type="stmt"/>
          <line num="1162" count="0" type="stmt"/>
          <line num="1165" count="0" type="stmt"/>
          <line num="1166" count="0" type="stmt"/>
          <line num="1168" count="0" type="stmt"/>
          <line num="1174" count="0" type="stmt"/>
          <line num="1179" count="0" type="stmt"/>
          <line num="1180" count="0" type="stmt"/>
          <line num="1181" count="0" type="cond" truecount="0" falsecount="2"/>
          <line num="1182" count="0" type="stmt"/>
          <line num="1187" count="0" type="stmt"/>
          <line num="1188" count="0" type="stmt"/>
          <line num="1189" count="0" type="cond" truecount="0" falsecount="2"/>
          <line num="1190" count="0" type="cond" truecount="0" falsecount="2"/>
          <line num="1191" count="0" type="stmt"/>
          <line num="1199" count="0" type="cond" truecount="0" falsecount="2"/>
          <line num="1200" count="0" type="cond" truecount="0" falsecount="5"/>
          <line num="1201" count="0" type="cond" truecount="0" falsecount="2"/>
          <line num="1202" count="0" type="cond" truecount="0" falsecount="2"/>
          <line num="1203" count="0" type="stmt"/>
          <line num="1204" count="0" type="stmt"/>
          <line num="1205" count="0" type="cond" truecount="0" falsecount="2"/>
          <line num="1206" count="0" type="cond" truecount="0" falsecount="2"/>
          <line num="1207" count="0" type="cond" truecount="0" falsecount="2"/>
          <line num="1211" count="0" type="stmt"/>
          <line num="1219" count="1" type="cond" truecount="2" falsecount="0"/>
          <line num="1220" count="1" type="cond" truecount="1" falsecount="1"/>
          <line num="1221" count="1" type="stmt"/>
          <line num="1231" count="1" type="stmt"/>
          <line num="1232" count="0" type="stmt"/>
          <line num="1233" count="0" type="stmt"/>
          <line num="1234" count="0" type="stmt"/>
          <line num="1240" count="1" type="stmt"/>
          <line num="1241" count="1" type="stmt"/>
          <line num="1242" count="1" type="stmt"/>
          <line num="1245" count="1" type="cond" truecount="1" falsecount="1"/>
          <line num="1246" count="1" type="stmt"/>
          <line num="1247" count="0" type="stmt"/>
          <line num="1251" count="1" type="stmt"/>
          <line num="1252" count="0" type="cond" truecount="0" falsecount="2"/>
          <line num="1255" count="0" type="cond" truecount="0" falsecount="2"/>
          <line num="1256" count="0" type="stmt"/>
          <line num="1257" count="0" type="stmt"/>
          <line num="1261" count="0" type="cond" truecount="0" falsecount="2"/>
          <line num="1262" count="0" type="stmt"/>
          <line num="1264" count="0" type="stmt"/>
          <line num="1265" count="0" type="cond" truecount="0" falsecount="2"/>
          <line num="1266" count="0" type="stmt"/>
          <line num="1268" count="0" type="stmt"/>
          <line num="1271" count="0" type="stmt"/>
          <line num="1276" count="0" type="stmt"/>
          <line num="1279" count="0" type="stmt"/>
          <line num="1295" count="1" type="stmt"/>
          <line num="1296" count="0" type="stmt"/>
          <line num="1297" count="0" type="stmt"/>
          <line num="1298" count="0" type="stmt"/>
          <line num="1299" count="0" type="stmt"/>
          <line num="1300" count="0" type="stmt"/>
          <line num="1304" count="1" type="stmt"/>
          <line num="1307" count="1" type="stmt"/>
          <line num="1310" count="1" type="stmt"/>
          <line num="1318" count="0" type="stmt"/>
          <line num="1333" count="0" type="stmt"/>
          <line num="1339" count="0" type="stmt"/>
          <line num="1340" count="0" type="stmt"/>
          <line num="1341" count="0" type="stmt"/>
          <line num="1348" count="0" type="stmt"/>
          <line num="1354" count="0" type="stmt"/>
          <line num="1355" count="0" type="stmt"/>
          <line num="1356" count="0" type="stmt"/>
          <line num="1357" count="0" type="stmt"/>
          <line num="1366" count="0" type="cond" truecount="0" falsecount="2"/>
          <line num="1367" count="0" type="stmt"/>
          <line num="1384" count="0" type="cond" truecount="0" falsecount="2"/>
          <line num="1385" count="0" type="cond" truecount="0" falsecount="2"/>
          <line num="1386" count="0" type="stmt"/>
          <line num="1387" count="0" type="stmt"/>
          <line num="1388" count="0" type="stmt"/>
          <line num="1389" count="0" type="cond" truecount="0" falsecount="2"/>
          <line num="1390" count="0" type="cond" truecount="0" falsecount="2"/>
          <line num="1391" count="0" type="stmt"/>
          <line num="1392" count="0" type="stmt"/>
          <line num="1394" count="0" type="stmt"/>
          <line num="1401" count="0" type="stmt"/>
          <line num="1402" count="0" type="stmt"/>
          <line num="1409" count="0" type="cond" truecount="0" falsecount="2"/>
          <line num="1410" count="0" type="stmt"/>
          <line num="1416" count="0" type="stmt"/>
          <line num="1417" count="0" type="stmt"/>
          <line num="1423" count="0" type="stmt"/>
          <line num="1431" count="0" type="cond" truecount="0" falsecount="2"/>
          <line num="1432" count="0" type="stmt"/>
          <line num="1433" count="0" type="cond" truecount="0" falsecount="2"/>
          <line num="1434" count="0" type="cond" truecount="0" falsecount="2"/>
          <line num="1435" count="0" type="stmt"/>
          <line num="1436" count="0" type="stmt"/>
          <line num="1438" count="0" type="stmt"/>
          <line num="1445" count="0" type="stmt"/>
          <line num="1457" count="1" type="stmt"/>
          <line num="1458" count="57" type="cond" truecount="3" falsecount="2"/>
          <line num="1459" count="11" type="stmt"/>
          <line num="1460" count="0" type="stmt"/>
          <line num="1462" count="0" type="stmt"/>
          <line num="1463" count="0" type="stmt"/>
          <line num="1465" count="36" type="stmt"/>
          <line num="1466" count="0" type="stmt"/>
          <line num="1468" count="0" type="stmt"/>
          <line num="1469" count="0" type="stmt"/>
          <line num="1471" count="10" type="stmt"/>
          <line num="1472" count="0" type="stmt"/>
          <line num="1473" count="0" type="stmt"/>
          <line num="1474" count="0" type="stmt"/>
          <line num="1479" count="1" type="stmt"/>
          <line num="1480" count="2" type="stmt"/>
          <line num="1481" count="57" type="cond" truecount="1" falsecount="1"/>
          <line num="1486" count="1" type="stmt"/>
          <line num="1487" count="0" type="cond" truecount="0" falsecount="2"/>
          <line num="1488" count="0" type="cond" truecount="0" falsecount="4"/>
          <line num="1489" count="0" type="cond" truecount="0" falsecount="2"/>
          <line num="1490" count="0" type="stmt"/>
          <line num="1492" count="1" type="stmt"/>
          <line num="1493" count="0" type="stmt"/>
          <line num="1494" count="0" type="stmt"/>
          <line num="1495" count="0" type="stmt"/>
          <line num="1502" count="1" type="stmt"/>
          <line num="1514" count="1" type="stmt"/>
          <line num="1519" count="1" type="stmt"/>
          <line num="1523" count="2" type="stmt"/>
          <line num="1524" count="2" type="stmt"/>
          <line num="1525" count="2" type="stmt"/>
          <line num="1527" count="2" type="stmt"/>
          <line num="1528" count="0" type="stmt"/>
          <line num="1529" count="0" type="stmt"/>
          <line num="1530" count="0" type="stmt"/>
          <line num="1532" count="0" type="stmt"/>
          <line num="1535" count="2" type="stmt"/>
          <line num="1556" count="1" type="stmt"/>
          <line num="1557" count="0" type="stmt"/>
          <line num="1560" count="0" type="cond" truecount="0" falsecount="2"/>
          <line num="1566" count="0" type="stmt"/>
          <line num="1569" count="0" type="cond" truecount="0" falsecount="2"/>
          <line num="1570" count="0" type="cond" truecount="0" falsecount="2"/>
          <line num="1574" count="0" type="cond" truecount="0" falsecount="7"/>
          <line num="1575" count="0" type="stmt"/>
          <line num="1576" count="0" type="cond" truecount="0" falsecount="2"/>
          <line num="1580" count="0" type="cond" truecount="0" falsecount="2"/>
          <line num="1581" count="0" type="stmt"/>
          <line num="1582" count="0" type="cond" truecount="0" falsecount="2"/>
          <line num="1587" count="0" type="cond" truecount="0" falsecount="6"/>
          <line num="1588" count="0" type="stmt"/>
          <line num="1589" count="0" type="cond" truecount="0" falsecount="2"/>
          <line num="1590" count="0" type="stmt"/>
          <line num="1591" count="0" type="stmt"/>
          <line num="1592" count="0" type="stmt"/>
          <line num="1593" count="0" type="cond" truecount="0" falsecount="2"/>
          <line num="1598" count="0" type="cond" truecount="0" falsecount="4"/>
          <line num="1599" count="0" type="stmt"/>
          <line num="1603" count="0" type="stmt"/>
          <line num="1604" count="0" type="stmt"/>
          <line num="1605" count="0" type="stmt"/>
          <line num="1606" count="0" type="stmt"/>
          <line num="1607" count="0" type="cond" truecount="0" falsecount="2"/>
          <line num="1611" count="0" type="stmt"/>
          <line num="1612" count="0" type="stmt"/>
          <line num="1613" count="0" type="stmt"/>
          <line num="1617" count="1" type="stmt"/>
          <line num="1627" count="1" type="stmt"/>
          <line num="1628" count="0" type="stmt"/>
          <line num="1636" count="1" type="stmt"/>
          <line num="1637" count="0" type="cond" truecount="0" falsecount="2"/>
          <line num="1638" count="0" type="stmt"/>
          <line num="1639" count="0" type="cond" truecount="0" falsecount="2"/>
          <line num="1640" count="0" type="stmt"/>
          <line num="1641" count="0" type="stmt"/>
          <line num="1646" count="1" type="stmt"/>
          <line num="1647" count="1" type="stmt"/>
          <line num="1648" count="1" type="stmt"/>
          <line num="1649" count="1" type="stmt"/>
          <line num="1652" count="1" type="stmt"/>
          <line num="1669" count="0" type="cond" truecount="0" falsecount="2"/>
          <line num="1670" count="0" type="cond" truecount="0" falsecount="2"/>
          <line num="1671" count="0" type="stmt"/>
          <line num="1672" count="0" type="stmt"/>
          <line num="1674" count="0" type="cond" truecount="0" falsecount="2"/>
          <line num="1675" count="0" type="stmt"/>
          <line num="1676" count="0" type="stmt"/>
          <line num="1677" count="0" type="stmt"/>
          <line num="1678" count="0" type="cond" truecount="0" falsecount="2"/>
          <line num="1679" count="0" type="stmt"/>
          <line num="1680" count="0" type="stmt"/>
          <line num="1681" count="0" type="stmt"/>
          <line num="1684" count="0" type="stmt"/>
          <line num="1690" count="0" type="cond" truecount="0" falsecount="2"/>
          <line num="1695" count="0" type="stmt"/>
          <line num="1696" count="0" type="stmt"/>
          <line num="1703" count="0" type="cond" truecount="0" falsecount="2"/>
          <line num="1704" count="0" type="stmt"/>
          <line num="1705" count="0" type="stmt"/>
          <line num="1706" count="0" type="stmt"/>
          <line num="1707" count="0" type="stmt"/>
          <line num="1714" count="0" type="stmt"/>
          <line num="1717" count="0" type="cond" truecount="0" falsecount="2"/>
          <line num="1720" count="0" type="stmt"/>
          <line num="1727" count="0" type="stmt"/>
          <line num="1728" count="0" type="stmt"/>
          <line num="1730" count="0" type="cond" truecount="0" falsecount="4"/>
          <line num="1731" count="0" type="cond" truecount="0" falsecount="2"/>
          <line num="1745" count="1" type="stmt"/>
          <line num="1746" count="1" type="stmt"/>
          <line num="1747" count="1" type="stmt"/>
          <line num="1750" count="1" type="cond" truecount="1" falsecount="1"/>
          <line num="1751" count="1" type="stmt"/>
          <line num="1752" count="1" type="stmt"/>
          <line num="1757" count="1" type="stmt"/>
          <line num="1760" count="1" type="stmt"/>
          <line num="1763" count="1" type="stmt"/>
          <line num="1766" count="1" type="stmt"/>
          <line num="1769" count="1" type="stmt"/>
          <line num="1777" count="0" type="stmt"/>
          <line num="1778" count="0" type="cond" truecount="0" falsecount="2"/>
          <line num="1783" count="0" type="stmt"/>
          <line num="1784" count="0" type="stmt"/>
          <line num="1785" count="0" type="stmt"/>
          <line num="1792" count="0" type="stmt"/>
          <line num="1798" count="0" type="stmt"/>
          <line num="1799" count="0" type="cond" truecount="0" falsecount="2"/>
          <line num="1805" count="0" type="cond" truecount="0" falsecount="2"/>
          <line num="1806" count="0" type="cond" truecount="0" falsecount="2"/>
          <line num="1811" count="0" type="stmt"/>
          <line num="1814" count="0" type="cond" truecount="0" falsecount="2"/>
          <line num="1819" count="0" type="cond" truecount="0" falsecount="2"/>
          <line num="1820" count="0" type="cond" truecount="0" falsecount="4"/>
          <line num="1821" count="0" type="stmt"/>
          <line num="1823" count="0" type="stmt"/>
          <line num="1826" count="0" type="stmt"/>
          <line num="1832" count="0" type="cond" truecount="0" falsecount="2"/>
          <line num="1833" count="0" type="stmt"/>
          <line num="1837" count="0" type="stmt"/>
          <line num="1838" count="0" type="stmt"/>
          <line num="1839" count="0" type="stmt"/>
          <line num="1840" count="0" type="cond" truecount="0" falsecount="3"/>
          <line num="1841" count="0" type="cond" truecount="0" falsecount="2"/>
          <line num="1842" count="0" type="stmt"/>
          <line num="1843" count="0" type="cond" truecount="0" falsecount="2"/>
          <line num="1844" count="0" type="cond" truecount="0" falsecount="2"/>
          <line num="1845" count="0" type="stmt"/>
          <line num="1848" count="0" type="stmt"/>
          <line num="1852" count="0" type="cond" truecount="0" falsecount="4"/>
          <line num="1856" count="0" type="cond" truecount="0" falsecount="4"/>
          <line num="1857" count="0" type="cond" truecount="0" falsecount="2"/>
          <line num="1858" count="0" type="stmt"/>
          <line num="1860" count="0" type="stmt"/>
          <line num="1864" count="0" type="cond" truecount="0" falsecount="4"/>
          <line num="1865" count="0" type="stmt"/>
          <line num="1873" count="0" type="cond" truecount="0" falsecount="5"/>
          <line num="1874" count="0" type="stmt"/>
          <line num="1875" count="0" type="stmt"/>
          <line num="1876" count="0" type="stmt"/>
          <line num="1877" count="0" type="stmt"/>
          <line num="1878" count="0" type="stmt"/>
          <line num="1880" count="0" type="stmt"/>
          <line num="1881" count="0" type="stmt"/>
          <line num="1882" count="0" type="stmt"/>
          <line num="1883" count="0" type="stmt"/>
          <line num="1887" count="0" type="cond" truecount="0" falsecount="2"/>
          <line num="1888" count="0" type="stmt"/>
          <line num="1893" count="0" type="cond" truecount="0" falsecount="2"/>
          <line num="1894" count="0" type="stmt"/>
          <line num="1895" count="0" type="cond" truecount="0" falsecount="4"/>
          <line num="1896" count="0" type="stmt"/>
          <line num="1897" count="0" type="cond" truecount="0" falsecount="2"/>
          <line num="1898" count="0" type="stmt"/>
          <line num="1901" count="0" type="cond" truecount="0" falsecount="2"/>
          <line num="1908" count="0" type="cond" truecount="0" falsecount="2"/>
          <line num="1909" count="0" type="stmt"/>
          <line num="1913" count="0" type="cond" truecount="0" falsecount="2"/>
          <line num="1914" count="0" type="stmt"/>
          <line num="1915" count="0" type="cond" truecount="0" falsecount="4"/>
          <line num="1916" count="0" type="stmt"/>
          <line num="1920" count="0" type="cond" truecount="0" falsecount="2"/>
          <line num="1921" count="0" type="stmt"/>
          <line num="1922" count="0" type="stmt"/>
          <line num="1926" count="0" type="cond" truecount="0" falsecount="2"/>
          <line num="1927" count="0" type="stmt"/>
          <line num="1933" count="0" type="stmt"/>
          <line num="1939" count="0" type="stmt"/>
          <line num="1943" count="0" type="cond" truecount="0" falsecount="4"/>
          <line num="1944" count="0" type="stmt"/>
          <line num="1947" count="0" type="cond" truecount="0" falsecount="2"/>
          <line num="1948" count="0" type="cond" truecount="0" falsecount="2"/>
          <line num="1949" count="0" type="stmt"/>
          <line num="1957" count="0" type="cond" truecount="0" falsecount="2"/>
          <line num="1958" count="0" type="stmt"/>
          <line num="1959" count="0" type="stmt"/>
          <line num="1960" count="0" type="cond" truecount="0" falsecount="2"/>
          <line num="1961" count="0" type="stmt"/>
          <line num="1962" count="0" type="stmt"/>
          <line num="1975" count="0" type="cond" truecount="0" falsecount="2"/>
          <line num="1976" count="0" type="cond" truecount="0" falsecount="4"/>
          <line num="1979" count="0" type="cond" truecount="0" falsecount="2"/>
          <line num="1982" count="0" type="stmt"/>
          <line num="1983" count="0" type="cond" truecount="0" falsecount="4"/>
          <line num="1984" count="0" type="cond" truecount="0" falsecount="2"/>
          <line num="1986" count="0" type="stmt"/>
          <line num="1989" count="0" type="stmt"/>
          <line num="1992" count="0" type="stmt"/>
          <line num="1994" count="0" type="cond" truecount="0" falsecount="2"/>
          <line num="1995" count="0" type="stmt"/>
          <line num="1998" count="0" type="cond" truecount="0" falsecount="2"/>
          <line num="1999" count="0" type="cond" truecount="0" falsecount="2"/>
          <line num="2003" count="0" type="cond" truecount="0" falsecount="2"/>
          <line num="2004" count="0" type="stmt"/>
          <line num="2005" count="0" type="cond" truecount="0" falsecount="4"/>
          <line num="2006" count="0" type="stmt"/>
          <line num="2011" count="0" type="cond" truecount="0" falsecount="2"/>
          <line num="2012" count="0" type="stmt"/>
          <line num="2013" count="0" type="stmt"/>
          <line num="2016" count="0" type="stmt"/>
          <line num="2022" count="0" type="stmt"/>
          <line num="2024" count="0" type="cond" truecount="0" falsecount="2"/>
          <line num="2030" count="0" type="cond" truecount="0" falsecount="2"/>
          <line num="2031" count="0" type="stmt"/>
          <line num="2032" count="0" type="stmt"/>
          <line num="2035" count="0" type="stmt"/>
          <line num="2042" count="1" type="stmt"/>
          <line num="2050" count="1" type="stmt"/>
          <line num="2051" count="0" type="stmt"/>
          <line num="2057" count="0" type="cond" truecount="0" falsecount="4"/>
          <line num="2058" count="0" type="stmt"/>
          <line num="2060" count="0" type="stmt"/>
          <line num="2064" count="0" type="stmt"/>
          <line num="2068" count="0" type="stmt"/>
          <line num="2069" count="0" type="stmt"/>
          <line num="2073" count="0" type="stmt"/>
          <line num="2075" count="0" type="stmt"/>
          <line num="2079" count="1" type="stmt"/>
          <line num="2082" count="1" type="stmt"/>
          <line num="2083" count="0" type="stmt"/>
          <line num="2087" count="1" type="stmt"/>
          <line num="2088" count="0" type="stmt"/>
          <line num="2089" count="0" type="stmt"/>
          <line num="2090" count="0" type="cond" truecount="0" falsecount="2"/>
          <line num="2091" count="0" type="stmt"/>
          <line num="2095" count="1" type="stmt"/>
        </file>
      </package>
      <package name="my-backbone.test">
        <metrics statements="7" coveredstatements="7" conditionals="0" coveredconditionals="0" methods="0" coveredmethods="0"/>
        <file name="greeter_view.js" path="/Users/jinzhan/Desktop/dev/practiceProject/my-everyting/my-backbone/test/greeter_view.js">
          <metrics statements="7" coveredstatements="7" conditionals="0" coveredconditionals="0" methods="0" coveredmethods="0"/>
          <line num="1" count="1" type="stmt"/>
          <line num="2" count="1" type="stmt"/>
          <line num="3" count="1" type="stmt"/>
          <line num="5" count="1" type="stmt"/>
          <line num="7" count="1" type="stmt"/>
          <line num="8" count="1" type="stmt"/>
          <line num="12" count="1" type="stmt"/>
        </file>
      </package>
    </metrics>
  </project>
</coverage>
