{"/Users/jinzhan/Desktop/dev/practiceProject/my-everyting/my-backbone/backbone.js": {"path":"/Users/jinzhan/Desktop/dev/practiceProject/my-everyting/my-backbone/backbone.js","statementMap":{"0":{"start":{"line":8,"column":0},"end":{"line":2096,"column":3}},"1":{"start":{"line":12,"column":13},"end":{"line":13,"column":77}},"2":{"start":{"line":16,"column":2},"end":{"line":32,"column":3}},"3":{"start":{"line":17,"column":4},"end":{"line":21,"column":7}},"4":{"start":{"line":20,"column":6},"end":{"line":20,"column":51}},"5":{"start":{"line":24,"column":9},"end":{"line":32,"column":3}},"6":{"start":{"line":25,"column":12},"end":{"line":25,"column":33}},"7":{"start":{"line":26,"column":4},"end":{"line":26,"column":47}},"8":{"start":{"line":26,"column":10},"end":{"line":26,"column":32}},"9":{"start":{"line":27,"column":4},"end":{"line":27,"column":33}},"10":{"start":{"line":31,"column":4},"end":{"line":31,"column":99}},"11":{"start":{"line":41,"column":25},"end":{"line":41,"column":38}},"12":{"start":{"line":44,"column":14},"end":{"line":44,"column":35}},"13":{"start":{"line":47,"column":2},"end":{"line":47,"column":29}},"14":{"start":{"line":51,"column":2},"end":{"line":51,"column":17}},"15":{"start":{"line":55,"column":2},"end":{"line":58,"column":4}},"16":{"start":{"line":56,"column":4},"end":{"line":56,"column":37}},"17":{"start":{"line":57,"column":4},"end":{"line":57,"column":16}},"18":{"start":{"line":63,"column":2},"end":{"line":63,"column":31}},"19":{"start":{"line":69,"column":2},"end":{"line":69,"column":31}},"20":{"start":{"line":84,"column":15},"end":{"line":84,"column":35}},"21":{"start":{"line":87,"column":22},"end":{"line":87,"column":27}},"22":{"start":{"line":95,"column":18},"end":{"line":113,"column":3}},"23":{"start":{"line":96,"column":12},"end":{"line":96,"column":13}},"24":{"start":{"line":97,"column":4},"end":{"line":111,"column":5}},"25":{"start":{"line":99,"column":6},"end":{"line":99,"column":103}},"26":{"start":{"line":99,"column":79},"end":{"line":99,"column":103}},"27":{"start":{"line":100,"column":6},"end":{"line":102,"column":7}},"28":{"start":{"line":101,"column":8},"end":{"line":101,"column":77}},"29":{"start":{"line":103,"column":11},"end":{"line":111,"column":5}},"30":{"start":{"line":105,"column":6},"end":{"line":107,"column":7}},"31":{"start":{"line":106,"column":8},"end":{"line":106,"column":60}},"32":{"start":{"line":110,"column":6},"end":{"line":110,"column":54}},"33":{"start":{"line":112,"column":4},"end":{"line":112,"column":18}},"34":{"start":{"line":117,"column":2},"end":{"line":133,"column":4}},"35":{"start":{"line":118,"column":4},"end":{"line":122,"column":7}},"36":{"start":{"line":124,"column":4},"end":{"line":130,"column":5}},"37":{"start":{"line":125,"column":22},"end":{"line":125,"column":63}},"38":{"start":{"line":126,"column":6},"end":{"line":126,"column":44}},"39":{"start":{"line":129,"column":6},"end":{"line":129,"column":33}},"40":{"start":{"line":132,"column":4},"end":{"line":132,"column":16}},"41":{"start":{"line":138,"column":2},"end":{"line":160,"column":4}},"42":{"start":{"line":139,"column":4},"end":{"line":139,"column":26}},"43":{"start":{"line":139,"column":14},"end":{"line":139,"column":26}},"44":{"start":{"line":140,"column":13},"end":{"line":140,"column":63}},"45":{"start":{"line":141,"column":22},"end":{"line":141,"column":67}},"46":{"start":{"line":142,"column":20},"end":{"line":142,"column":48}},"47":{"start":{"line":146,"column":4},"end":{"line":149,"column":5}},"48":{"start":{"line":147,"column":6},"end":{"line":147,"column":59}},"49":{"start":{"line":148,"column":6},"end":{"line":148,"column":74}},"50":{"start":{"line":152,"column":16},"end":{"line":152,"column":53}},"51":{"start":{"line":153,"column":4},"end":{"line":153,"column":24}},"52":{"start":{"line":155,"column":4},"end":{"line":155,"column":27}},"53":{"start":{"line":155,"column":15},"end":{"line":155,"column":27}},"54":{"start":{"line":157,"column":4},"end":{"line":157,"column":56}},"55":{"start":{"line":157,"column":27},"end":{"line":157,"column":56}},"56":{"start":{"line":159,"column":4},"end":{"line":159,"column":16}},"57":{"start":{"line":163,"column":14},"end":{"line":172,"column":3}},"58":{"start":{"line":164,"column":4},"end":{"line":170,"column":5}},"59":{"start":{"line":165,"column":21},"end":{"line":165,"column":56}},"60":{"start":{"line":166,"column":20},"end":{"line":166,"column":35}},"61":{"start":{"line":166,"column":43},"end":{"line":166,"column":54}},"62":{"start":{"line":166,"column":68},"end":{"line":166,"column":85}},"63":{"start":{"line":167,"column":6},"end":{"line":167,"column":39}},"64":{"start":{"line":167,"column":21},"end":{"line":167,"column":39}},"65":{"start":{"line":169,"column":6},"end":{"line":169,"column":103}},"66":{"start":{"line":171,"column":4},"end":{"line":171,"column":18}},"67":{"start":{"line":176,"column":19},"end":{"line":182,"column":3}},"68":{"start":{"line":177,"column":4},"end":{"line":181,"column":5}},"69":{"start":{"line":178,"column":6},"end":{"line":178,"column":38}},"70":{"start":{"line":180,"column":6},"end":{"line":180,"column":15}},"71":{"start":{"line":188,"column":2},"end":{"line":196,"column":4}},"72":{"start":{"line":189,"column":4},"end":{"line":189,"column":35}},"73":{"start":{"line":189,"column":23},"end":{"line":189,"column":35}},"74":{"start":{"line":190,"column":4},"end":{"line":193,"column":7}},"75":{"start":{"line":195,"column":4},"end":{"line":195,"column":16}},"76":{"start":{"line":200,"column":2},"end":{"line":218,"column":4}},"77":{"start":{"line":201,"column":22},"end":{"line":201,"column":39}},"78":{"start":{"line":202,"column":4},"end":{"line":202,"column":34}},"79":{"start":{"line":202,"column":22},"end":{"line":202,"column":34}},"80":{"start":{"line":204,"column":14},"end":{"line":204,"column":57}},"81":{"start":{"line":205,"column":4},"end":{"line":214,"column":5}},"82":{"start":{"line":206,"column":22},"end":{"line":206,"column":41}},"83":{"start":{"line":210,"column":6},"end":{"line":210,"column":28}},"84":{"start":{"line":210,"column":22},"end":{"line":210,"column":28}},"85":{"start":{"line":212,"column":6},"end":{"line":212,"column":46}},"86":{"start":{"line":213,"column":6},"end":{"line":213,"column":59}},"87":{"start":{"line":213,"column":29},"end":{"line":213,"column":59}},"88":{"start":{"line":215,"column":4},"end":{"line":215,"column":59}},"89":{"start":{"line":215,"column":32},"end":{"line":215,"column":59}},"90":{"start":{"line":217,"column":4},"end":{"line":217,"column":16}},"91":{"start":{"line":221,"column":15},"end":{"line":268,"column":3}},"92":{"start":{"line":222,"column":4},"end":{"line":222,"column":24}},"93":{"start":{"line":222,"column":17},"end":{"line":222,"column":24}},"94":{"start":{"line":224,"column":18},"end":{"line":224,"column":33}},"95":{"start":{"line":224,"column":47},"end":{"line":224,"column":64}},"96":{"start":{"line":225,"column":12},"end":{"line":225,"column":13}},"97":{"start":{"line":228,"column":4},"end":{"line":233,"column":5}},"98":{"start":{"line":229,"column":6},"end":{"line":231,"column":7}},"99":{"start":{"line":230,"column":8},"end":{"line":230,"column":38}},"100":{"start":{"line":232,"column":6},"end":{"line":232,"column":13}},"101":{"start":{"line":235,"column":4},"end":{"line":235,"column":43}},"102":{"start":{"line":236,"column":4},"end":{"line":265,"column":5}},"103":{"start":{"line":237,"column":6},"end":{"line":237,"column":22}},"104":{"start":{"line":238,"column":21},"end":{"line":238,"column":33}},"105":{"start":{"line":241,"column":6},"end":{"line":241,"column":27}},"106":{"start":{"line":241,"column":21},"end":{"line":241,"column":27}},"107":{"start":{"line":244,"column":22},"end":{"line":244,"column":24}},"108":{"start":{"line":245,"column":6},"end":{"line":257,"column":7}},"109":{"start":{"line":246,"column":22},"end":{"line":246,"column":33}},"110":{"start":{"line":247,"column":8},"end":{"line":256,"column":9}},"111":{"start":{"line":252,"column":10},"end":{"line":252,"column":34}},"112":{"start":{"line":254,"column":26},"end":{"line":254,"column":43}},"113":{"start":{"line":255,"column":10},"end":{"line":255,"column":55}},"114":{"start":{"line":255,"column":25},"end":{"line":255,"column":55}},"115":{"start":{"line":260,"column":6},"end":{"line":264,"column":7}},"116":{"start":{"line":261,"column":8},"end":{"line":261,"column":33}},"117":{"start":{"line":263,"column":8},"end":{"line":263,"column":28}},"118":{"start":{"line":267,"column":4},"end":{"line":267,"column":18}},"119":{"start":{"line":274,"column":2},"end":{"line":279,"column":4}},"120":{"start":{"line":276,"column":17},"end":{"line":276,"column":76}},"121":{"start":{"line":277,"column":4},"end":{"line":277,"column":71}},"122":{"start":{"line":277,"column":53},"end":{"line":277,"column":71}},"123":{"start":{"line":278,"column":4},"end":{"line":278,"column":46}},"124":{"start":{"line":282,"column":2},"end":{"line":286,"column":4}},"125":{"start":{"line":284,"column":17},"end":{"line":284,"column":91}},"126":{"start":{"line":285,"column":4},"end":{"line":285,"column":38}},"127":{"start":{"line":290,"column":16},"end":{"line":299,"column":3}},"128":{"start":{"line":291,"column":4},"end":{"line":297,"column":5}},"129":{"start":{"line":292,"column":17},"end":{"line":295,"column":8}},"130":{"start":{"line":293,"column":8},"end":{"line":293,"column":26}},"131":{"start":{"line":294,"column":8},"end":{"line":294,"column":40}},"132":{"start":{"line":296,"column":6},"end":{"line":296,"column":32}},"133":{"start":{"line":298,"column":4},"end":{"line":298,"column":15}},"134":{"start":{"line":305,"column":2},"end":{"line":314,"column":4}},"135":{"start":{"line":306,"column":4},"end":{"line":306,"column":35}},"136":{"start":{"line":306,"column":23},"end":{"line":306,"column":35}},"137":{"start":{"line":308,"column":17},"end":{"line":308,"column":50}},"138":{"start":{"line":309,"column":15},"end":{"line":309,"column":28}},"139":{"start":{"line":310,"column":4},"end":{"line":310,"column":64}},"140":{"start":{"line":310,"column":37},"end":{"line":310,"column":64}},"141":{"start":{"line":312,"column":4},"end":{"line":312,"column":60}},"142":{"start":{"line":313,"column":4},"end":{"line":313,"column":16}},"143":{"start":{"line":317,"column":19},"end":{"line":326,"column":3}},"144":{"start":{"line":318,"column":4},"end":{"line":324,"column":5}},"145":{"start":{"line":319,"column":19},"end":{"line":319,"column":34}},"146":{"start":{"line":320,"column":22},"end":{"line":320,"column":35}},"147":{"start":{"line":321,"column":6},"end":{"line":321,"column":61}},"148":{"start":{"line":321,"column":31},"end":{"line":321,"column":61}},"149":{"start":{"line":322,"column":6},"end":{"line":322,"column":46}},"150":{"start":{"line":322,"column":18},"end":{"line":322,"column":46}},"151":{"start":{"line":323,"column":6},"end":{"line":323,"column":67}},"152":{"start":{"line":323,"column":21},"end":{"line":323,"column":67}},"153":{"start":{"line":325,"column":4},"end":{"line":325,"column":21}},"154":{"start":{"line":331,"column":22},"end":{"line":340,"column":3}},"155":{"start":{"line":332,"column":16},"end":{"line":332,"column":18}},"156":{"start":{"line":332,"column":24},"end":{"line":332,"column":37}},"157":{"start":{"line":332,"column":44},"end":{"line":332,"column":51}},"158":{"start":{"line":332,"column":58},"end":{"line":332,"column":65}},"159":{"start":{"line":332,"column":72},"end":{"line":332,"column":79}},"160":{"start":{"line":333,"column":4},"end":{"line":339,"column":5}},"161":{"start":{"line":334,"column":14},"end":{"line":334,"column":69}},"162":{"start":{"line":334,"column":30},"end":{"line":334,"column":69}},"163":{"start":{"line":334,"column":70},"end":{"line":334,"column":77}},"164":{"start":{"line":335,"column":14},"end":{"line":335,"column":73}},"165":{"start":{"line":335,"column":30},"end":{"line":335,"column":73}},"166":{"start":{"line":335,"column":74},"end":{"line":335,"column":81}},"167":{"start":{"line":336,"column":14},"end":{"line":336,"column":77}},"168":{"start":{"line":336,"column":30},"end":{"line":336,"column":77}},"169":{"start":{"line":336,"column":78},"end":{"line":336,"column":85}},"170":{"start":{"line":337,"column":14},"end":{"line":337,"column":81}},"171":{"start":{"line":337,"column":30},"end":{"line":337,"column":81}},"172":{"start":{"line":337,"column":82},"end":{"line":337,"column":89}},"173":{"start":{"line":338,"column":15},"end":{"line":338,"column":77}},"174":{"start":{"line":338,"column":31},"end":{"line":338,"column":77}},"175":{"start":{"line":338,"column":78},"end":{"line":338,"column":85}},"176":{"start":{"line":344,"column":18},"end":{"line":351,"column":3}},"177":{"start":{"line":345,"column":4},"end":{"line":345,"column":33}},"178":{"start":{"line":346,"column":4},"end":{"line":346,"column":29}},"179":{"start":{"line":347,"column":4},"end":{"line":347,"column":19}},"180":{"start":{"line":348,"column":4},"end":{"line":348,"column":24}},"181":{"start":{"line":349,"column":4},"end":{"line":349,"column":19}},"182":{"start":{"line":350,"column":4},"end":{"line":350,"column":26}},"183":{"start":{"line":353,"column":2},"end":{"line":353,"column":37}},"184":{"start":{"line":359,"column":2},"end":{"line":372,"column":4}},"185":{"start":{"line":361,"column":4},"end":{"line":370,"column":5}},"186":{"start":{"line":362,"column":6},"end":{"line":365,"column":9}},"187":{"start":{"line":366,"column":6},"end":{"line":366,"column":30}},"188":{"start":{"line":368,"column":6},"end":{"line":368,"column":19}},"189":{"start":{"line":369,"column":6},"end":{"line":369,"column":33}},"190":{"start":{"line":371,"column":4},"end":{"line":371,"column":32}},"191":{"start":{"line":371,"column":17},"end":{"line":371,"column":32}},"192":{"start":{"line":375,"column":2},"end":{"line":378,"column":4}},"193":{"start":{"line":376,"column":4},"end":{"line":376,"column":58}},"194":{"start":{"line":377,"column":4},"end":{"line":377,"column":59}},"195":{"start":{"line":377,"column":23},"end":{"line":377,"column":59}},"196":{"start":{"line":381,"column":2},"end":{"line":381,"column":28}},"197":{"start":{"line":382,"column":2},"end":{"line":382,"column":29}},"198":{"start":{"line":386,"column":2},"end":{"line":386,"column":29}},"199":{"start":{"line":398,"column":14},"end":{"line":411,"column":3}},"200":{"start":{"line":399,"column":16},"end":{"line":399,"column":32}},"201":{"start":{"line":400,"column":4},"end":{"line":400,"column":30}},"202":{"start":{"line":401,"column":4},"end":{"line":401,"column":46}},"203":{"start":{"line":402,"column":4},"end":{"line":402,"column":42}},"204":{"start":{"line":403,"column":4},"end":{"line":403,"column":25}},"205":{"start":{"line":404,"column":4},"end":{"line":404,"column":65}},"206":{"start":{"line":404,"column":28},"end":{"line":404,"column":65}},"207":{"start":{"line":405,"column":4},"end":{"line":405,"column":64}},"208":{"start":{"line":405,"column":23},"end":{"line":405,"column":64}},"209":{"start":{"line":406,"column":19},"end":{"line":406,"column":45}},"210":{"start":{"line":407,"column":4},"end":{"line":407,"column":64}},"211":{"start":{"line":408,"column":4},"end":{"line":408,"column":29}},"212":{"start":{"line":409,"column":4},"end":{"line":409,"column":22}},"213":{"start":{"line":410,"column":4},"end":{"line":410,"column":43}},"214":{"start":{"line":414,"column":2},"end":{"line":743,"column":5}},"215":{"start":{"line":440,"column":6},"end":{"line":440,"column":38}},"216":{"start":{"line":446,"column":6},"end":{"line":446,"column":50}},"217":{"start":{"line":451,"column":6},"end":{"line":451,"column":35}},"218":{"start":{"line":456,"column":6},"end":{"line":456,"column":38}},"219":{"start":{"line":462,"column":6},"end":{"line":462,"column":36}},"220":{"start":{"line":467,"column":6},"end":{"line":467,"column":56}},"221":{"start":{"line":474,"column":6},"end":{"line":474,"column":35}},"222":{"start":{"line":474,"column":23},"end":{"line":474,"column":35}},"223":{"start":{"line":478,"column":6},"end":{"line":483,"column":7}},"224":{"start":{"line":479,"column":8},"end":{"line":479,"column":20}},"225":{"start":{"line":480,"column":8},"end":{"line":480,"column":22}},"226":{"start":{"line":482,"column":8},"end":{"line":482,"column":32}},"227":{"start":{"line":485,"column":6},"end":{"line":485,"column":32}},"228":{"start":{"line":488,"column":6},"end":{"line":488,"column":56}},"229":{"start":{"line":488,"column":43},"end":{"line":488,"column":56}},"230":{"start":{"line":491,"column":23},"end":{"line":491,"column":36}},"231":{"start":{"line":492,"column":23},"end":{"line":492,"column":37}},"232":{"start":{"line":493,"column":23},"end":{"line":493,"column":25}},"233":{"start":{"line":494,"column":23},"end":{"line":494,"column":37}},"234":{"start":{"line":495,"column":6},"end":{"line":495,"column":28}},"235":{"start":{"line":497,"column":6},"end":{"line":500,"column":7}},"236":{"start":{"line":498,"column":8},"end":{"line":498,"column":60}},"237":{"start":{"line":499,"column":8},"end":{"line":499,"column":26}},"238":{"start":{"line":502,"column":20},"end":{"line":502,"column":35}},"239":{"start":{"line":503,"column":20},"end":{"line":503,"column":32}},"240":{"start":{"line":504,"column":20},"end":{"line":504,"column":44}},"241":{"start":{"line":507,"column":6},"end":{"line":516,"column":7}},"242":{"start":{"line":508,"column":8},"end":{"line":508,"column":26}},"243":{"start":{"line":509,"column":8},"end":{"line":509,"column":63}},"244":{"start":{"line":509,"column":44},"end":{"line":509,"column":63}},"245":{"start":{"line":510,"column":8},"end":{"line":514,"column":9}},"246":{"start":{"line":511,"column":10},"end":{"line":511,"column":30}},"247":{"start":{"line":513,"column":10},"end":{"line":513,"column":31}},"248":{"start":{"line":515,"column":8},"end":{"line":515,"column":59}},"249":{"start":{"line":519,"column":6},"end":{"line":519,"column":74}},"250":{"start":{"line":519,"column":37},"end":{"line":519,"column":74}},"251":{"start":{"line":522,"column":6},"end":{"line":527,"column":7}},"252":{"start":{"line":523,"column":8},"end":{"line":523,"column":52}},"253":{"start":{"line":523,"column":28},"end":{"line":523,"column":52}},"254":{"start":{"line":524,"column":8},"end":{"line":526,"column":9}},"255":{"start":{"line":525,"column":10},"end":{"line":525,"column":83}},"256":{"start":{"line":531,"column":6},"end":{"line":531,"column":32}},"257":{"start":{"line":531,"column":20},"end":{"line":531,"column":32}},"258":{"start":{"line":532,"column":6},"end":{"line":538,"column":7}},"259":{"start":{"line":533,"column":8},"end":{"line":537,"column":9}},"260":{"start":{"line":534,"column":10},"end":{"line":534,"column":34}},"261":{"start":{"line":535,"column":10},"end":{"line":535,"column":32}},"262":{"start":{"line":536,"column":10},"end":{"line":536,"column":48}},"263":{"start":{"line":539,"column":6},"end":{"line":539,"column":28}},"264":{"start":{"line":540,"column":6},"end":{"line":540,"column":29}},"265":{"start":{"line":541,"column":6},"end":{"line":541,"column":18}},"266":{"start":{"line":547,"column":6},"end":{"line":547,"column":74}},"267":{"start":{"line":552,"column":18},"end":{"line":552,"column":20}},"268":{"start":{"line":553,"column":6},"end":{"line":553,"column":59}},"269":{"start":{"line":553,"column":39},"end":{"line":553,"column":59}},"270":{"start":{"line":554,"column":6},"end":{"line":554,"column":67}},"271":{"start":{"line":560,"column":6},"end":{"line":560,"column":56}},"272":{"start":{"line":560,"column":24},"end":{"line":560,"column":56}},"273":{"start":{"line":561,"column":6},"end":{"line":561,"column":39}},"274":{"start":{"line":571,"column":6},"end":{"line":571,"column":74}},"275":{"start":{"line":571,"column":17},"end":{"line":571,"column":74}},"276":{"start":{"line":572,"column":16},"end":{"line":572,"column":75}},"277":{"start":{"line":573,"column":20},"end":{"line":573,"column":22}},"278":{"start":{"line":575,"column":6},"end":{"line":580,"column":7}},"279":{"start":{"line":576,"column":18},"end":{"line":576,"column":28}},"280":{"start":{"line":577,"column":8},"end":{"line":577,"column":48}},"281":{"start":{"line":577,"column":39},"end":{"line":577,"column":48}},"282":{"start":{"line":578,"column":8},"end":{"line":578,"column":28}},"283":{"start":{"line":579,"column":8},"end":{"line":579,"column":26}},"284":{"start":{"line":581,"column":6},"end":{"line":581,"column":42}},"285":{"start":{"line":587,"column":6},"end":{"line":587,"column":65}},"286":{"start":{"line":587,"column":53},"end":{"line":587,"column":65}},"287":{"start":{"line":588,"column":6},"end":{"line":588,"column":44}},"288":{"start":{"line":594,"column":6},"end":{"line":594,"column":47}},"289":{"start":{"line":600,"column":6},"end":{"line":600,"column":49}},"290":{"start":{"line":601,"column":18},"end":{"line":601,"column":22}},"291":{"start":{"line":602,"column":20},"end":{"line":602,"column":35}},"292":{"start":{"line":603,"column":6},"end":{"line":608,"column":8}},"293":{"start":{"line":604,"column":26},"end":{"line":604,"column":75}},"294":{"start":{"line":605,"column":8},"end":{"line":605,"column":59}},"295":{"start":{"line":605,"column":46},"end":{"line":605,"column":59}},"296":{"start":{"line":606,"column":8},"end":{"line":606,"column":73}},"297":{"start":{"line":606,"column":21},"end":{"line":606,"column":73}},"298":{"start":{"line":607,"column":8},"end":{"line":607,"column":52}},"299":{"start":{"line":609,"column":6},"end":{"line":609,"column":31}},"300":{"start":{"line":610,"column":6},"end":{"line":610,"column":46}},"301":{"start":{"line":619,"column":6},"end":{"line":624,"column":7}},"302":{"start":{"line":620,"column":8},"end":{"line":620,"column":20}},"303":{"start":{"line":621,"column":8},"end":{"line":621,"column":22}},"304":{"start":{"line":623,"column":8},"end":{"line":623,"column":32}},"305":{"start":{"line":626,"column":6},"end":{"line":626,"column":65}},"306":{"start":{"line":627,"column":17},"end":{"line":627,"column":29}},"307":{"start":{"line":632,"column":6},"end":{"line":636,"column":7}},"308":{"start":{"line":633,"column":8},"end":{"line":633,"column":52}},"309":{"start":{"line":633,"column":39},"end":{"line":633,"column":52}},"310":{"start":{"line":634,"column":13},"end":{"line":636,"column":7}},"311":{"start":{"line":635,"column":8},"end":{"line":635,"column":21}},"312":{"start":{"line":640,"column":18},"end":{"line":640,"column":22}},"313":{"start":{"line":641,"column":20},"end":{"line":641,"column":35}},"314":{"start":{"line":642,"column":23},"end":{"line":642,"column":38}},"315":{"start":{"line":643,"column":6},"end":{"line":651,"column":8}},"316":{"start":{"line":645,"column":8},"end":{"line":645,"column":38}},"317":{"start":{"line":646,"column":26},"end":{"line":646,"column":75}},"318":{"start":{"line":647,"column":8},"end":{"line":647,"column":65}},"319":{"start":{"line":647,"column":18},"end":{"line":647,"column":65}},"320":{"start":{"line":648,"column":8},"end":{"line":648,"column":74}},"321":{"start":{"line":648,"column":61},"end":{"line":648,"column":74}},"322":{"start":{"line":649,"column":8},"end":{"line":649,"column":73}},"323":{"start":{"line":649,"column":21},"end":{"line":649,"column":73}},"324":{"start":{"line":650,"column":8},"end":{"line":650,"column":52}},"325":{"start":{"line":652,"column":6},"end":{"line":652,"column":31}},"326":{"start":{"line":655,"column":6},"end":{"line":655,"column":75}},"327":{"start":{"line":655,"column":25},"end":{"line":655,"column":75}},"328":{"start":{"line":657,"column":19},"end":{"line":657,"column":81}},"329":{"start":{"line":658,"column":6},"end":{"line":658,"column":70}},"330":{"start":{"line":658,"column":48},"end":{"line":658,"column":70}},"331":{"start":{"line":659,"column":16},"end":{"line":659,"column":48}},"332":{"start":{"line":662,"column":6},"end":{"line":662,"column":35}},"333":{"start":{"line":664,"column":6},"end":{"line":664,"column":17}},"334":{"start":{"line":671,"column":6},"end":{"line":671,"column":48}},"335":{"start":{"line":672,"column":18},"end":{"line":672,"column":22}},"336":{"start":{"line":673,"column":20},"end":{"line":673,"column":35}},"337":{"start":{"line":674,"column":17},"end":{"line":674,"column":29}},"338":{"start":{"line":676,"column":20},"end":{"line":679,"column":7}},"339":{"start":{"line":677,"column":8},"end":{"line":677,"column":30}},"340":{"start":{"line":678,"column":8},"end":{"line":678,"column":67}},"341":{"start":{"line":681,"column":6},"end":{"line":685,"column":8}},"342":{"start":{"line":682,"column":8},"end":{"line":682,"column":28}},"343":{"start":{"line":682,"column":18},"end":{"line":682,"column":28}},"344":{"start":{"line":683,"column":8},"end":{"line":683,"column":73}},"345":{"start":{"line":683,"column":21},"end":{"line":683,"column":73}},"346":{"start":{"line":684,"column":8},"end":{"line":684,"column":72}},"347":{"start":{"line":684,"column":28},"end":{"line":684,"column":72}},"348":{"start":{"line":687,"column":16},"end":{"line":687,"column":21}},"349":{"start":{"line":688,"column":6},"end":{"line":693,"column":7}},"350":{"start":{"line":689,"column":8},"end":{"line":689,"column":33}},"351":{"start":{"line":691,"column":8},"end":{"line":691,"column":33}},"352":{"start":{"line":692,"column":8},"end":{"line":692,"column":49}},"353":{"start":{"line":694,"column":6},"end":{"line":694,"column":27}},"354":{"start":{"line":694,"column":17},"end":{"line":694,"column":27}},"355":{"start":{"line":695,"column":6},"end":{"line":695,"column":17}},"356":{"start":{"line":703,"column":8},"end":{"line":705,"column":18}},"357":{"start":{"line":706,"column":6},"end":{"line":706,"column":36}},"358":{"start":{"line":706,"column":24},"end":{"line":706,"column":36}},"359":{"start":{"line":707,"column":15},"end":{"line":707,"column":41}},"360":{"start":{"line":708,"column":6},"end":{"line":708,"column":68}},"361":{"start":{"line":714,"column":6},"end":{"line":714,"column":18}},"362":{"start":{"line":719,"column":6},"end":{"line":719,"column":51}},"363":{"start":{"line":724,"column":6},"end":{"line":724,"column":41}},"364":{"start":{"line":729,"column":6},"end":{"line":729,"column":73}},"365":{"start":{"line":735,"column":6},"end":{"line":735,"column":59}},"366":{"start":{"line":735,"column":47},"end":{"line":735,"column":59}},"367":{"start":{"line":736,"column":6},"end":{"line":736,"column":51}},"368":{"start":{"line":737,"column":18},"end":{"line":737,"column":78}},"369":{"start":{"line":738,"column":6},"end":{"line":738,"column":30}},"370":{"start":{"line":738,"column":18},"end":{"line":738,"column":30}},"371":{"start":{"line":739,"column":6},"end":{"line":739,"column":88}},"372":{"start":{"line":740,"column":6},"end":{"line":740,"column":19}},"373":{"start":{"line":758,"column":19},"end":{"line":766,"column":3}},"374":{"start":{"line":759,"column":4},"end":{"line":759,"column":30}},"375":{"start":{"line":760,"column":4},"end":{"line":760,"column":46}},"376":{"start":{"line":761,"column":4},"end":{"line":761,"column":50}},"377":{"start":{"line":761,"column":23},"end":{"line":761,"column":50}},"378":{"start":{"line":762,"column":4},"end":{"line":762,"column":76}},"379":{"start":{"line":762,"column":39},"end":{"line":762,"column":76}},"380":{"start":{"line":763,"column":4},"end":{"line":763,"column":18}},"381":{"start":{"line":764,"column":4},"end":{"line":764,"column":43}},"382":{"start":{"line":765,"column":4},"end":{"line":765,"column":70}},"383":{"start":{"line":765,"column":16},"end":{"line":765,"column":70}},"384":{"start":{"line":769,"column":19},"end":{"line":769,"column":57}},"385":{"start":{"line":770,"column":19},"end":{"line":770,"column":45}},"386":{"start":{"line":773,"column":15},"end":{"line":781,"column":3}},"387":{"start":{"line":774,"column":4},"end":{"line":774,"column":49}},"388":{"start":{"line":775,"column":15},"end":{"line":775,"column":39}},"389":{"start":{"line":776,"column":17},"end":{"line":776,"column":30}},"390":{"start":{"line":778,"column":4},"end":{"line":778,"column":62}},"391":{"start":{"line":778,"column":38},"end":{"line":778,"column":62}},"392":{"start":{"line":779,"column":4},"end":{"line":779,"column":59}},"393":{"start":{"line":779,"column":33},"end":{"line":779,"column":59}},"394":{"start":{"line":780,"column":4},"end":{"line":780,"column":71}},"395":{"start":{"line":780,"column":38},"end":{"line":780,"column":71}},"396":{"start":{"line":784,"column":2},"end":{"line":1214,"column":5}},"397":{"start":{"line":802,"column":6},"end":{"line":802,"column":73}},"398":{"start":{"line":802,"column":40},"end":{"line":802,"column":69}},"399":{"start":{"line":807,"column":6},"end":{"line":807,"column":50}},"400":{"start":{"line":814,"column":6},"end":{"line":814,"column":77}},"401":{"start":{"line":819,"column":6},"end":{"line":819,"column":38}},"402":{"start":{"line":820,"column":21},"end":{"line":820,"column":39}},"403":{"start":{"line":821,"column":6},"end":{"line":821,"column":52}},"404":{"start":{"line":822,"column":20},"end":{"line":822,"column":55}},"405":{"start":{"line":823,"column":6},"end":{"line":826,"column":7}},"406":{"start":{"line":824,"column":8},"end":{"line":824,"column":68}},"407":{"start":{"line":825,"column":8},"end":{"line":825,"column":46}},"408":{"start":{"line":827,"column":6},"end":{"line":827,"column":45}},"409":{"start":{"line":835,"column":6},"end":{"line":835,"column":33}},"410":{"start":{"line":835,"column":26},"end":{"line":835,"column":33}},"411":{"start":{"line":837,"column":6},"end":{"line":837,"column":50}},"412":{"start":{"line":838,"column":6},"end":{"line":840,"column":7}},"413":{"start":{"line":839,"column":8},"end":{"line":839,"column":51}},"414":{"start":{"line":842,"column":21},"end":{"line":842,"column":39}},"415":{"start":{"line":843,"column":6},"end":{"line":843,"column":52}},"416":{"start":{"line":845,"column":15},"end":{"line":845,"column":25}},"417":{"start":{"line":846,"column":6},"end":{"line":846,"column":31}},"418":{"start":{"line":846,"column":22},"end":{"line":846,"column":31}},"419":{"start":{"line":847,"column":6},"end":{"line":847,"column":45}},"420":{"start":{"line":847,"column":28},"end":{"line":847,"column":45}},"421":{"start":{"line":848,"column":6},"end":{"line":848,"column":40}},"422":{"start":{"line":848,"column":18},"end":{"line":848,"column":40}},"423":{"start":{"line":850,"column":16},"end":{"line":850,"column":18}},"424":{"start":{"line":851,"column":18},"end":{"line":851,"column":20}},"425":{"start":{"line":852,"column":20},"end":{"line":852,"column":22}},"426":{"start":{"line":853,"column":21},"end":{"line":853,"column":23}},"427":{"start":{"line":854,"column":21},"end":{"line":854,"column":23}},"428":{"start":{"line":856,"column":16},"end":{"line":856,"column":27}},"429":{"start":{"line":857,"column":18},"end":{"line":857,"column":31}},"430":{"start":{"line":858,"column":19},"end":{"line":858,"column":33}},"431":{"start":{"line":860,"column":17},"end":{"line":860,"column":22}},"432":{"start":{"line":861,"column":21},"end":{"line":861,"column":76}},"433":{"start":{"line":862,"column":21},"end":{"line":862,"column":73}},"434":{"start":{"line":867,"column":6},"end":{"line":897,"column":7}},"435":{"start":{"line":868,"column":8},"end":{"line":868,"column":26}},"436":{"start":{"line":872,"column":23},"end":{"line":872,"column":38}},"437":{"start":{"line":873,"column":8},"end":{"line":896,"column":9}},"438":{"start":{"line":874,"column":10},"end":{"line":880,"column":11}},"439":{"start":{"line":875,"column":24},"end":{"line":875,"column":71}},"440":{"start":{"line":876,"column":12},"end":{"line":876,"column":70}},"441":{"start":{"line":876,"column":31},"end":{"line":876,"column":70}},"442":{"start":{"line":877,"column":12},"end":{"line":877,"column":41}},"443":{"start":{"line":878,"column":12},"end":{"line":878,"column":35}},"444":{"start":{"line":879,"column":12},"end":{"line":879,"column":72}},"445":{"start":{"line":879,"column":35},"end":{"line":879,"column":72}},"446":{"start":{"line":881,"column":10},"end":{"line":884,"column":11}},"447":{"start":{"line":882,"column":12},"end":{"line":882,"column":42}},"448":{"start":{"line":883,"column":12},"end":{"line":883,"column":31}},"449":{"start":{"line":885,"column":10},"end":{"line":885,"column":31}},"450":{"start":{"line":888,"column":15},"end":{"line":896,"column":9}},"451":{"start":{"line":889,"column":10},"end":{"line":889,"column":65}},"452":{"start":{"line":890,"column":10},"end":{"line":895,"column":11}},"453":{"start":{"line":891,"column":12},"end":{"line":891,"column":30}},"454":{"start":{"line":892,"column":12},"end":{"line":892,"column":47}},"455":{"start":{"line":893,"column":12},"end":{"line":893,"column":39}},"456":{"start":{"line":894,"column":12},"end":{"line":894,"column":28}},"457":{"start":{"line":900,"column":6},"end":{"line":906,"column":7}},"458":{"start":{"line":901,"column":8},"end":{"line":904,"column":9}},"459":{"start":{"line":902,"column":10},"end":{"line":902,"column":33}},"460":{"start":{"line":903,"column":10},"end":{"line":903,"column":57}},"461":{"start":{"line":903,"column":36},"end":{"line":903,"column":57}},"462":{"start":{"line":905,"column":8},"end":{"line":905,"column":67}},"463":{"start":{"line":905,"column":29},"end":{"line":905,"column":67}},"464":{"start":{"line":909,"column":25},"end":{"line":909,"column":30}},"465":{"start":{"line":910,"column":20},"end":{"line":910,"column":46}},"466":{"start":{"line":911,"column":6},"end":{"line":922,"column":7}},"467":{"start":{"line":912,"column":8},"end":{"line":914,"column":11}},"468":{"start":{"line":913,"column":10},"end":{"line":913,"column":34}},"469":{"start":{"line":915,"column":8},"end":{"line":915,"column":31}},"470":{"start":{"line":916,"column":8},"end":{"line":916,"column":36}},"471":{"start":{"line":917,"column":8},"end":{"line":917,"column":41}},"472":{"start":{"line":918,"column":13},"end":{"line":922,"column":7}},"473":{"start":{"line":919,"column":8},"end":{"line":919,"column":34}},"474":{"start":{"line":919,"column":22},"end":{"line":919,"column":34}},"475":{"start":{"line":920,"column":8},"end":{"line":920,"column":66}},"476":{"start":{"line":921,"column":8},"end":{"line":921,"column":41}},"477":{"start":{"line":925,"column":6},"end":{"line":925,"column":42}},"478":{"start":{"line":925,"column":16},"end":{"line":925,"column":42}},"479":{"start":{"line":928,"column":6},"end":{"line":943,"column":7}},"480":{"start":{"line":929,"column":8},"end":{"line":933,"column":9}},"481":{"start":{"line":930,"column":10},"end":{"line":930,"column":49}},"482":{"start":{"line":930,"column":26},"end":{"line":930,"column":49}},"483":{"start":{"line":931,"column":10},"end":{"line":931,"column":27}},"484":{"start":{"line":932,"column":10},"end":{"line":932,"column":53}},"485":{"start":{"line":934,"column":8},"end":{"line":934,"column":70}},"486":{"start":{"line":934,"column":34},"end":{"line":934,"column":70}},"487":{"start":{"line":935,"column":8},"end":{"line":942,"column":9}},"488":{"start":{"line":936,"column":10},"end":{"line":940,"column":12}},"489":{"start":{"line":941,"column":10},"end":{"line":941,"column":48}},"490":{"start":{"line":946,"column":6},"end":{"line":946,"column":43}},"491":{"start":{"line":954,"column":6},"end":{"line":954,"column":48}},"492":{"start":{"line":955,"column":6},"end":{"line":957,"column":7}},"493":{"start":{"line":956,"column":8},"end":{"line":956,"column":55}},"494":{"start":{"line":958,"column":6},"end":{"line":958,"column":43}},"495":{"start":{"line":959,"column":6},"end":{"line":959,"column":20}},"496":{"start":{"line":960,"column":6},"end":{"line":960,"column":67}},"497":{"start":{"line":961,"column":6},"end":{"line":961,"column":64}},"498":{"start":{"line":961,"column":27},"end":{"line":961,"column":64}},"499":{"start":{"line":962,"column":6},"end":{"line":962,"column":20}},"500":{"start":{"line":967,"column":6},"end":{"line":967,"column":67}},"501":{"start":{"line":972,"column":18},"end":{"line":972,"column":42}},"502":{"start":{"line":973,"column":6},"end":{"line":973,"column":41}},"503":{"start":{"line":978,"column":6},"end":{"line":978,"column":57}},"504":{"start":{"line":983,"column":18},"end":{"line":983,"column":28}},"505":{"start":{"line":984,"column":6},"end":{"line":984,"column":41}},"506":{"start":{"line":989,"column":6},"end":{"line":989,"column":49}},"507":{"start":{"line":995,"column":6},"end":{"line":995,"column":37}},"508":{"start":{"line":995,"column":23},"end":{"line":995,"column":37}},"509":{"start":{"line":996,"column":6},"end":{"line":998,"column":39}},"510":{"start":{"line":1003,"column":6},"end":{"line":1003,"column":35}},"511":{"start":{"line":1008,"column":6},"end":{"line":1008,"column":42}},"512":{"start":{"line":1008,"column":21},"end":{"line":1008,"column":42}},"513":{"start":{"line":1009,"column":6},"end":{"line":1009,"column":32}},"514":{"start":{"line":1015,"column":6},"end":{"line":1015,"column":52}},"515":{"start":{"line":1021,"column":6},"end":{"line":1021,"column":37}},"516":{"start":{"line":1028,"column":23},"end":{"line":1028,"column":38}},"517":{"start":{"line":1029,"column":6},"end":{"line":1029,"column":81}},"518":{"start":{"line":1029,"column":23},"end":{"line":1029,"column":81}},"519":{"start":{"line":1030,"column":6},"end":{"line":1030,"column":32}},"520":{"start":{"line":1032,"column":19},"end":{"line":1032,"column":36}},"521":{"start":{"line":1033,"column":6},"end":{"line":1033,"column":71}},"522":{"start":{"line":1033,"column":36},"end":{"line":1033,"column":71}},"523":{"start":{"line":1036,"column":6},"end":{"line":1040,"column":7}},"524":{"start":{"line":1037,"column":8},"end":{"line":1037,"column":46}},"525":{"start":{"line":1039,"column":8},"end":{"line":1039,"column":37}},"526":{"start":{"line":1041,"column":6},"end":{"line":1041,"column":63}},"527":{"start":{"line":1041,"column":27},"end":{"line":1041,"column":63}},"528":{"start":{"line":1042,"column":6},"end":{"line":1042,"column":18}},"529":{"start":{"line":1047,"column":6},"end":{"line":1047,"column":33}},"530":{"start":{"line":1054,"column":6},"end":{"line":1054,"column":49}},"531":{"start":{"line":1055,"column":20},"end":{"line":1055,"column":35}},"532":{"start":{"line":1056,"column":23},"end":{"line":1056,"column":27}},"533":{"start":{"line":1057,"column":6},"end":{"line":1062,"column":8}},"534":{"start":{"line":1058,"column":21},"end":{"line":1058,"column":52}},"535":{"start":{"line":1059,"column":8},"end":{"line":1059,"column":42}},"536":{"start":{"line":1060,"column":8},"end":{"line":1060,"column":78}},"537":{"start":{"line":1060,"column":21},"end":{"line":1060,"column":78}},"538":{"start":{"line":1061,"column":8},"end":{"line":1061,"column":62}},"539":{"start":{"line":1063,"column":6},"end":{"line":1063,"column":31}},"540":{"start":{"line":1064,"column":6},"end":{"line":1064,"column":46}},"541":{"start":{"line":1071,"column":6},"end":{"line":1071,"column":48}},"542":{"start":{"line":1072,"column":17},"end":{"line":1072,"column":29}},"543":{"start":{"line":1073,"column":6},"end":{"line":1073,"column":49}},"544":{"start":{"line":1074,"column":6},"end":{"line":1074,"column":31}},"545":{"start":{"line":1074,"column":18},"end":{"line":1074,"column":31}},"546":{"start":{"line":1075,"column":6},"end":{"line":1075,"column":42}},"547":{"start":{"line":1075,"column":17},"end":{"line":1075,"column":42}},"548":{"start":{"line":1076,"column":23},"end":{"line":1076,"column":27}},"549":{"start":{"line":1077,"column":20},"end":{"line":1077,"column":35}},"550":{"start":{"line":1078,"column":6},"end":{"line":1081,"column":8}},"551":{"start":{"line":1079,"column":8},"end":{"line":1079,"column":50}},"552":{"start":{"line":1079,"column":18},"end":{"line":1079,"column":50}},"553":{"start":{"line":1080,"column":8},"end":{"line":1080,"column":79}},"554":{"start":{"line":1080,"column":21},"end":{"line":1080,"column":79}},"555":{"start":{"line":1082,"column":6},"end":{"line":1082,"column":32}},"556":{"start":{"line":1083,"column":6},"end":{"line":1083,"column":19}},"557":{"start":{"line":1089,"column":6},"end":{"line":1089,"column":18}},"558":{"start":{"line":1094,"column":6},"end":{"line":1097,"column":9}},"559":{"start":{"line":1102,"column":6},"end":{"line":1102,"column":61}},"560":{"start":{"line":1107,"column":6},"end":{"line":1107,"column":59}},"561":{"start":{"line":1112,"column":6},"end":{"line":1112,"column":57}},"562":{"start":{"line":1117,"column":6},"end":{"line":1117,"column":63}},"563":{"start":{"line":1123,"column":6},"end":{"line":1123,"column":22}},"564":{"start":{"line":1124,"column":6},"end":{"line":1124,"column":23}},"565":{"start":{"line":1125,"column":6},"end":{"line":1125,"column":23}},"566":{"start":{"line":1131,"column":6},"end":{"line":1134,"column":7}},"567":{"start":{"line":1132,"column":8},"end":{"line":1132,"column":55}},"568":{"start":{"line":1132,"column":31},"end":{"line":1132,"column":55}},"569":{"start":{"line":1133,"column":8},"end":{"line":1133,"column":21}},"570":{"start":{"line":1135,"column":6},"end":{"line":1135,"column":48}},"571":{"start":{"line":1136,"column":6},"end":{"line":1136,"column":32}},"572":{"start":{"line":1137,"column":18},"end":{"line":1137,"column":48}},"573":{"start":{"line":1138,"column":6},"end":{"line":1138,"column":47}},"574":{"start":{"line":1138,"column":34},"end":{"line":1138,"column":47}},"575":{"start":{"line":1139,"column":6},"end":{"line":1139,"column":68}},"576":{"start":{"line":1140,"column":6},"end":{"line":1140,"column":19}},"577":{"start":{"line":1145,"column":20},"end":{"line":1145,"column":22}},"578":{"start":{"line":1146,"column":6},"end":{"line":1167,"column":7}},"579":{"start":{"line":1147,"column":20},"end":{"line":1147,"column":39}},"580":{"start":{"line":1148,"column":8},"end":{"line":1148,"column":29}},"581":{"start":{"line":1148,"column":20},"end":{"line":1148,"column":29}},"582":{"start":{"line":1150,"column":20},"end":{"line":1150,"column":39}},"583":{"start":{"line":1151,"column":8},"end":{"line":1151,"column":37}},"584":{"start":{"line":1152,"column":8},"end":{"line":1152,"column":22}},"585":{"start":{"line":1156,"column":8},"end":{"line":1156,"column":37}},"586":{"start":{"line":1157,"column":17},"end":{"line":1157,"column":47}},"587":{"start":{"line":1158,"column":8},"end":{"line":1158,"column":46}},"588":{"start":{"line":1158,"column":24},"end":{"line":1158,"column":46}},"589":{"start":{"line":1160,"column":8},"end":{"line":1163,"column":9}},"590":{"start":{"line":1161,"column":10},"end":{"line":1161,"column":32}},"591":{"start":{"line":1162,"column":10},"end":{"line":1162,"column":56}},"592":{"start":{"line":1165,"column":8},"end":{"line":1165,"column":28}},"593":{"start":{"line":1166,"column":8},"end":{"line":1166,"column":46}},"594":{"start":{"line":1168,"column":6},"end":{"line":1168,"column":21}},"595":{"start":{"line":1174,"column":6},"end":{"line":1174,"column":36}},"596":{"start":{"line":1179,"column":6},"end":{"line":1179,"column":36}},"597":{"start":{"line":1180,"column":15},"end":{"line":1180,"column":45}},"598":{"start":{"line":1181,"column":6},"end":{"line":1181,"column":45}},"599":{"start":{"line":1181,"column":22},"end":{"line":1181,"column":45}},"600":{"start":{"line":1182,"column":6},"end":{"line":1182,"column":48}},"601":{"start":{"line":1187,"column":6},"end":{"line":1187,"column":35}},"602":{"start":{"line":1188,"column":15},"end":{"line":1188,"column":45}},"603":{"start":{"line":1189,"column":6},"end":{"line":1189,"column":44}},"604":{"start":{"line":1189,"column":22},"end":{"line":1189,"column":44}},"605":{"start":{"line":1190,"column":6},"end":{"line":1190,"column":61}},"606":{"start":{"line":1190,"column":37},"end":{"line":1190,"column":61}},"607":{"start":{"line":1191,"column":6},"end":{"line":1191,"column":49}},"608":{"start":{"line":1199,"column":6},"end":{"line":1210,"column":7}},"609":{"start":{"line":1200,"column":8},"end":{"line":1200,"column":83}},"610":{"start":{"line":1200,"column":76},"end":{"line":1200,"column":83}},"611":{"start":{"line":1201,"column":8},"end":{"line":1201,"column":61}},"612":{"start":{"line":1201,"column":33},"end":{"line":1201,"column":61}},"613":{"start":{"line":1202,"column":8},"end":{"line":1209,"column":9}},"614":{"start":{"line":1203,"column":23},"end":{"line":1203,"column":63}},"615":{"start":{"line":1204,"column":19},"end":{"line":1204,"column":49}},"616":{"start":{"line":1205,"column":10},"end":{"line":1208,"column":11}},"617":{"start":{"line":1206,"column":12},"end":{"line":1206,"column":58}},"618":{"start":{"line":1206,"column":32},"end":{"line":1206,"column":58}},"619":{"start":{"line":1207,"column":12},"end":{"line":1207,"column":51}},"620":{"start":{"line":1207,"column":28},"end":{"line":1207,"column":51}},"621":{"start":{"line":1211,"column":6},"end":{"line":1211,"column":42}},"622":{"start":{"line":1219,"column":19},"end":{"line":1219,"column":66}},"623":{"start":{"line":1220,"column":2},"end":{"line":1222,"column":3}},"624":{"start":{"line":1221,"column":4},"end":{"line":1221,"column":67}},"625":{"start":{"line":1231,"column":27},"end":{"line":1235,"column":3}},"626":{"start":{"line":1232,"column":4},"end":{"line":1232,"column":34}},"627":{"start":{"line":1233,"column":4},"end":{"line":1233,"column":22}},"628":{"start":{"line":1234,"column":4},"end":{"line":1234,"column":20}},"629":{"start":{"line":1240,"column":24},"end":{"line":1240,"column":25}},"630":{"start":{"line":1241,"column":22},"end":{"line":1241,"column":23}},"631":{"start":{"line":1242,"column":28},"end":{"line":1242,"column":29}},"632":{"start":{"line":1245,"column":2},"end":{"line":1249,"column":3}},"633":{"start":{"line":1246,"column":4},"end":{"line":1248,"column":6}},"634":{"start":{"line":1247,"column":6},"end":{"line":1247,"column":18}},"635":{"start":{"line":1251,"column":2},"end":{"line":1280,"column":4}},"636":{"start":{"line":1252,"column":4},"end":{"line":1277,"column":5}},"637":{"start":{"line":1255,"column":6},"end":{"line":1272,"column":7}},"638":{"start":{"line":1256,"column":20},"end":{"line":1256,"column":52}},"639":{"start":{"line":1257,"column":8},"end":{"line":1257,"column":22}},"640":{"start":{"line":1261,"column":8},"end":{"line":1270,"column":9}},"641":{"start":{"line":1262,"column":10},"end":{"line":1262,"column":24}},"642":{"start":{"line":1264,"column":19},"end":{"line":1264,"column":61}},"643":{"start":{"line":1265,"column":10},"end":{"line":1269,"column":11}},"644":{"start":{"line":1266,"column":12},"end":{"line":1266,"column":23}},"645":{"start":{"line":1268,"column":12},"end":{"line":1268,"column":32}},"646":{"start":{"line":1271,"column":8},"end":{"line":1271,"column":43}},"647":{"start":{"line":1276,"column":6},"end":{"line":1276,"column":32}},"648":{"start":{"line":1279,"column":4},"end":{"line":1279,"column":39}},"649":{"start":{"line":1295,"column":13},"end":{"line":1301,"column":3}},"650":{"start":{"line":1296,"column":4},"end":{"line":1296,"column":34}},"651":{"start":{"line":1297,"column":4},"end":{"line":1297,"column":46}},"652":{"start":{"line":1298,"column":4},"end":{"line":1298,"column":49}},"653":{"start":{"line":1299,"column":4},"end":{"line":1299,"column":26}},"654":{"start":{"line":1300,"column":4},"end":{"line":1300,"column":43}},"655":{"start":{"line":1304,"column":30},"end":{"line":1304,"column":46}},"656":{"start":{"line":1307,"column":20},"end":{"line":1307,"column":103}},"657":{"start":{"line":1310,"column":2},"end":{"line":1448,"column":5}},"658":{"start":{"line":1318,"column":6},"end":{"line":1318,"column":37}},"659":{"start":{"line":1333,"column":6},"end":{"line":1333,"column":18}},"660":{"start":{"line":1339,"column":6},"end":{"line":1339,"column":28}},"661":{"start":{"line":1340,"column":6},"end":{"line":1340,"column":27}},"662":{"start":{"line":1341,"column":6},"end":{"line":1341,"column":18}},"663":{"start":{"line":1348,"column":6},"end":{"line":1348,"column":24}},"664":{"start":{"line":1354,"column":6},"end":{"line":1354,"column":30}},"665":{"start":{"line":1355,"column":6},"end":{"line":1355,"column":32}},"666":{"start":{"line":1356,"column":6},"end":{"line":1356,"column":28}},"667":{"start":{"line":1357,"column":6},"end":{"line":1357,"column":18}},"668":{"start":{"line":1366,"column":6},"end":{"line":1366,"column":64}},"669":{"start":{"line":1367,"column":6},"end":{"line":1367,"column":28}},"670":{"start":{"line":1384,"column":6},"end":{"line":1384,"column":52}},"671":{"start":{"line":1385,"column":6},"end":{"line":1385,"column":31}},"672":{"start":{"line":1385,"column":19},"end":{"line":1385,"column":31}},"673":{"start":{"line":1386,"column":6},"end":{"line":1386,"column":30}},"674":{"start":{"line":1387,"column":6},"end":{"line":1393,"column":7}},"675":{"start":{"line":1388,"column":21},"end":{"line":1388,"column":32}},"676":{"start":{"line":1389,"column":8},"end":{"line":1389,"column":57}},"677":{"start":{"line":1389,"column":35},"end":{"line":1389,"column":57}},"678":{"start":{"line":1390,"column":8},"end":{"line":1390,"column":30}},"679":{"start":{"line":1390,"column":21},"end":{"line":1390,"column":30}},"680":{"start":{"line":1391,"column":20},"end":{"line":1391,"column":52}},"681":{"start":{"line":1392,"column":8},"end":{"line":1392,"column":61}},"682":{"start":{"line":1394,"column":6},"end":{"line":1394,"column":18}},"683":{"start":{"line":1401,"column":6},"end":{"line":1401,"column":80}},"684":{"start":{"line":1402,"column":6},"end":{"line":1402,"column":18}},"685":{"start":{"line":1409,"column":6},"end":{"line":1409,"column":63}},"686":{"start":{"line":1409,"column":20},"end":{"line":1409,"column":63}},"687":{"start":{"line":1410,"column":6},"end":{"line":1410,"column":18}},"688":{"start":{"line":1416,"column":6},"end":{"line":1416,"column":81}},"689":{"start":{"line":1417,"column":6},"end":{"line":1417,"column":18}},"690":{"start":{"line":1423,"column":6},"end":{"line":1423,"column":45}},"691":{"start":{"line":1431,"column":6},"end":{"line":1439,"column":7}},"692":{"start":{"line":1432,"column":20},"end":{"line":1432,"column":62}},"693":{"start":{"line":1433,"column":8},"end":{"line":1433,"column":53}},"694":{"start":{"line":1433,"column":21},"end":{"line":1433,"column":53}},"695":{"start":{"line":1434,"column":8},"end":{"line":1434,"column":73}},"696":{"start":{"line":1434,"column":28},"end":{"line":1434,"column":73}},"697":{"start":{"line":1435,"column":8},"end":{"line":1435,"column":72}},"698":{"start":{"line":1436,"column":8},"end":{"line":1436,"column":35}},"699":{"start":{"line":1438,"column":8},"end":{"line":1438,"column":46}},"700":{"start":{"line":1445,"column":6},"end":{"line":1445,"column":32}},"701":{"start":{"line":1457,"column":18},"end":{"line":1477,"column":3}},"702":{"start":{"line":1458,"column":4},"end":{"line":1476,"column":5}},"703":{"start":{"line":1459,"column":14},"end":{"line":1461,"column":8}},"704":{"start":{"line":1460,"column":8},"end":{"line":1460,"column":45}},"705":{"start":{"line":1462,"column":14},"end":{"line":1464,"column":8}},"706":{"start":{"line":1463,"column":8},"end":{"line":1463,"column":52}},"707":{"start":{"line":1465,"column":14},"end":{"line":1467,"column":8}},"708":{"start":{"line":1466,"column":8},"end":{"line":1466,"column":74}},"709":{"start":{"line":1468,"column":14},"end":{"line":1470,"column":8}},"710":{"start":{"line":1469,"column":8},"end":{"line":1469,"column":86}},"711":{"start":{"line":1471,"column":15},"end":{"line":1475,"column":8}},"712":{"start":{"line":1472,"column":19},"end":{"line":1472,"column":40}},"713":{"start":{"line":1473,"column":8},"end":{"line":1473,"column":38}},"714":{"start":{"line":1474,"column":8},"end":{"line":1474,"column":46}},"715":{"start":{"line":1479,"column":29},"end":{"line":1483,"column":3}},"716":{"start":{"line":1480,"column":4},"end":{"line":1482,"column":7}},"717":{"start":{"line":1481,"column":6},"end":{"line":1481,"column":93}},"718":{"start":{"line":1481,"column":24},"end":{"line":1481,"column":93}},"719":{"start":{"line":1486,"column":11},"end":{"line":1491,"column":3}},"720":{"start":{"line":1487,"column":4},"end":{"line":1487,"column":48}},"721":{"start":{"line":1487,"column":32},"end":{"line":1487,"column":48}},"722":{"start":{"line":1488,"column":4},"end":{"line":1488,"column":92}},"723":{"start":{"line":1488,"column":62},"end":{"line":1488,"column":92}},"724":{"start":{"line":1489,"column":4},"end":{"line":1489,"column":85}},"725":{"start":{"line":1489,"column":30},"end":{"line":1489,"column":85}},"726":{"start":{"line":1489,"column":55},"end":{"line":1489,"column":82}},"727":{"start":{"line":1490,"column":4},"end":{"line":1490,"column":20}},"728":{"start":{"line":1492,"column":21},"end":{"line":1497,"column":3}},"729":{"start":{"line":1493,"column":18},"end":{"line":1493,"column":34}},"730":{"start":{"line":1494,"column":4},"end":{"line":1496,"column":6}},"731":{"start":{"line":1495,"column":6},"end":{"line":1495,"column":39}},"732":{"start":{"line":1502,"column":26},"end":{"line":1509,"column":60}},"733":{"start":{"line":1514,"column":21},"end":{"line":1515,"column":36}},"734":{"start":{"line":1519,"column":2},"end":{"line":1536,"column":5}},"735":{"start":{"line":1523,"column":15},"end":{"line":1523,"column":24}},"736":{"start":{"line":1524,"column":18},"end":{"line":1524,"column":27}},"737":{"start":{"line":1525,"column":20},"end":{"line":1525,"column":29}},"738":{"start":{"line":1527,"column":4},"end":{"line":1533,"column":6}},"739":{"start":{"line":1528,"column":21},"end":{"line":1531,"column":12}},"740":{"start":{"line":1529,"column":8},"end":{"line":1529,"column":23}},"741":{"start":{"line":1530,"column":8},"end":{"line":1530,"column":20}},"742":{"start":{"line":1532,"column":6},"end":{"line":1532,"column":59}},"743":{"start":{"line":1535,"column":4},"end":{"line":1535,"column":54}},"744":{"start":{"line":1556,"column":2},"end":{"line":1614,"column":4}},"745":{"start":{"line":1557,"column":15},"end":{"line":1557,"column":32}},"746":{"start":{"line":1560,"column":4},"end":{"line":1563,"column":7}},"747":{"start":{"line":1566,"column":17},"end":{"line":1566,"column":47}},"748":{"start":{"line":1569,"column":4},"end":{"line":1571,"column":5}},"749":{"start":{"line":1570,"column":6},"end":{"line":1570,"column":56}},"750":{"start":{"line":1574,"column":4},"end":{"line":1577,"column":5}},"751":{"start":{"line":1575,"column":6},"end":{"line":1575,"column":46}},"752":{"start":{"line":1576,"column":6},"end":{"line":1576,"column":75}},"753":{"start":{"line":1580,"column":4},"end":{"line":1583,"column":5}},"754":{"start":{"line":1581,"column":6},"end":{"line":1581,"column":63}},"755":{"start":{"line":1582,"column":6},"end":{"line":1582,"column":60}},"756":{"start":{"line":1587,"column":4},"end":{"line":1595,"column":5}},"757":{"start":{"line":1588,"column":6},"end":{"line":1588,"column":27}},"758":{"start":{"line":1589,"column":6},"end":{"line":1589,"column":58}},"759":{"start":{"line":1589,"column":31},"end":{"line":1589,"column":58}},"760":{"start":{"line":1590,"column":23},"end":{"line":1590,"column":41}},"761":{"start":{"line":1591,"column":6},"end":{"line":1594,"column":8}},"762":{"start":{"line":1592,"column":8},"end":{"line":1592,"column":61}},"763":{"start":{"line":1593,"column":8},"end":{"line":1593,"column":65}},"764":{"start":{"line":1593,"column":24},"end":{"line":1593,"column":65}},"765":{"start":{"line":1598,"column":4},"end":{"line":1600,"column":5}},"766":{"start":{"line":1599,"column":6},"end":{"line":1599,"column":33}},"767":{"start":{"line":1603,"column":16},"end":{"line":1603,"column":29}},"768":{"start":{"line":1604,"column":4},"end":{"line":1608,"column":6}},"769":{"start":{"line":1605,"column":6},"end":{"line":1605,"column":38}},"770":{"start":{"line":1606,"column":6},"end":{"line":1606,"column":40}},"771":{"start":{"line":1607,"column":6},"end":{"line":1607,"column":75}},"772":{"start":{"line":1607,"column":17},"end":{"line":1607,"column":75}},"773":{"start":{"line":1611,"column":14},"end":{"line":1611,"column":68}},"774":{"start":{"line":1612,"column":4},"end":{"line":1612,"column":50}},"775":{"start":{"line":1613,"column":4},"end":{"line":1613,"column":15}},"776":{"start":{"line":1617,"column":18},"end":{"line":1623,"column":3}},"777":{"start":{"line":1627,"column":2},"end":{"line":1629,"column":4}},"778":{"start":{"line":1628,"column":4},"end":{"line":1628,"column":56}},"779":{"start":{"line":1636,"column":15},"end":{"line":1642,"column":3}},"780":{"start":{"line":1637,"column":4},"end":{"line":1637,"column":30}},"781":{"start":{"line":1638,"column":4},"end":{"line":1638,"column":46}},"782":{"start":{"line":1639,"column":4},"end":{"line":1639,"column":53}},"783":{"start":{"line":1639,"column":24},"end":{"line":1639,"column":53}},"784":{"start":{"line":1640,"column":4},"end":{"line":1640,"column":23}},"785":{"start":{"line":1641,"column":4},"end":{"line":1641,"column":43}},"786":{"start":{"line":1646,"column":22},"end":{"line":1646,"column":34}},"787":{"start":{"line":1647,"column":22},"end":{"line":1647,"column":36}},"788":{"start":{"line":1648,"column":22},"end":{"line":1648,"column":30}},"789":{"start":{"line":1649,"column":22},"end":{"line":1649,"column":48}},"790":{"start":{"line":1652,"column":2},"end":{"line":1735,"column":5}},"791":{"start":{"line":1669,"column":6},"end":{"line":1669,"column":65}},"792":{"start":{"line":1669,"column":30},"end":{"line":1669,"column":65}},"793":{"start":{"line":1670,"column":6},"end":{"line":1673,"column":7}},"794":{"start":{"line":1671,"column":8},"end":{"line":1671,"column":24}},"795":{"start":{"line":1672,"column":8},"end":{"line":1672,"column":18}},"796":{"start":{"line":1674,"column":6},"end":{"line":1674,"column":43}},"797":{"start":{"line":1674,"column":21},"end":{"line":1674,"column":43}},"798":{"start":{"line":1675,"column":19},"end":{"line":1675,"column":23}},"799":{"start":{"line":1676,"column":6},"end":{"line":1683,"column":9}},"800":{"start":{"line":1677,"column":19},"end":{"line":1677,"column":61}},"801":{"start":{"line":1678,"column":8},"end":{"line":1682,"column":9}},"802":{"start":{"line":1679,"column":10},"end":{"line":1679,"column":71}},"803":{"start":{"line":1680,"column":10},"end":{"line":1680,"column":46}},"804":{"start":{"line":1681,"column":10},"end":{"line":1681,"column":64}},"805":{"start":{"line":1684,"column":6},"end":{"line":1684,"column":18}},"806":{"start":{"line":1690,"column":6},"end":{"line":1690,"column":47}},"807":{"start":{"line":1690,"column":20},"end":{"line":1690,"column":47}},"808":{"start":{"line":1695,"column":6},"end":{"line":1695,"column":51}},"809":{"start":{"line":1696,"column":6},"end":{"line":1696,"column":18}},"810":{"start":{"line":1703,"column":6},"end":{"line":1703,"column":31}},"811":{"start":{"line":1703,"column":24},"end":{"line":1703,"column":31}},"812":{"start":{"line":1704,"column":6},"end":{"line":1704,"column":45}},"813":{"start":{"line":1705,"column":26},"end":{"line":1705,"column":45}},"814":{"start":{"line":1706,"column":6},"end":{"line":1708,"column":7}},"815":{"start":{"line":1707,"column":8},"end":{"line":1707,"column":46}},"816":{"start":{"line":1714,"column":6},"end":{"line":1719,"column":52}},"817":{"start":{"line":1717,"column":21},"end":{"line":1717,"column":58}},"818":{"start":{"line":1720,"column":6},"end":{"line":1720,"column":62}},"819":{"start":{"line":1727,"column":19},"end":{"line":1727,"column":48}},"820":{"start":{"line":1728,"column":6},"end":{"line":1732,"column":9}},"821":{"start":{"line":1730,"column":8},"end":{"line":1730,"column":58}},"822":{"start":{"line":1730,"column":37},"end":{"line":1730,"column":58}},"823":{"start":{"line":1731,"column":8},"end":{"line":1731,"column":56}},"824":{"start":{"line":1745,"column":16},"end":{"line":1754,"column":3}},"825":{"start":{"line":1746,"column":4},"end":{"line":1746,"column":23}},"826":{"start":{"line":1747,"column":4},"end":{"line":1747,"column":45}},"827":{"start":{"line":1750,"column":4},"end":{"line":1753,"column":5}},"828":{"start":{"line":1751,"column":6},"end":{"line":1751,"column":38}},"829":{"start":{"line":1752,"column":6},"end":{"line":1752,"column":36}},"830":{"start":{"line":1757,"column":22},"end":{"line":1757,"column":36}},"831":{"start":{"line":1760,"column":21},"end":{"line":1760,"column":33}},"832":{"start":{"line":1763,"column":21},"end":{"line":1763,"column":27}},"833":{"start":{"line":1766,"column":2},"end":{"line":1766,"column":26}},"834":{"start":{"line":1769,"column":2},"end":{"line":2039,"column":5}},"835":{"start":{"line":1777,"column":17},"end":{"line":1777,"column":64}},"836":{"start":{"line":1778,"column":6},"end":{"line":1778,"column":53}},"837":{"start":{"line":1783,"column":17},"end":{"line":1783,"column":60}},"838":{"start":{"line":1784,"column":21},"end":{"line":1784,"column":62}},"839":{"start":{"line":1785,"column":6},"end":{"line":1785,"column":36}},"840":{"start":{"line":1792,"column":6},"end":{"line":1792,"column":58}},"841":{"start":{"line":1798,"column":18},"end":{"line":1798,"column":69}},"842":{"start":{"line":1799,"column":6},"end":{"line":1799,"column":35}},"843":{"start":{"line":1805,"column":18},"end":{"line":1805,"column":64}},"844":{"start":{"line":1806,"column":6},"end":{"line":1806,"column":35}},"845":{"start":{"line":1811,"column":17},"end":{"line":1813,"column":35}},"846":{"start":{"line":1814,"column":6},"end":{"line":1814,"column":59}},"847":{"start":{"line":1819,"column":6},"end":{"line":1825,"column":7}},"848":{"start":{"line":1820,"column":8},"end":{"line":1824,"column":9}},"849":{"start":{"line":1821,"column":10},"end":{"line":1821,"column":36}},"850":{"start":{"line":1823,"column":10},"end":{"line":1823,"column":36}},"851":{"start":{"line":1826,"column":6},"end":{"line":1826,"column":49}},"852":{"start":{"line":1832,"column":6},"end":{"line":1832,"column":88}},"853":{"start":{"line":1832,"column":27},"end":{"line":1832,"column":88}},"854":{"start":{"line":1833,"column":6},"end":{"line":1833,"column":29}},"855":{"start":{"line":1837,"column":6},"end":{"line":1837,"column":75}},"856":{"start":{"line":1838,"column":6},"end":{"line":1838,"column":48}},"857":{"start":{"line":1839,"column":6},"end":{"line":1839,"column":64}},"858":{"start":{"line":1840,"column":6},"end":{"line":1840,"column":122}},"859":{"start":{"line":1841,"column":6},"end":{"line":1841,"column":75}},"860":{"start":{"line":1842,"column":6},"end":{"line":1842,"column":55}},"861":{"start":{"line":1843,"column":6},"end":{"line":1843,"column":73}},"862":{"start":{"line":1844,"column":6},"end":{"line":1844,"column":73}},"863":{"start":{"line":1845,"column":6},"end":{"line":1845,"column":49}},"864":{"start":{"line":1848,"column":6},"end":{"line":1848,"column":69}},"865":{"start":{"line":1852,"column":6},"end":{"line":1868,"column":7}},"866":{"start":{"line":1856,"column":8},"end":{"line":1866,"column":9}},"867":{"start":{"line":1857,"column":25},"end":{"line":1857,"column":54}},"868":{"start":{"line":1858,"column":10},"end":{"line":1858,"column":65}},"869":{"start":{"line":1860,"column":10},"end":{"line":1860,"column":22}},"870":{"start":{"line":1864,"column":15},"end":{"line":1866,"column":9}},"871":{"start":{"line":1865,"column":10},"end":{"line":1865,"column":57}},"872":{"start":{"line":1873,"column":6},"end":{"line":1884,"column":7}},"873":{"start":{"line":1874,"column":8},"end":{"line":1874,"column":55}},"874":{"start":{"line":1875,"column":8},"end":{"line":1875,"column":41}},"875":{"start":{"line":1876,"column":8},"end":{"line":1876,"column":43}},"876":{"start":{"line":1877,"column":8},"end":{"line":1877,"column":34}},"877":{"start":{"line":1878,"column":19},"end":{"line":1878,"column":32}},"878":{"start":{"line":1880,"column":22},"end":{"line":1880,"column":83}},"879":{"start":{"line":1881,"column":8},"end":{"line":1881,"column":32}},"880":{"start":{"line":1882,"column":8},"end":{"line":1882,"column":33}},"881":{"start":{"line":1883,"column":8},"end":{"line":1883,"column":52}},"882":{"start":{"line":1887,"column":29},"end":{"line":1889,"column":7}},"883":{"start":{"line":1888,"column":8},"end":{"line":1888,"column":55}},"884":{"start":{"line":1893,"column":6},"end":{"line":1899,"column":7}},"885":{"start":{"line":1894,"column":8},"end":{"line":1894,"column":59}},"886":{"start":{"line":1895,"column":13},"end":{"line":1899,"column":7}},"887":{"start":{"line":1896,"column":8},"end":{"line":1896,"column":61}},"888":{"start":{"line":1897,"column":13},"end":{"line":1899,"column":7}},"889":{"start":{"line":1898,"column":8},"end":{"line":1898,"column":75}},"890":{"start":{"line":1901,"column":6},"end":{"line":1901,"column":54}},"891":{"start":{"line":1901,"column":32},"end":{"line":1901,"column":54}},"892":{"start":{"line":1908,"column":32},"end":{"line":1910,"column":7}},"893":{"start":{"line":1909,"column":8},"end":{"line":1909,"column":55}},"894":{"start":{"line":1913,"column":6},"end":{"line":1917,"column":7}},"895":{"start":{"line":1914,"column":8},"end":{"line":1914,"column":62}},"896":{"start":{"line":1915,"column":13},"end":{"line":1917,"column":7}},"897":{"start":{"line":1916,"column":8},"end":{"line":1916,"column":64}},"898":{"start":{"line":1920,"column":6},"end":{"line":1923,"column":7}},"899":{"start":{"line":1921,"column":8},"end":{"line":1921,"column":47}},"900":{"start":{"line":1922,"column":8},"end":{"line":1922,"column":27}},"901":{"start":{"line":1926,"column":6},"end":{"line":1926,"column":72}},"902":{"start":{"line":1926,"column":34},"end":{"line":1926,"column":72}},"903":{"start":{"line":1927,"column":6},"end":{"line":1927,"column":30}},"904":{"start":{"line":1933,"column":6},"end":{"line":1933,"column":64}},"905":{"start":{"line":1939,"column":20},"end":{"line":1939,"column":38}},"906":{"start":{"line":1943,"column":6},"end":{"line":1945,"column":7}},"907":{"start":{"line":1944,"column":8},"end":{"line":1944,"column":58}},"908":{"start":{"line":1947,"column":6},"end":{"line":1947,"column":50}},"909":{"start":{"line":1947,"column":37},"end":{"line":1947,"column":50}},"910":{"start":{"line":1948,"column":6},"end":{"line":1948,"column":46}},"911":{"start":{"line":1948,"column":23},"end":{"line":1948,"column":46}},"912":{"start":{"line":1949,"column":6},"end":{"line":1949,"column":21}},"913":{"start":{"line":1957,"column":6},"end":{"line":1957,"column":42}},"914":{"start":{"line":1957,"column":29},"end":{"line":1957,"column":42}},"915":{"start":{"line":1958,"column":6},"end":{"line":1958,"column":60}},"916":{"start":{"line":1959,"column":6},"end":{"line":1964,"column":9}},"917":{"start":{"line":1960,"column":8},"end":{"line":1963,"column":9}},"918":{"start":{"line":1961,"column":10},"end":{"line":1961,"column":37}},"919":{"start":{"line":1962,"column":10},"end":{"line":1962,"column":22}},"920":{"start":{"line":1975,"column":6},"end":{"line":1975,"column":41}},"921":{"start":{"line":1975,"column":28},"end":{"line":1975,"column":41}},"922":{"start":{"line":1976,"column":6},"end":{"line":1976,"column":71}},"923":{"start":{"line":1976,"column":40},"end":{"line":1976,"column":71}},"924":{"start":{"line":1979,"column":6},"end":{"line":1979,"column":50}},"925":{"start":{"line":1982,"column":21},"end":{"line":1982,"column":30}},"926":{"start":{"line":1983,"column":6},"end":{"line":1985,"column":7}},"927":{"start":{"line":1984,"column":8},"end":{"line":1984,"column":48}},"928":{"start":{"line":1986,"column":16},"end":{"line":1986,"column":35}},"929":{"start":{"line":1989,"column":6},"end":{"line":1989,"column":52}},"930":{"start":{"line":1992,"column":28},"end":{"line":1992,"column":57}},"931":{"start":{"line":1994,"column":6},"end":{"line":1994,"column":52}},"932":{"start":{"line":1994,"column":45},"end":{"line":1994,"column":52}},"933":{"start":{"line":1995,"column":6},"end":{"line":1995,"column":38}},"934":{"start":{"line":1998,"column":6},"end":{"line":2023,"column":7}},"935":{"start":{"line":1999,"column":8},"end":{"line":1999,"column":94}},"936":{"start":{"line":2003,"column":13},"end":{"line":2023,"column":7}},"937":{"start":{"line":2004,"column":8},"end":{"line":2004,"column":67}},"938":{"start":{"line":2005,"column":8},"end":{"line":2017,"column":9}},"939":{"start":{"line":2006,"column":24},"end":{"line":2006,"column":49}},"940":{"start":{"line":2011,"column":10},"end":{"line":2014,"column":11}},"941":{"start":{"line":2012,"column":12},"end":{"line":2012,"column":36}},"942":{"start":{"line":2013,"column":12},"end":{"line":2013,"column":37}},"943":{"start":{"line":2016,"column":10},"end":{"line":2016,"column":72}},"944":{"start":{"line":2022,"column":8},"end":{"line":2022,"column":41}},"945":{"start":{"line":2024,"column":6},"end":{"line":2024,"column":57}},"946":{"start":{"line":2024,"column":27},"end":{"line":2024,"column":57}},"947":{"start":{"line":2030,"column":6},"end":{"line":2036,"column":7}},"948":{"start":{"line":2031,"column":19},"end":{"line":2031,"column":66}},"949":{"start":{"line":2032,"column":8},"end":{"line":2032,"column":48}},"950":{"start":{"line":2035,"column":8},"end":{"line":2035,"column":39}},"951":{"start":{"line":2042,"column":2},"end":{"line":2042,"column":33}},"952":{"start":{"line":2050,"column":15},"end":{"line":2076,"column":3}},"953":{"start":{"line":2051,"column":17},"end":{"line":2051,"column":21}},"954":{"start":{"line":2057,"column":4},"end":{"line":2061,"column":5}},"955":{"start":{"line":2058,"column":6},"end":{"line":2058,"column":37}},"956":{"start":{"line":2060,"column":6},"end":{"line":2060,"column":66}},"957":{"start":{"line":2060,"column":26},"end":{"line":2060,"column":63}},"958":{"start":{"line":2064,"column":4},"end":{"line":2064,"column":41}},"959":{"start":{"line":2068,"column":4},"end":{"line":2068,"column":61}},"960":{"start":{"line":2069,"column":4},"end":{"line":2069,"column":40}},"961":{"start":{"line":2073,"column":4},"end":{"line":2073,"column":39}},"962":{"start":{"line":2075,"column":4},"end":{"line":2075,"column":17}},"963":{"start":{"line":2079,"column":2},"end":{"line":2079,"column":91}},"964":{"start":{"line":2082,"column":17},"end":{"line":2084,"column":3}},"965":{"start":{"line":2083,"column":4},"end":{"line":2083,"column":70}},"966":{"start":{"line":2087,"column":18},"end":{"line":2093,"column":3}},"967":{"start":{"line":2088,"column":16},"end":{"line":2088,"column":29}},"968":{"start":{"line":2089,"column":4},"end":{"line":2092,"column":6}},"969":{"start":{"line":2090,"column":6},"end":{"line":2090,"column":67}},"970":{"start":{"line":2090,"column":17},"end":{"line":2090,"column":67}},"971":{"start":{"line":2091,"column":6},"end":{"line":2091,"column":51}},"972":{"start":{"line":2095,"column":2},"end":{"line":2095,"column":18}}},"fnMap":{"0":{"name":"(anonymous_0)","decl":{"start":{"line":8,"column":1},"end":{"line":8,"column":2}},"loc":{"start":{"line":8,"column":19},"end":{"line":34,"column":1}},"line":8},"1":{"name":"(anonymous_1)","decl":{"start":{"line":17,"column":48},"end":{"line":17,"column":49}},"loc":{"start":{"line":17,"column":72},"end":{"line":21,"column":5}},"line":17},"2":{"name":"(anonymous_2)","decl":{"start":{"line":34,"column":3},"end":{"line":34,"column":4}},"loc":{"start":{"line":34,"column":34},"end":{"line":2096,"column":1}},"line":34},"3":{"name":"(anonymous_3)","decl":{"start":{"line":55,"column":24},"end":{"line":55,"column":25}},"loc":{"start":{"line":55,"column":35},"end":{"line":58,"column":3}},"line":55},"4":{"name":"(anonymous_4)","decl":{"start":{"line":95,"column":18},"end":{"line":95,"column":19}},"loc":{"start":{"line":95,"column":67},"end":{"line":113,"column":3}},"line":95},"5":{"name":"(anonymous_5)","decl":{"start":{"line":117,"column":14},"end":{"line":117,"column":15}},"loc":{"start":{"line":117,"column":48},"end":{"line":133,"column":3}},"line":117},"6":{"name":"(anonymous_6)","decl":{"start":{"line":138,"column":20},"end":{"line":138,"column":21}},"loc":{"start":{"line":138,"column":50},"end":{"line":160,"column":3}},"line":138},"7":{"name":"(anonymous_7)","decl":{"start":{"line":163,"column":14},"end":{"line":163,"column":15}},"loc":{"start":{"line":163,"column":56},"end":{"line":172,"column":3}},"line":163},"8":{"name":"(anonymous_8)","decl":{"start":{"line":176,"column":19},"end":{"line":176,"column":20}},"loc":{"start":{"line":176,"column":58},"end":{"line":182,"column":3}},"line":176},"9":{"name":"(anonymous_9)","decl":{"start":{"line":188,"column":15},"end":{"line":188,"column":16}},"loc":{"start":{"line":188,"column":49},"end":{"line":196,"column":3}},"line":188},"10":{"name":"(anonymous_10)","decl":{"start":{"line":200,"column":25},"end":{"line":200,"column":26}},"loc":{"start":{"line":200,"column":55},"end":{"line":218,"column":3}},"line":200},"11":{"name":"(anonymous_11)","decl":{"start":{"line":221,"column":15},"end":{"line":221,"column":16}},"loc":{"start":{"line":221,"column":57},"end":{"line":268,"column":3}},"line":221},"12":{"name":"(anonymous_12)","decl":{"start":{"line":274,"column":16},"end":{"line":274,"column":17}},"loc":{"start":{"line":274,"column":50},"end":{"line":279,"column":3}},"line":274},"13":{"name":"(anonymous_13)","decl":{"start":{"line":282,"column":24},"end":{"line":282,"column":25}},"loc":{"start":{"line":282,"column":54},"end":{"line":286,"column":3}},"line":282},"14":{"name":"(anonymous_14)","decl":{"start":{"line":290,"column":16},"end":{"line":290,"column":17}},"loc":{"start":{"line":290,"column":53},"end":{"line":299,"column":3}},"line":290},"15":{"name":"(anonymous_15)","decl":{"start":{"line":292,"column":36},"end":{"line":292,"column":37}},"loc":{"start":{"line":292,"column":47},"end":{"line":295,"column":7}},"line":292},"16":{"name":"(anonymous_16)","decl":{"start":{"line":305,"column":19},"end":{"line":305,"column":20}},"loc":{"start":{"line":305,"column":34},"end":{"line":314,"column":3}},"line":305},"17":{"name":"(anonymous_17)","decl":{"start":{"line":317,"column":19},"end":{"line":317,"column":20}},"loc":{"start":{"line":317,"column":61},"end":{"line":326,"column":3}},"line":317},"18":{"name":"(anonymous_18)","decl":{"start":{"line":331,"column":22},"end":{"line":331,"column":23}},"loc":{"start":{"line":331,"column":45},"end":{"line":340,"column":3}},"line":331},"19":{"name":"(anonymous_19)","decl":{"start":{"line":344,"column":18},"end":{"line":344,"column":19}},"loc":{"start":{"line":344,"column":42},"end":{"line":351,"column":3}},"line":344},"20":{"name":"(anonymous_20)","decl":{"start":{"line":359,"column":28},"end":{"line":359,"column":29}},"loc":{"start":{"line":359,"column":53},"end":{"line":372,"column":3}},"line":359},"21":{"name":"(anonymous_21)","decl":{"start":{"line":375,"column":32},"end":{"line":375,"column":33}},"loc":{"start":{"line":375,"column":43},"end":{"line":378,"column":3}},"line":375},"22":{"name":"(anonymous_22)","decl":{"start":{"line":398,"column":31},"end":{"line":398,"column":32}},"loc":{"start":{"line":398,"column":61},"end":{"line":411,"column":3}},"line":398},"23":{"name":"(anonymous_23)","decl":{"start":{"line":432,"column":19},"end":{"line":432,"column":20}},"loc":{"start":{"line":432,"column":29},"end":{"line":432,"column":31}},"line":432},"24":{"name":"(anonymous_24)","decl":{"start":{"line":436,"column":16},"end":{"line":436,"column":17}},"loc":{"start":{"line":436,"column":26},"end":{"line":436,"column":28}},"line":436},"25":{"name":"(anonymous_25)","decl":{"start":{"line":439,"column":12},"end":{"line":439,"column":13}},"loc":{"start":{"line":439,"column":30},"end":{"line":441,"column":5}},"line":439},"26":{"name":"(anonymous_26)","decl":{"start":{"line":445,"column":10},"end":{"line":445,"column":11}},"loc":{"start":{"line":445,"column":21},"end":{"line":447,"column":5}},"line":445},"27":{"name":"(anonymous_27)","decl":{"start":{"line":450,"column":9},"end":{"line":450,"column":10}},"loc":{"start":{"line":450,"column":24},"end":{"line":452,"column":5}},"line":450},"28":{"name":"(anonymous_28)","decl":{"start":{"line":455,"column":12},"end":{"line":455,"column":13}},"loc":{"start":{"line":455,"column":27},"end":{"line":457,"column":5}},"line":455},"29":{"name":"(anonymous_29)","decl":{"start":{"line":461,"column":9},"end":{"line":461,"column":10}},"loc":{"start":{"line":461,"column":24},"end":{"line":463,"column":5}},"line":461},"30":{"name":"(anonymous_30)","decl":{"start":{"line":466,"column":13},"end":{"line":466,"column":14}},"loc":{"start":{"line":466,"column":29},"end":{"line":468,"column":5}},"line":466},"31":{"name":"(anonymous_31)","decl":{"start":{"line":473,"column":9},"end":{"line":473,"column":10}},"loc":{"start":{"line":473,"column":37},"end":{"line":542,"column":5}},"line":473},"32":{"name":"(anonymous_32)","decl":{"start":{"line":546,"column":11},"end":{"line":546,"column":12}},"loc":{"start":{"line":546,"column":35},"end":{"line":548,"column":5}},"line":546},"33":{"name":"(anonymous_33)","decl":{"start":{"line":551,"column":11},"end":{"line":551,"column":12}},"loc":{"start":{"line":551,"column":29},"end":{"line":555,"column":5}},"line":551},"34":{"name":"(anonymous_34)","decl":{"start":{"line":559,"column":16},"end":{"line":559,"column":17}},"loc":{"start":{"line":559,"column":31},"end":{"line":562,"column":5}},"line":559},"35":{"name":"(anonymous_35)","decl":{"start":{"line":570,"column":23},"end":{"line":570,"column":24}},"loc":{"start":{"line":570,"column":38},"end":{"line":582,"column":5}},"line":570},"36":{"name":"(anonymous_36)","decl":{"start":{"line":586,"column":14},"end":{"line":586,"column":15}},"loc":{"start":{"line":586,"column":29},"end":{"line":589,"column":5}},"line":586},"37":{"name":"(anonymous_37)","decl":{"start":{"line":593,"column":24},"end":{"line":593,"column":25}},"loc":{"start":{"line":593,"column":35},"end":{"line":595,"column":5}},"line":593},"38":{"name":"(anonymous_38)","decl":{"start":{"line":599,"column":11},"end":{"line":599,"column":12}},"loc":{"start":{"line":599,"column":29},"end":{"line":611,"column":5}},"line":599},"39":{"name":"(anonymous_39)","decl":{"start":{"line":603,"column":24},"end":{"line":603,"column":25}},"loc":{"start":{"line":603,"column":39},"end":{"line":608,"column":7}},"line":603},"40":{"name":"(anonymous_40)","decl":{"start":{"line":616,"column":10},"end":{"line":616,"column":11}},"loc":{"start":{"line":616,"column":38},"end":{"line":665,"column":5}},"line":616},"41":{"name":"(anonymous_41)","decl":{"start":{"line":643,"column":24},"end":{"line":643,"column":25}},"loc":{"start":{"line":643,"column":39},"end":{"line":651,"column":7}},"line":643},"42":{"name":"(anonymous_42)","decl":{"start":{"line":670,"column":13},"end":{"line":670,"column":14}},"loc":{"start":{"line":670,"column":31},"end":{"line":696,"column":5}},"line":670},"43":{"name":"(anonymous_43)","decl":{"start":{"line":676,"column":20},"end":{"line":676,"column":21}},"loc":{"start":{"line":676,"column":31},"end":{"line":679,"column":7}},"line":676},"44":{"name":"(anonymous_44)","decl":{"start":{"line":681,"column":24},"end":{"line":681,"column":25}},"loc":{"start":{"line":681,"column":39},"end":{"line":685,"column":7}},"line":681},"45":{"name":"(anonymous_45)","decl":{"start":{"line":701,"column":9},"end":{"line":701,"column":10}},"loc":{"start":{"line":701,"column":20},"end":{"line":709,"column":5}},"line":701},"46":{"name":"(anonymous_46)","decl":{"start":{"line":713,"column":11},"end":{"line":713,"column":12}},"loc":{"start":{"line":713,"column":35},"end":{"line":715,"column":5}},"line":713},"47":{"name":"(anonymous_47)","decl":{"start":{"line":718,"column":11},"end":{"line":718,"column":12}},"loc":{"start":{"line":718,"column":22},"end":{"line":720,"column":5}},"line":718},"48":{"name":"(anonymous_48)","decl":{"start":{"line":723,"column":11},"end":{"line":723,"column":12}},"loc":{"start":{"line":723,"column":22},"end":{"line":725,"column":5}},"line":723},"49":{"name":"(anonymous_49)","decl":{"start":{"line":728,"column":13},"end":{"line":728,"column":14}},"loc":{"start":{"line":728,"column":31},"end":{"line":730,"column":5}},"line":728},"50":{"name":"(anonymous_50)","decl":{"start":{"line":734,"column":15},"end":{"line":734,"column":16}},"loc":{"start":{"line":734,"column":40},"end":{"line":741,"column":5}},"line":734},"51":{"name":"(anonymous_51)","decl":{"start":{"line":758,"column":41},"end":{"line":758,"column":42}},"loc":{"start":{"line":758,"column":67},"end":{"line":766,"column":3}},"line":758},"52":{"name":"(anonymous_52)","decl":{"start":{"line":773,"column":15},"end":{"line":773,"colum
[...]
n":6},"end":{"line":1926,"column":72}}],"line":1926},"280":{"loc":{"start":{"line":1943,"column":6},"end":{"line":1945,"column":7}},"type":"if","locations":[{"start":{"line":1943,"column":6},"end":{"line":1945,"column":7}},{"start":{"line":1943,"column":6},"end":{"line":1945,"column":7}}],"line":1943},"281":{"loc":{"start":{"line":1943,"column":10},"end":{"line":1943,"column":50}},"type":"binary-expr","locations":[{"start":{"line":1943,"column":10},"end":{"line":1943,"column":35}},{"start":{"line":1943,"column":39},"end":{"line":1943,"column":50}}],"line":1943},"282":{"loc":{"start":{"line":1947,"column":6},"end":{"line":1947,"column":50}},"type":"if","locations":[{"start":{"line":1947,"column":6},"end":{"line":1947,"column":50}},{"start":{"line":1947,"column":6},"end":{"line":1947,"column":50}}],"line":1947},"283":{"loc":{"start":{"line":1948,"column":6},"end":{"line":1948,"column":46}},"type":"if","locations":[{"start":{"line":1948,"column":6},"end":{"line":1948,"column":46}},{"start":{"line":1948,"column":6},"end":{"line":1948,"column":46}}],"line":1948},"284":{"loc":{"start":{"line":1957,"column":6},"end":{"line":1957,"column":42}},"type":"if","locations":[{"start":{"line":1957,"column":6},"end":{"line":1957,"column":42}},{"start":{"line":1957,"column":6},"end":{"line":1957,"column":42}}],"line":1957},"285":{"loc":{"start":{"line":1960,"column":8},"end":{"line":1963,"column":9}},"type":"if","locations":[{"start":{"line":1960,"column":8},"end":{"line":1963,"column":9}},{"start":{"line":1960,"column":8},"end":{"line":1963,"column":9}}],"line":1960},"286":{"loc":{"start":{"line":1975,"column":6},"end":{"line":1975,"column":41}},"type":"if","locations":[{"start":{"line":1975,"column":6},"end":{"line":1975,"column":41}},{"start":{"line":1975,"column":6},"end":{"line":1975,"column":41}}],"line":1975},"287":{"loc":{"start":{"line":1976,"column":6},"end":{"line":1976,"column":71}},"type":"if","locations":[{"start":{"line":1976,"column":6},"end":{"line":1976,"column":71}},{"start":{"line":1976,"column":6},"end":{"line":1976,"column":71}}],"line":1976},"288":{"loc":{"start":{"line":1976,"column":10},"end":{"line":1976,"column":38}},"type":"binary-expr","locations":[{"start":{"line":1976,"column":10},"end":{"line":1976,"column":18}},{"start":{"line":1976,"column":22},"end":{"line":1976,"column":38}}],"line":1976},"289":{"loc":{"start":{"line":1979,"column":34},"end":{"line":1979,"column":48}},"type":"binary-expr","locations":[{"start":{"line":1979,"column":34},"end":{"line":1979,"column":42}},{"start":{"line":1979,"column":46},"end":{"line":1979,"column":48}}],"line":1979},"290":{"loc":{"start":{"line":1983,"column":6},"end":{"line":1985,"column":7}},"type":"if","locations":[{"start":{"line":1983,"column":6},"end":{"line":1985,"column":7}},{"start":{"line":1983,"column":6},"end":{"line":1985,"column":7}}],"line":1983},"291":{"loc":{"start":{"line":1983,"column":10},"end":{"line":1983,"column":55}},"type":"binary-expr","locations":[{"start":{"line":1983,"column":10},"end":{"line":1983,"column":25}},{"start":{"line":1983,"column":29},"end":{"line":1983,"column":55}}],"line":1983},"292":{"loc":{"start":{"line":1984,"column":19},"end":{"line":1984,"column":47}},"type":"binary-expr","locations":[{"start":{"line":1984,"column":19},"end":{"line":1984,"column":40}},{"start":{"line":1984,"column":44},"end":{"line":1984,"column":47}}],"line":1984},"293":{"loc":{"start":{"line":1994,"column":6},"end":{"line":1994,"column":52}},"type":"if","locations":[{"start":{"line":1994,"column":6},"end":{"line":1994,"column":52}},{"start":{"line":1994,"column":6},"end":{"line":1994,"column":52}}],"line":1994},"294":{"loc":{"start":{"line":1998,"column":6},"end":{"line":2023,"column":7}},"type":"if","locations":[{"start":{"line":1998,"column":6},"end":{"line":2023,"column":7}},{"start":{"line":1998,"column":6},"end":{"line":2023,"column":7}}],"line":1998},"295":{"loc":{"start":{"line":1999,"column":21},"end":{"line":1999,"column":67}},"type":"cond-expr","locations":[{"start":{"line":1999,"column":39},"end":{"line":1999,"column":53}},{"start":{"line":1999,"column":56},"end":{"line":1999,"column":67}}],"line":1999},"296":{"loc":{"start":{"line":2003,"column":13},"end":{"line":2023,"column":7}},"type":"if","locations":[{"start":{"line":2003,"column":13},"end":{"line":2023,"column":7}},{"start":{"line":2003,"column":13},"end":{"line":2023,"column":7}}],"line":2003},"297":{"loc":{"start":{"line":2005,"column":8},"end":{"line":2017,"column":9}},"type":"if","locations":[{"start":{"line":2005,"column":8},"end":{"line":2017,"column":9}},{"start":{"line":2005,"column":8},"end":{"line":2017,"column":9}}],"line":2005},"298":{"loc":{"start":{"line":2005,"column":12},"end":{"line":2005,"column":79}},"type":"binary-expr","locations":[{"start":{"line":2005,"column":12},"end":{"line":2005,"column":23}},{"start":{"line":2005,"column":27},"end":{"line":2005,"column":79}}],"line":2005},"299":{"loc":{"start":{"line":2011,"column":10},"end":{"line":2014,"column":11}},"type":"if","locations":[{"start":{"line":2011,"column":10},"end":{"line":2014,"column":11}},{"start":{"line":2011,"column":10},"end":{"line":2014,"column":11}}],"line":2011},"300":{"loc":{"start":{"line":2024,"column":6},"end":{"line":2024,"column":57}},"type":"if","locations":[{"start":{"line":2024,"column":6},"end":{"line":2024,"column":57}},{"start":{"line":2024,"column":6},"end":{"line":2024,"column":57}}],"line":2024},"301":{"loc":{"start":{"line":2030,"column":6},"end":{"line":2036,"column":7}},"type":"if","locations":[{"start":{"line":2030,"column":6},"end":{"line":2036,"column":7}},{"start":{"line":2030,"column":6},"end":{"line":2036,"column":7}}],"line":2030},"302":{"loc":{"start":{"line":2057,"column":4},"end":{"line":2061,"column":5}},"type":"if","locations":[{"start":{"line":2057,"column":4},"end":{"line":2061,"column":5}},{"start":{"line":2057,"column":4},"end":{"line":2061,"column":5}}],"line":2057},"303":{"loc":{"start":{"line":2057,"column":8},"end":{"line":2057,"column":54}},"type":"binary-expr","locations":[{"start":{"line":2057,"column":8},"end":{"line":2057,"column":18}},{"start":{"line":2057,"column":22},"end":{"line":2057,"column":54}}],"line":2057},"304":{"loc":{"start":{"line":2090,"column":6},"end":{"line":2090,"column":67}},"type":"if","locations":[{"start":{"line":2090,"column":6},"end":{"line":2090,"column":67}},{"start":{"line":2090,"column":6},"end":{"line":2090,"column":67}}],"line":2090}},"s":{"0":1,"1":1,"2":1,"3":0,"4":0,"5":1,"6":1,"7":1,"8":1,"9":1,"10":0,"11":1,"12":1,"13":1,"14":1,"15":1,"16":0,"17":0,"18":1,"19":1,"20":1,"21":1,"22":1,"23":12,"24":12,"25":0,"26":0,"27":0,"28":0,"29":12,"30":4,"31":10,"32":8,"33":12,"34":1,"35":2,"36":2,"37":0,"38":0,"39":0,"40":2,"41":1,"42":0,"43":0,"44":0,"45":0,"46":0,"47":0,"48":0,"49":0,"50":0,"51":0,"52":0,"53":0,"54":0,"55":0,"56":0,"57":1,"58":4,"59":4,"60":4,"61":4,"62":4,"63":4,"64":0,"65":4,"66":4,"67":1,"68":0,"69":0,"70":0,"71":1,"72":1,"73":0,"74":1,"75":1,"76":1,"77":0,"78":0,"79":0,"80":0,"81":0,"82":0,"83":0,"84":0,"85":0,"86":0,"87":0,"88":0,"89":0,"90":0,"91":1,"92":2,"93":0,"94":2,"95":2,"96":2,"97":2,"98":0,"99":0,"100":0,"101":2,"102":2,"103":2,"104":2,"105":2,"106":0,"107":2,"108":2,"109":2,"110":2,"111":0,"112":2,"113":2,"114":0,"115":2,"116":0,"117":2,"118":2,"119":1,"120":0,"121":0,"122":0,"123":0,"124":1,"125":0,"126":0,"127":1,"128":0,"129":0,"130":0,"131":0,"132":0,"133":0,"134":1,"135":9,"136":0,"137":9,"138":9,"139":9,"140":0,"141":9,"142":9,"143":1,"144":12,"145":12,"146":12,"147":12,"148":0,"149":12,"150":10,"151":12,"152":0,"153":12,"154":1,"155":10,"156":10,"157":10,"158":10,"159":10,"160":10,"161":10,"162":10,"163":10,"164":0,"165":0,"166":0,"167":0,"168":0,"169":0,"170":0,"171":0,"172":0,"173":0,"174":0,"175":0,"176":1,"177":0,"178":0,"179":0,"180":0,"181":0,"182":0,"183":1,"184":1,"185":0,"186":0,"187":0,"188":0,"189":0,"190":0,"191":0,"192":1,"193":0,"194":0,"195":0,"196":1,"197":1,"198":1,"199":1,"200":0,"201":0,"202":0,"203":0,"204":0,"205":0,"206":0,"207":0,"208":0,"209":0,"210":0,"211":0,"212":0,"213":0,"214":1,"215":0,"216":0,"217":0,"218":0,"219":0,"220":0,"221":0,"222":0,"223":0,"224":0,"225":0,"226":0,"227":0,"228":0,"229":0,"230":0,"231":0,"232":0,"233":0,"234":0,"235":0,"236":0,"237":0,"238":0,"239":0,"240":0,"241":0,"242":0,"243":0,"244":0,"245":0,"246":0,"247":0,"248":0,"249":0,"250":0,"251":0,"252":0,"253":0,"254":0,"255":0,"256":0,"257":0,"258":0,"259":0,"260":0,"261":0,"262":0,"263":0,"264":0,"265":0,"266":0,"267":0,"268":0,"269":0,"270":0,"271":0,"272":0,"273":0,"274":0,"275":0,"276":0,"277":0,"278":0,"279":0,"280":0,"281":0,"282":0,"283":0,"284":0,"285":0,"286":0,"287":0,"288":0,"289":0,"290":0,"291":0,"292":0,"293":0,"294":0,"295":0,"296":0,"297":0,"298":0,"299":0,"300":0,"301":0,"302":0,"303":0,"304":0,"305":0,"306":0,"307":0,"308":0,"309":0,"310":0,"311":0,"312":0,"313":0,"314":0,"315":0,"316":0,"317":0,"318":0,"319":0,"320":0,"321":0,"322":0,"323":0,"324":0,"325":0,"326":0,"327":0,"328":0,"329":0,"330":0,"331":0,"332":0,"333":0,"334":0,"335":0,"336":0,"337":0,"338":0,"339":0,"340":0,"341":0,"342":0,"343":0,"344":0,"345":0,"346":0,"347":0,"348":0,"349":0,"350":0,"351":0,"352":0,"353":0,"354":0,"355":0,"356":0,"357":0,"358":0,"359":0,"360":0,"361":0,"362":0,"363":0,"364":0,"365":0,"366":0,"367":0,"368":0,"369":0,"370":0,"371":0,"372":0,"373":1,"374":0,"375":0,"376":0,"377":0,"378":0,"379":0,"380":0,"381":0,"382":0,"383":0,"384":1,"385":1,"386":1,"387":0,"388":0,"389":0,"390":0,"391":0,"392":0,"393":0,"394":0,"395":0,"396":1,"397":0,"398":0,"399":0,"400":0,"401":0,"402":0,"403":0,"404":0,"405":0,"406":0,"407":0,"408":0,"409":0,"410":0,"411":0,"412":0,"413":0,"414":0,"415":0,"416":0,"417":0,"418":0,"419":0,"420":0,"421":0,"422":0,"423":0,"424":0,"425":0,"426":0,"427":0,"428":0,"429":0,"430":0,"431":0,"432":0,"433":0,"434":0,"435":0,"436":0,"437":0,"438":0,"439":0,"440":0,"441":0,"442":0,"443":0,"444":0,"445":0,"446":0,"447":0,"448":0,"449":0,"450":0,"451":0,"452":0,"453":0,"454":0,"455":0,"456":0,"457":0,"458":0,"459":0,"460":0,"461":0,"462":0,"463":0,"464":0,"465":0,"466":0,"467":0,"468":0,"469":0,"470":0,"471":0,"472":0,"473":0,"474":0,"475":0,"476":0,"477":0,"478":0,"479":0,"480":0,"481":0,"482":0,"483":0,"484":0,"485":0,"486":0,"487":0,"488":0,"489":0,"490":0,"491":0,"492":0,"493":0,"494":0,"495":0,"496":0,"497":0,"498":0,"499":0,"500":0,"501":0,"502":0,"503":0,"504":0,"505":0,"506":0,"507":0,"508":0,"509":0,"510":0,"511":0,"512":0,"513":0,"514":0,"515":0,"516":0,"517":0,"518":0,"519":0,"520":0,"521":0,"522":0,"523":0,"524":0,"525":0,"526":0,"527":0,"528":0,"529":0,"530":0,"531":0,"532":0,"533":0,"534":0,"535":0,"536":0,"537":0,"538":0,"539":0,"540":0,"541":0,"542":0,"543":0,"544":0,"545":0,"546":0,"547":0,"548":0,"549":0,"550":0,"551":0,"552":0,"553":0,"554":0,"555":0,"556":0,"557":0,"558":0,"559":0,"560":0,"561":0,"562":0,"563":0,"564":0,"565":0,"566":0,"567":0,"568":0,"569":0,"570":0,"571":0,"572":0,"573":0,"574":0,"575":0,"576":0,"577":0,"578":0,"579":0,"580":0,"581":0,"582":0,"583":0,"584":0,"585":0,"586":0,"587":0,"588":0,"589":0,"590":0,"591":0,"592":0,"593":0,"594":0,"595":0,"596":0,"597":0,"598":0,"599":0,"600":0,"601":0,"602":0,"603":0,"604":0,"605":0,"606":0,"607":0,"608":0,"609":0,"610":0,"611":0,"612":0,"613":0,"614":0,"615":0,"616":0,"617":0,"618":0,"619":0,"620":0,"621":0,"622":1,"623":1,"624":1,"625":1,"626":0,"627":0,"628":0,"629":1,"630":1,"631":1,"632":1,"633":1,"634":0,"635":1,"636":0,"637":0,"638":0,"639":0,"640":0,"641":0,"642":0,"643":0,"644":0,"645":0,"646":0,"647":0,"648":0,"649":1,"650":0,"651":0,"652":0,"653":0,"654":0,"655":1,"656":1,"657":1,"658":0,"659":0,"660":0,"661":0,"662":0,"663":0,"664":0,"665":0,"666":0,"667":0,"668":0,"669":0,"670":0,"671":0,"672":0,"673":0,"674":0,"675":0,"676":0,"677":0,"678":0,"679":0,"680":0,"681":0,"682":0,"683":0,"684":0,"685":0,"686":0,"687":0,"688":0,"689":0,"690":0,"691":0,"692":0,"693":0,"694":0,"695":0,"696":0,"697":0,"698":0,"699":0,"700":0,"701":1,"702":57,"703":11,"704":0,"705":0,"706":0,"707":36,"708":0,"709":0,"710":0,"711":10,"712":0,"713":0,"714":0,"715":1,"716":2,"717":57,"718":57,"719":1,"720":0,"721":0,"722":0,"723":0,"724":0,"725":0,"726":0,"727":0,"728":1,"729":0,"730":0,"731":0,"732":1,"733":1,"734":1,"735":2,"736":2,"737":2,"738":2,"739":0,"740":0,"741":0,"742":0,"743":2,"744":1,"745":0,"746":0,"747":0,"748":0,"749":0,"750":0,"751":0,"752":0,"753":0,"754":0,"755":0,"756":0,"757":0,"758":0,"759":0,"760":0,"761":0,"762":0,"763":0,"764":0,"765":0,"766":0,"767":0,"768":0,"769":0,"770":0,"771":0,"772":0,"773":0,"774":0,"775":0,"776":1,"777":1,"778":0,"779":1,"780":0,"781":0,"782":0,"783":0,"784":0,"785":0,"786":1,"787":1,"788":1,"789":1,"790":1,"791":0,"792":0,"793":0,"794":0,"795":0,"796":0,"797":0,"798":0,"799":0,"800":0,"801":0,"802":0,"803":0,"804":0,"805":0,"806":0,"807":0,"808":0,"809":0,"810":0,"811":0,"812":0,"813":0,"814":0,"815":0,"816":0,"817":0,"818":0,"819":0,"820":0,"821":0,"822":0,"823":0,"824":1,"825":1,"826":1,"827":1,"828":1,"829":1,"830":1,"831":1,"832":1,"833":1,"834":1,"835":0,"836":0,"837":0,"838":0,"839":0,"840":0,"841":0,"842":0,"843":0,"844":0,"845":0,"846":0,"847":0,"848":0,"849":0,"850":0,"851":0,"852":0,"853":0,"854":0,"855":0,"856":0,"857":0,"858":0,"859":0,"860":0,"861":0,"862":0,"863":0,"864":0,"865":0,"866":0,"867":0,"868":0,"869":0,"870":0,"871":0,"872":0,"873":0,"874":0,"875":0,"876":0,"877":0,"878":0,"879":0,"880":0,"881":0,"882":0,"883":0,"884":0,"885":0,"886":0,"887":0,"888":0,"889":0,"890":0,"891":0,"892":0,"893":0,"894":0,"895":0,"896":0,"897":0,"898":0,"899":0,"900":0,"901":0,"902":0,"903":0,"904":0,"905":0,"906":0,"907":0,"908":0,"909":0,"910":0,"911":0,"912":0,"913":0,"914":0,"915":0,"916":0,"917":0,"918":0,"919":0,"920":0,"921":0,"922":0,"923":0,"924":0,"925":0,"926":0,"927":0,"928":0,"929":0,"930":0,"931":0,"932":0,"933":0,"934":0,"935":0,"936":0,"937":0,"938":0,"939":0,"940":0,"941":0,"942":0,"943":0,"944":0,"945":0,"946":0,"947":0,"948":0,"949":0,"950":0,"951":1,"952":1,"953":0,"954":0,"955":0,"956":0,"957":0,"958":0,"959":0,"960":0,"961":0,"962":0,"963":1,"964":1,"965":0,"966":1,"967":0,"968":0,"969":0,"970":0,"971":0,"972":1},"f":{"0":1,"1":0,"2":1,"3":0,"4":12,"5":2,"6":0,"7":4,"8":0,"9":1,"10":0,"11":2,"12":0,"13":0,"14":0,"15":0,"16":9,"17":12,"18":10,"19":0,"20":0,"21":0,"22":0,"23":0,"24":0,"25":0,"26":0,"27":0,"28":0,"29":0,"30":0,"31":0,"32":0,"33":0,"34":0,"35":0,"36":0,"37":0,"38":0,"39":0,"40":0,"41":0,"42":0,"43":0,"44":0,"45":0,"46":0,"47":0,"48":0,"49":0,"50":0,"51":0,"52":0,"53":0,"54":0,"55":0,"56":0,"57":0,"58":0,"59":0,"60":0,"61":0,"62":0,"63":0,"64":0,"65":0,"66":0,"67":0,"68":0,"69":0,"70":0,"71":0,"72":0,"73":0,"74":0,"75":0,"76":0,"77":0,"78":0,"79":0,"80":0,"81":0,"82":0,"83":0,"84":0,"85":0,"86":0,"87":0,"88":0,"89":0,"90":0,"91":0,"92":0,"93":0,"94":0,"95":0,"96":0,"97":0,"98":0,"99":0,"100":0,"101":0,"102":0,"103":0,"104":0,"105":0,"106":0,"107":0,"108":0,"109":0,"110":0,"111":57,"112":0,"113":0,"114":0,"115":0,"116":0,"117":2,"118":57,"119":0,"120":0,"121":0,"122":0,"123":2,"124":0,"125":0,"126":0,"127":0,"128":0,"129":0,"130":0,"131":0,"132":0,"133":0,"134":0,"135":0,"136":0,"137":0,"138":0,"139":0,"140":0,"141":0,"142":1,"143":0,"144":0,"145":0,"146":0,"147":0,"148":0,"149":0,"150":0,"151":0,"152":0,"153":0,"154":0,"155":0,"156":0,"157":0,"158":0,"159":0,"160":0,"161":0,"162":0,"163":0,"164":0},"b":{"0":[1,1,1,0,0,0],"1":[0,1],"2":[1,0],"3":[1,0],"4":[0,0,0,0],"5":[0,12],"6":[12,12],"7":[0,0],"8":[0,0,0],"9":[4,8],"10":[12,12],"11":[2,2],"12":[0,2],"13":[0,0],"14":[0,0],"15":[0,0],"16":[0,0],"17":[0,0],"18":[0,0],"19":[0,0],"20":[0,0],"21":[4,0],"22":[4,4],"23":[0,4],"24":[4,4],"25":[0,1],"26":[0,0],"27":[0,0],"28":[0,0],"29":[0,0],"30":[0,0],"31":[0,2],"32":[0,2],"33":[2,0,0],"34":[2,0],"35":[0,2],"36":[0,2],"37":[2,0,0,2,0],"38":[0,2],"39":[0,2],"40":[0,0],"41":[0,0],"42":[0,0],"43":[0,9],"44":[12,0],"45":[0,12],"46":[12,10],"47":[10,2],"48":[0,12],"49":[10,0,0,0,0],"50":[0,0],"51":[0,0],"52":[0,0],"53":[0,0],"54":[0,0],"55":[0,0],"56":[0,0],"57":[0,0],"58":[0,0],"59":[0,0],"60":[0,0],"61":[0,0],"62":[0,0],"63":[0,0],"64":[0,0],"65":[0,0],"66":[0,0],"67":[0,0],"68":[0,0],"69":[0,0],"70":[0,0],"71":[0,0],"72":[0,0],"73":[0,0],"74":[0,0],"75":[0,0],"76":[0,0],"77":[0,0],"78":[0,0],"79":[0,0],"80":[0,0],"81":[0,0],"82":[0,0],"83":[0,0],"84":[0,0],"85":[0,0],"86":[0,0],"87":[0,0],"88":[0,0],"89":[0,0],"90":[0,0],"91":[0,0],"92":[0,0],"93":[0,0],"94":[0,0],"95":[0,0],"96":[0,0],"97":[0,0],"98":[0,0],"99":[0,0],"100":[0,0],"101":[0,0],"102":[0,0],"103":[0,0],"104":[0,0],"105":[0,0,0],"106":[0,0],"107":[0,0],"108":[0,0],"109":[0,0],"110":[0,0],"111":[0,0],"112":[0,0],"113":[0,0],"114":[0,0],"115":[0,0],"116":[0,0],"117":[0,0],"118":[0,0],"119":[0,0],"120":[0,0],"121":[0,0],"122":[0,0],"123":[0,0],"124":[0,0],"125":[0,0],"126":[0,0],"127":[0,0,0],"128":[0,0],"129":[0,0],"130":[0,0],"131":[0,0],"132":[0,0],"133":[0,0],"134":[0,0],"135":[0,0],"136":[0,0],"137":[0,0],"138":[0,0],"139":[0,0],"140":[0,0],"141":[0,0],"142":[0,0,0],"143":[0,0],"144":[0,0],"145":[0,0],"146":[0,0],"147":[0,0],"148":[0,0],"149":[0,0],"150":[0,0],"151":[0,0],"152":[0,0],"153":[0,0],"154":[0,0],"155":[0,0,0],"156":[0,0],"157":[0,0],"158":[0,0],"159":[0,0],"160":[0,0,0,0],"161":[0,0],"162":[0,0],"163":[0,0],"164":[0,0],"165":[0,0],"166":[0,0],"167":[0,0],"168":[0,0],"169":[0,0],"170":[0,0],"171":[0,0],"172":[0,0],"173":[0,0],"174":[0,0],"175":[0,0],"176":[0,0],"177":[0,0],"178":[0,0],"179":[0,0],"180":[0,0],"181":[0,0],"182":[0,0],"183":[0,0],"184":[0,0],"185":[0,0],"186":[0,0],"187":[0,0],"188":[0,0],"189":[0,0],"190":[0,0,0],"191":[0,0],"192":[0,0],"193":[0,0],"194":[0,0],"195":[0,0],"196":[1,1],"197":[1,0],"198":[1,0],"199":[0,0],"200":[0,0],"201":[0,0],"202":[0,0],"203":[0,0],"204":[0,0],"205":[0,0],"206":[0,0],"207":[0,0],"208":[0,0],"209":[0,0],"210":[0,0],"211":[0,0],"212":[11,0,36,0,10],"213":[57,0],"214":[0,0],"215":[0,0],"216":[0,0],"217":[0,0],"218":[0,0],"219":[0,0],"220":[0,0],"221":[0,0],"222":[0,0,0,0,0],"223":[0,0],"224":[0,0],"225":[0,0],"226":[0,0],"227":[0,0,0,0],"228":[0,0],"229":[0,0],"230":[0,0],"231":[0,0],"232":[0,0],"233":[0,0],"234":[0,0],"235":[0,0],"236":[0,0],"237":[0,0],"238":[0,0],"239":[0,0],"240":[0,0],"241":[0,0],"242":[0,0],"243":[0,0],"244":[0,0],"245":[1,0],"246":[0,0],"247":[0,0],"248":[0,0],"249":[0,0],"250":[0,0],"251":[0,0],"252":[0,0],"253":[0,0],"254":[0,0],"255":[0,0,0],"256":[0,0],"257":[0,0],"258":[0,0],"259":[0,0],"260":[0,0],"261":[0,0],"262":[0,0],"263":[0,0],"264":[0,0],"265":[0,0],"266":[0,0],"267":[0,0,0],"268":[0,0],"269":[0,0],"270":[0,0],"271":[0,0],"272":[0,0],"273":[0,0],"274":[0,0],"275":[0,0],"276":[0,0],"277":[0,0],"278":[0,0],"279":[0,0],"280":[0,0],"281":[0,0],"282":[0,0],"283":[0,0],"284":[0,0],"285":[0,0],"286":[0,0],"287":[0,0],"288":[0,0],"289":[0,0],"290":[0,0],"291":[0,0],"292":[0,0],"293":[0,0],"294":[0,0],"295":[0,0],"296":[0,0],"297":[0,0],"298":[0,0],"299":[0,0],"300":[0,0],"301":[0,0],"302":[0,0],"303":[0,0],"304":[0,0]},"_coverageSchema":"332fd63041d2c1bcb487cc26dd0d5f7d97098a6c","hash":"25f4ac83522e068694553a27d6f1f6334c804ea0"}
,"/Users/jinzhan/Desktop/dev/practiceProject/my-everyting/my-backbone/test/greeter_view.js": {"path":"/Users/jinzhan/Desktop/dev/practiceProject/my-everyting/my-backbone/test/greeter_view.js","statementMap":{"0":{"start":{"line":1,"column":10},"end":{"line":1,"column":27}},"1":{"start":{"line":2,"column":10},"end":{"line":2,"column":31}},"2":{"start":{"line":3,"column":17},"end":{"line":3,"column":36}},"3":{"start":{"line":5,"column":18},"end":{"line":10,"column":2}},"4":{"start":{"line":7,"column":8},"end":{"line":7,"column":37}},"5":{"start":{"line":8,"column":8},"end":{"line":8,"column":20}},"6":{"start":{"line":12,"column":0},"end":{"line":12,"column":29}}},"fnMap":{},"branchMap":{},"s":{"0":1,"1":1,"2":1,"3":1,"4":1,"5":1,"6":1},"f":{},"b":{},"_coverageSchema":"332fd63041d2c1bcb487cc26dd0d5f7d97098a6c","hash":"c41b0e240af7840fad661e4c13958e41ab64a579"}
}
