{"/Users/jinzhan/Desktop/dev/practiceProject/my-everyting/my-backbone/test/backbone-fe.js": {"path":"/Users/jinzhan/Desktop/dev/practiceProject/my-everyting/my-backbone/test/backbone-fe.js","statementMap":{"0":{"start":{"line":1,"column":0},"end":{"line":249,"column":3}},"1":{"start":{"line":6,"column":15},"end":{"line":7,"column":73}},"2":{"start":{"line":10,"column":4},"end":{"line":30,"column":5}},"3":{"start":{"line":11,"column":8},"end":{"line":15,"column":11}},"4":{"start":{"line":14,"column":12},"end":{"line":14,"column":57}},"5":{"start":{"line":18,"column":11},"end":{"line":30,"column":5}},"6":{"start":{"line":19,"column":16},"end":{"line":19,"column":37}},"7":{"start":{"line":20,"column":8},"end":{"line":23,"column":9}},"8":{"start":{"line":21,"column":12},"end":{"line":21,"column":34}},"9":{"start":{"line":25,"column":8},"end":{"line":25,"column":37}},"10":{"start":{"line":29,"column":8},"end":{"line":29,"column":103}},"11":{"start":{"line":34,"column":27},"end":{"line":34,"column":40}},"12":{"start":{"line":36,"column":4},"end":{"line":36,"column":31}},"13":{"start":{"line":38,"column":4},"end":{"line":38,"column":19}},"14":{"start":{"line":45,"column":4},"end":{"line":48,"column":6}},"15":{"start":{"line":46,"column":8},"end":{"line":46,"column":41}},"16":{"start":{"line":47,"column":8},"end":{"line":47,"column":20}},"17":{"start":{"line":54,"column":4},"end":{"line":54,"column":33}},"18":{"start":{"line":60,"column":4},"end":{"line":60,"column":33}},"19":{"start":{"line":64,"column":17},"end":{"line":64,"column":37}},"20":{"start":{"line":65,"column":24},"end":{"line":65,"column":29}},"21":{"start":{"line":75,"column":20},"end":{"line":96,"column":5}},"22":{"start":{"line":76,"column":16},"end":{"line":76,"column":17}},"23":{"start":{"line":77,"column":8},"end":{"line":94,"column":9}},"24":{"start":{"line":80,"column":12},"end":{"line":80,"column":109}},"25":{"start":{"line":80,"column":85},"end":{"line":80,"column":109}},"26":{"start":{"line":81,"column":12},"end":{"line":84,"column":13}},"27":{"start":{"line":83,"column":16},"end":{"line":83,"column":85}},"28":{"start":{"line":85,"column":15},"end":{"line":94,"column":9}},"29":{"start":{"line":87,"column":12},"end":{"line":89,"column":13}},"30":{"start":{"line":88,"column":16},"end":{"line":88,"column":68}},"31":{"start":{"line":93,"column":12},"end":{"line":93,"column":60}},"32":{"start":{"line":95,"column":8},"end":{"line":95,"column":22}},"33":{"start":{"line":98,"column":4},"end":{"line":100,"column":6}},"34":{"start":{"line":99,"column":8},"end":{"line":99,"column":57}},"35":{"start":{"line":112,"column":21},"end":{"line":119,"column":5}},"36":{"start":{"line":113,"column":8},"end":{"line":117,"column":11}},"37":{"start":{"line":118,"column":8},"end":{"line":118,"column":19}},"38":{"start":{"line":129,"column":16},"end":{"line":149,"column":5}},"39":{"start":{"line":130,"column":8},"end":{"line":146,"column":9}},"40":{"start":{"line":131,"column":27},"end":{"line":131,"column":62}},"41":{"start":{"line":132,"column":26},"end":{"line":132,"column":41}},"42":{"start":{"line":133,"column":22},"end":{"line":133,"column":33}},"43":{"start":{"line":134,"column":28},"end":{"line":134,"column":45}},"44":{"start":{"line":136,"column":12},"end":{"line":138,"column":13}},"45":{"start":{"line":137,"column":16},"end":{"line":137,"column":34}},"46":{"start":{"line":140,"column":12},"end":{"line":145,"column":15}},"47":{"start":{"line":148,"column":8},"end":{"line":148,"column":22}},"48":{"start":{"line":151,"column":4},"end":{"line":153,"column":6}},"49":{"start":{"line":155,"column":17},"end":{"line":157,"column":5}},"50":{"start":{"line":165,"column":4},"end":{"line":182,"column":6}},"51":{"start":{"line":171,"column":8},"end":{"line":173,"column":9}},"52":{"start":{"line":172,"column":12},"end":{"line":172,"column":24}},"53":{"start":{"line":175,"column":21},"end":{"line":175,"column":54}},"54":{"start":{"line":176,"column":19},"end":{"line":176,"column":32}},"55":{"start":{"line":177,"column":8},"end":{"line":179,"column":9}},"56":{"start":{"line":178,"column":12},"end":{"line":178,"column":39}},"57":{"start":{"line":180,"column":8},"end":{"line":180,"column":64}},"58":{"start":{"line":181,"column":8},"end":{"line":181,"column":20}},"59":{"start":{"line":190,"column":21},"end":{"line":206,"column":5}},"60":{"start":{"line":191,"column":8},"end":{"line":205,"column":9}},"61":{"start":{"line":192,"column":25},"end":{"line":192,"column":40}},"62":{"start":{"line":194,"column":28},"end":{"line":194,"column":41}},"63":{"start":{"line":195,"column":12},"end":{"line":198,"column":13}},"64":{"start":{"line":197,"column":16},"end":{"line":197,"column":46}},"65":{"start":{"line":199,"column":12},"end":{"line":201,"column":13}},"66":{"start":{"line":200,"column":16},"end":{"line":200,"column":44}},"67":{"start":{"line":202,"column":12},"end":{"line":204,"column":13}},"68":{"start":{"line":203,"column":16},"end":{"line":203,"column":62}},"69":{"start":{"line":214,"column":24},"end":{"line":243,"column":5}},"70":{"start":{"line":215,"column":20},"end":{"line":215,"column":22}},"71":{"start":{"line":215,"column":28},"end":{"line":215,"column":41}},"72":{"start":{"line":215,"column":48},"end":{"line":215,"column":55}},"73":{"start":{"line":215,"column":62},"end":{"line":215,"column":69}},"74":{"start":{"line":215,"column":76},"end":{"line":215,"column":83}},"75":{"start":{"line":216,"column":8},"end":{"line":242,"column":9}},"76":{"start":{"line":218,"column":16},"end":{"line":220,"column":17}},"77":{"start":{"line":219,"column":20},"end":{"line":219,"column":59}},"78":{"start":{"line":221,"column":16},"end":{"line":221,"column":23}},"79":{"start":{"line":223,"column":16},"end":{"line":225,"column":17}},"80":{"start":{"line":224,"column":20},"end":{"line":224,"column":63}},"81":{"start":{"line":226,"column":16},"end":{"line":226,"column":23}},"82":{"start":{"line":228,"column":16},"end":{"line":230,"column":17}},"83":{"start":{"line":229,"column":20},"end":{"line":229,"column":67}},"84":{"start":{"line":231,"column":16},"end":{"line":231,"column":23}},"85":{"start":{"line":233,"column":16},"end":{"line":235,"column":17}},"86":{"start":{"line":234,"column":20},"end":{"line":234,"column":71}},"87":{"start":{"line":236,"column":16},"end":{"line":236,"column":23}},"88":{"start":{"line":238,"column":16},"end":{"line":240,"column":17}},"89":{"start":{"line":239,"column":20},"end":{"line":239,"column":66}},"90":{"start":{"line":241,"column":16},"end":{"line":241,"column":23}},"91":{"start":{"line":248,"column":4},"end":{"line":248,"column":20}}},"fnMap":{"0":{"name":"(anonymous_0)","decl":{"start":{"line":1,"column":1},"end":{"line":1,"column":2}},"loc":{"start":{"line":1,"column":20},"end":{"line":31,"column":1}},"line":1},"1":{"name":"(anonymous_1)","decl":{"start":{"line":11,"column":52},"end":{"line":11,"column":53}},"loc":{"start":{"line":11,"column":77},"end":{"line":15,"column":9}},"line":11},"2":{"name":"(anonymous_2)","decl":{"start":{"line":31,"column":3},"end":{"line":31,"column":4}},"loc":{"start":{"line":31,"column":35},"end":{"line":249,"column":1}},"line":31},"3":{"name":"(anonymous_3)","decl":{"start":{"line":45,"column":26},"end":{"line":45,"column":27}},"loc":{"start":{"line":45,"column":38},"end":{"line":48,"column":5}},"line":45},"4":{"name":"(anonymous_4)","decl":{"start":{"line":75,"column":20},"end":{"line":75,"column":21}},"loc":{"start":{"line":75,"column":70},"end":{"line":96,"column":5}},"line":75},"5":{"name":"(anonymous_5)","decl":{"start":{"line":98,"column":16},"end":{"line":98,"column":17}},"loc":{"start":{"line":98,"column":51},"end":{"line":100,"column":5}},"line":98},"6":{"name":"(anonymous_6)","decl":{"start":{"line":112,"column":21},"end":{"line":112,"column":22}},"loc":{"start":{"line":112,"column":72},"end":{"line":119,"column":5}},"line":112},"7":{"name":"(anonymous_7)","decl":{"start":{"line":129,"column":16},"end":{"line":129,"column":17}},"loc":{"start":{"line":129,"column":59},"end":{"line":149,"column":5}},"line":129},"8":{"name":"(anonymous_8)","decl":{"start":{"line":151,"column":17},"end":{"line":151,"column":18}},"loc":{"start":{"line":151,"column":52},"end":{"line":153,"column":5}},"line":151},"9":{"name":"(anonymous_9)","decl":{"start":{"line":155,"column":17},"end":{"line":155,"column":18}},"loc":{"start":{"line":155,"column":29},"end":{"line":157,"column":5}},"line":155},"10":{"name":"(anonymous_10)","decl":{"start":{"line":165,"column":21},"end":{"line":165,"column":22}},"loc":{"start":{"line":165,"column":37},"end":{"line":182,"column":5}},"line":165},"11":{"name":"(anonymous_11)","decl":{"start":{"line":190,"column":21},"end":{"line":190,"column":22}},"loc":{"start":{"line":190,"column":64},"end":{"line":206,"column":5}},"line":190},"12":{"name":"(anonymous_12)","decl":{"start":{"line":214,"column":24},"end":{"line":214,"column":25}},"loc":{"start":{"line":214,"column":48},"end":{"line":243,"column":5}},"line":214}},"branchMap":{"0":{"loc":{"start":{"line":6,"column":15},"end":{"line":7,"column":73}},"type":"binary-expr","locations":[{"start":{"line":6,"column":16},"end":{"line":6,"column":39}},{"start":{"line":6,"column":43},"end":{"line":6,"column":61}},{"start":{"line":6,"column":65},"end":{"line":6,"column":69}},{"start":{"line":7,"column":9},"end":{"line":7,"column":34}},{"start":{"line":7,"column":38},"end":{"line":7,"column":62}},{"start":{"line":7,"column":66},"end":{"line":7,"column":72}}],"line":6},"1":{"loc":{"start":{"line":10,"column":4},"end":{"line":30,"column":5}},"type":"if","locations":[{"start":{"line":10,"column":4},"end":{"line":30,"column":5}},{"start":{"line":10,"column":4},"end":{"line":30,"column":5}}],"line":10},"2":{"loc":{"start":{"line":10,"column":8},"end":{"line":10,"column":50}},"type":"binary-expr","locations":[{"start":{"line":10,"column":8},"end":{"line":10,"column":36}},{"start":{"line":10,"column":40},"end":{"line":10,"column":50}}],"line":10},"3":{"loc":{"start":{"line":18,"column":11},"end":{"line":30,"column":5}},"type":"if","locations":[{"start":{"line":18,"column":11},"end":{"line":30,"column":5}},{"start":{"line":18,"column":11},"end":{"line":30,"column":5}}],"line":18},"4":{"loc":{"start":{"line":29,"column":51},"end":{"line":29,"column":100}},"type":"binary-expr","locations":[{"start":{"line":29,"column":51},"end":{"line":29,"column":62}},{"start":{"line":29,"column":66},"end":{"line":29,"column":76}},{"start":{"line":29,"column":80},"end":{"line":29,"column":90}},{"start":{"line":29,"column":94},"end":{"line":29,"column":100}}],"line":29},"5":{"loc":{"start":{"line":77,"column":8},"end":{"line":94,"column":9}},"type":"if","locations":[{"start":{"line":77,"column":8},"end":{"line":94,"column":9}},{"start":{"line":77,"column":8},"end":{"line":94,"column":9}}],"line":77},"6":{"loc":{"start":{"line":77,"column":12},"end":{"line":77,"column":44}},"type":"binary-expr","locations":[{"start":{"line":77,"column":12},"end":{"line":77,"column":16}},{"start":{"line":77,"column":20},"end":{"line":77,"column":44}}],"line":77},"7":{"loc":{"start":{"line":80,"column":12},"end":{"line":80,"column":109}},"type":"if","locations":[{"start":{"line":80,"column":12},"end":{"line":80,"column":109}},{"start":{"line":80,"column":12},"end":{"line":80,"column":109}}],"line":80},"8":{"loc":{"start":{"line":80,"column":16},"end":{"line":80,"column":83}},"type":"binary-expr","locations":[{"start":{"line":80,"column":16},"end":{"line":80,"column":35}},{"start":{"line":80,"column":39},"end":{"line":80,"column":56}},{"start":{"line":80,"column":60},"end":{"line":80,"column":83}}],"line":80},"9":{"loc":{"start":{"line":85,"column":15},"end":{"line":94,"column":9}},"type":"if","locations":[{"start":{"line":85,"column":15},"end":{"line":94,"column":9}},{"start":{"line":85,"column":15},"end":{"line":94,"column":9}}],"line":85},"10":{"loc":{"start":{"line":85,"column":19},"end":{"line":85,"column":51}},"type":"binary-expr","locations":[{"start":{"line":85,"column":19},"end":{"line":85,"column":23}},{"start":{"line":85,"column":27},"end":{"line":85,"column":51}}],"line":85},"11":{"loc":{"start":{"line":113,"column":39},"end":{"line":113,"column":56}},"type":"binary-expr","locations":[{"start":{"line":113,"column":39},"end":{"line":113,"column":50}},{"start":{"line":113,"column":54},"end":{"line":113,"column":56}}],"line":113},"12":{"loc":{"start":{"line":130,"column":8},"end":{"line":146,"column":9}},"type":"if","locations":[{"start":{"line":130,"column":8},"end":{"line":146,"column":9}},{"start":{"line":130,"column":8},"end":{"line":146,"column":9}}],"line":130},"13":{"loc":{"start":{"line":131,"column":27},"end":{"line":131,"column":62}},"type":"binary-expr","locations":[{"start":{"line":131,"column":27},"end":{"line":131,"column":39}},{"start":{"line":131,"column":44},"end":{"line":131,"column":61}}],"line":131},"14":{"loc":{"start":{"line":136,"column":12},"end":{"line":138,"column":13}},"type":"if","locations":[{"start":{"line":136,"column":12},"end":{"line":138,"column":13}},{"start":{"line":136,"column":12},"end":{"line":138,"column":13}}],"line":136},"15":{"loc":{"start":{"line":143,"column":21},"end":{"line":143,"column":35}},"type":"binary-expr","locations":[{"start":{"line":143,"column":21},"end":{"line":143,"column":28}},{"start":{"line":143,"column":32},"end":{"line":143,"column":35}}],"line":143},"16":{"loc":{"start":{"line":171,"column":8},"end":{"line":173,"column":9}},"type":"if","locations":[{"start":{"line":171,"column":8},"end":{"line":173,"column":9}},{"start":{"line":171,"column":8},"end":{"line":173,"column":9}}],"line":171},"17":{"loc":{"start":{"line":191,"column":8},"end":{"line":205,"column":9}},"type":"if","locations":[{"start":{"line":191,"column":8},"end":{"line":205,"column":9}},{"start":{"line":191,"column":8},"end":{"line":205,"column":9}}],"line":191},"18":{"loc":{"start":{"line":195,"column":12},"end":{"line":198,"column":13}},"type":"if","locations":[{"start":{"line":195,"column":12},"end":{"line":198,"column":13}},{"start":{"line":195,"column":12},"end":{"line":198,"column":13}}],"line":195},"19":{"loc":{"start":{"line":195,"column":16},"end":{"line":195,"column":35}},"type":"binary-expr","locations":[{"start":{"line":195,"column":16},"end":{"line":195,"column":22}},{"start":{"line":195,"column":26},"end":{"line":195,"column":35}}],"line":195},"20":{"loc":{"start":{"line":199,"column":12},"end":{"line":201,"column":13}},"type":"if","locations":[{"start":{"line":199,"column":12},"end":{"line":201,"column":13}},{"start":{"line":199,"column":12},"end":{"line":201,"column":13}}],"line":199},"21":{"loc":{"start":{"line":202,"column":12},"end":{"line":204,"column":13}},"type":"if","locations":[{"start":{"line":202,"column":12},"end":{"line":204,"column":13}},{"start":{"line":202,"column":12},"end":{"line":204,"column":13}}],"line":202},"22":{"loc":{"start":{"line":216,"column":8},"end":{"line":242,"column":9}},"type":"switch","locations":[{"start":{"line":217,"column":12},"end":{"line":221,"column":23}},{"start":{"line":222,"column":12},"end":{"line":226,"column":23}},{"start":{"line":227,"column":12},"end":{"line":231,"column":23}},{"start":{"line":232,"column":12},"end":{"line":236,"column":23}},{"start":{"line":237,"column":12},"end":{"line":241,"column":23}}],"line":216}},"s":{"0":1,"1":1,"2":1,"3":0,"4":0,"5":1,"6":1,"7":1,"8":1,"9":1,"10":0,"11":1,"12":1,"13":1,"14":1,"15":0,"16":0,"17":1,"18":1,"19":1,"20":1,"21":1,"22":9,"23":9,"24":0,"25":0,"26":0,"27":0,"28":9,"29":2,"30":5,"31":7,"32":9,"33":1,"34":2,"35":1,"36":2,"37":2,"38":1,"39":4,"40":4,"41":4,"42":4,"43":4,"44":4,"45":0,"46":4,"47":4,"48":1,"49":1,"50":1,"51":7,"52":0,"53":7,"54":7,"55":7,"56":0,"57":7,"58":7,"59":1,"60":8,"61":7,"62":7,"63":7,"64":0,"65":7,"66":7,"67":7,"68":0,"69":1,"70":7,"71":7,"72":7,"73":7,"74":7,"75":7,"76":7,"77":7,"78":7,"79":0,"80":0,"81":0,"82":0,"83":0,"84":0,"85":0,"86":0,"87":0,"88":0,"89":0,"90":0,"91":1},"f":{"0":1,"1":0,"2":1,"3":0,"4":9,"5":2,"6":2,"7":4,"8":0,"9":0,"10":7,"11":8,"12":7},"b":{"0":[1,1,1,0,0,0],"1":[0,1],"2":[1,0],"3":[1,0],"4":[0,0,0,0],"5":[0,9],"6":[9,9],"7":[0,0],"8":[0,0,0],"9":[2,7],"10":[9,9],"11":[2,2],"12":[4,0],"13":[4,4],"14":[0,4],"15":[4,4],"16":[0,7],"17":[7,1],"18":[0,7],"19":[7,7],"20":[7,0],"21":[0,7],"22":[7,0,0,0,0]},"_coverageSchema":"332fd63041d2c1bcb487cc26dd0d5f7d97098a6c","hash":"96f92e1883fc95dc7bbec766d527d71493bf5498"}
}
