TN:
SF:/Users/jinzhan/Desktop/dev/practiceProject/my-everyting/my-backbone/backbone.js
FN:8,(anonymous_0)
FN:17,(anonymous_1)
FN:34,(anonymous_2)
FN:55,(anonymous_3)
FN:95,(anonymous_4)
FN:117,(anonymous_5)
FN:138,(anonymous_6)
FN:163,(anonymous_7)
FN:176,(anonymous_8)
FN:188,(anonymous_9)
FN:200,(anonymous_10)
FN:221,(anonymous_11)
FN:274,(anonymous_12)
FN:282,(anonymous_13)
FN:290,(anonymous_14)
FN:292,(anonymous_15)
FN:305,(anonymous_16)
FN:317,(anonymous_17)
FN:331,(anonymous_18)
FN:344,(anonymous_19)
FN:359,(anonymous_20)
FN:375,(anonymous_21)
FN:398,(anonymous_22)
FN:432,(anonymous_23)
FN:436,(anonymous_24)
FN:439,(anonymous_25)
FN:445,(anonymous_26)
FN:450,(anonymous_27)
FN:455,(anonymous_28)
FN:461,(anonymous_29)
FN:466,(anonymous_30)
FN:473,(anonymous_31)
FN:546,(anonymous_32)
FN:551,(anonymous_33)
FN:559,(anonymous_34)
FN:570,(anonymous_35)
FN:586,(anonymous_36)
FN:593,(anonymous_37)
FN:599,(anonymous_38)
FN:603,(anonymous_39)
FN:616,(anonymous_40)
FN:643,(anonymous_41)
FN:670,(anonymous_42)
FN:676,(anonymous_43)
FN:681,(anonymous_44)
FN:701,(anonymous_45)
FN:713,(anonymous_46)
FN:718,(anonymous_47)
FN:723,(anonymous_48)
FN:728,(anonymous_49)
FN:734,(anonymous_50)
FN:758,(anonymous_51)
FN:773,(anonymous_52)
FN:793,(anonymous_53)
FN:797,(anonymous_54)
FN:801,(anonymous_55)
FN:802,(anonymous_56)
FN:806,(anonymous_57)
FN:813,(anonymous_58)
FN:818,(anonymous_59)
FN:834,(anonymous_60)
FN:912,(anonymous_61)
FN:953,(anonymous_62)
FN:966,(anonymous_63)
FN:971,(anonymous_64)
FN:977,(anonymous_65)
FN:982,(anonymous_66)
FN:988,(anonymous_67)
FN:994,(anonymous_68)
FN:1002,(anonymous_69)
FN:1007,(anonymous_70)
FN:1014,(anonymous_71)
FN:1020,(anonymous_72)
FN:1027,(anonymous_73)
FN:1046,(anonymous_74)
FN:1053,(anonymous_75)
FN:1057,(anonymous_76)
FN:1070,(anonymous_77)
FN:1078,(anonymous_78)
FN:1088,(anonymous_79)
FN:1093,(anonymous_80)
FN:1101,(anonymous_81)
FN:1106,(anonymous_82)
FN:1111,(anonymous_83)
FN:1116,(anonymous_84)
FN:1122,(anonymous_85)
FN:1130,(anonymous_86)
FN:1144,(anonymous_87)
FN:1173,(anonymous_88)
FN:1178,(anonymous_89)
FN:1186,(anonymous_90)
FN:1198,(anonymous_91)
FN:1231,(anonymous_92)
FN:1246,(anonymous_93)
FN:1251,(anonymous_94)
FN:1295,(anonymous_95)
FN:1317,(anonymous_96)
FN:1323,(anonymous_97)
FN:1327,(anonymous_98)
FN:1332,(anonymous_99)
FN:1338,(anonymous_100)
FN:1347,(anonymous_101)
FN:1353,(anonymous_102)
FN:1365,(anonymous_103)
FN:1383,(anonymous_104)
FN:1400,(anonymous_105)
FN:1408,(anonymous_106)
FN:1415,(anonymous_107)
FN:1422,(anonymous_108)
FN:1430,(anonymous_109)
FN:1444,(anonymous_110)
FN:1457,(anonymous_111)
FN:1459,(anonymous_112)
FN:1462,(anonymous_113)
FN:1465,(anonymous_114)
FN:1468,(anonymous_115)
FN:1471,(anonymous_116)
FN:1479,(anonymous_117)
FN:1480,(anonymous_118)
FN:1486,(anonymous_119)
FN:1489,(anonymous_120)
FN:1492,(anonymous_121)
FN:1494,(anonymous_122)
FN:1522,(anonymous_123)
FN:1527,(anonymous_124)
FN:1528,(anonymous_125)
FN:1556,(anonymous_126)
FN:1591,(anonymous_127)
FN:1604,(anonymous_128)
FN:1627,(anonymous_129)
FN:1636,(anonymous_130)
FN:1656,(anonymous_131)
FN:1660,(anonymous_132)
FN:1668,(anonymous_133)
FN:1676,(anonymous_134)
FN:1689,(anonymous_135)
FN:1694,(anonymous_136)
FN:1702,(anonymous_137)
FN:1713,(anonymous_138)
FN:1716,(anonymous_139)
FN:1726,(anonymous_140)
FN:1728,(anonymous_141)
FN:1745,(anonymous_142)
FN:1776,(anonymous_143)
FN:1782,(anonymous_144)
FN:1791,(anonymous_145)
FN:1797,(anonymous_146)
FN:1804,(anonymous_147)
FN:1810,(anonymous_148)
FN:1818,(anonymous_149)
FN:1831,(anonymous_150)
FN:1887,(anonymous_151)
FN:1906,(anonymous_152)
FN:1908,(anonymous_153)
FN:1932,(anonymous_154)
FN:1938,(anonymous_155)
FN:1955,(anonymous_156)
FN:1959,(anonymous_157)
FN:1974,(anonymous_158)
FN:2029,(anonymous_159)
FN:2050,(anonymous_160)
FN:2060,(anonymous_161)
FN:2082,(anonymous_162)
FN:2087,(anonymous_163)
FN:2089,(anonymous_164)
FNF:165
FNH:15
FNDA:1,(anonymous_0)
FNDA:0,(anonymous_1)
FNDA:1,(anonymous_2)
FNDA:0,(anonymous_3)
FNDA:12,(anonymous_4)
FNDA:2,(anonymous_5)
FNDA:0,(anonymous_6)
FNDA:4,(anonymous_7)
FNDA:0,(anonymous_8)
FNDA:1,(anonymous_9)
FNDA:0,(anonymous_10)
FNDA:2,(anonymous_11)
FNDA:0,(anonymous_12)
FNDA:0,(anonymous_13)
FNDA:0,(anonymous_14)
FNDA:0,(anonymous_15)
FNDA:9,(anonymous_16)
FNDA:12,(anonymous_17)
FNDA:10,(anonymous_18)
FNDA:0,(anonymous_19)
FNDA:0,(anonymous_20)
FNDA:0,(anonymous_21)
FNDA:0,(anonymous_22)
FNDA:0,(anonymous_23)
FNDA:0,(anonymous_24)
FNDA:0,(anonymous_25)
FNDA:0,(anonymous_26)
FNDA:0,(anonymous_27)
FNDA:0,(anonymous_28)
FNDA:0,(anonymous_29)
FNDA:0,(anonymous_30)
FNDA:0,(anonymous_31)
FNDA:0,(anonymous_32)
FNDA:0,(anonymous_33)
FNDA:0,(anonymous_34)
FNDA:0,(anonymous_35)
FNDA:0,(anonymous_36)
FNDA:0,(anonymous_37)
FNDA:0,(anonymous_38)
FNDA:0,(anonymous_39)
FNDA:0,(anonymous_40)
FNDA:0,(anonymous_41)
FNDA:0,(anonymous_42)
FNDA:0,(anonymous_43)
FNDA:0,(anonymous_44)
FNDA:0,(anonymous_45)
FNDA:0,(anonymous_46)
FNDA:0,(anonymous_47)
FNDA:0,(anonymous_48)
FNDA:0,(anonymous_49)
FNDA:0,(anonymous_50)
FNDA:0,(anonymous_51)
FNDA:0,(anonymous_52)
FNDA:0,(anonymous_53)
FNDA:0,(anonymous_54)
FNDA:0,(anonymous_55)
FNDA:0,(anonymous_56)
FNDA:0,(anonymous_57)
FNDA:0,(anonymous_58)
FNDA:0,(anonymous_59)
FNDA:0,(anonymous_60)
FNDA:0,(anonymous_61)
FNDA:0,(anonymous_62)
FNDA:0,(anonymous_63)
FNDA:0,(anonymous_64)
FNDA:0,(anonymous_65)
FNDA:0,(anonymous_66)
FNDA:0,(anonymous_67)
FNDA:0,(anonymous_68)
FNDA:0,(anonymous_69)
FNDA:0,(anonymous_70)
FNDA:0,(anonymous_71)
FNDA:0,(anonymous_72)
FNDA:0,(anonymous_73)
FNDA:0,(anonymous_74)
FNDA:0,(anonymous_75)
FNDA:0,(anonymous_76)
FNDA:0,(anonymous_77)
FNDA:0,(anonymous_78)
FNDA:0,(anonymous_79)
FNDA:0,(anonymous_80)
FNDA:0,(anonymous_81)
FNDA:0,(anonymous_82)
FNDA:0,(anonymous_83)
FNDA:0,(anonymous_84)
FNDA:0,(anonymous_85)
FNDA:0,(anonymous_86)
FNDA:0,(anonymous_87)
FNDA:0,(anonymous_88)
FNDA:0,(anonymous_89)
FNDA:0,(anonymous_90)
FNDA:0,(anonymous_91)
FNDA:0,(anonymous_92)
FNDA:0,(anonymous_93)
FNDA:0,(anonymous_94)
FNDA:0,(anonymous_95)
FNDA:0,(anonymous_96)
FNDA:0,(anonymous_97)
FNDA:0,(anonymous_98)
FNDA:0,(anonymous_99)
FNDA:0,(anonymous_100)
FNDA:0,(anonymous_101)
FNDA:0,(anonymous_102)
FNDA:0,(anonymous_103)
FNDA:0,(anonymous_104)
FNDA:0,(anonymous_105)
FNDA:0,(anonymous_106)
FNDA:0,(anonymous_107)
FNDA:0,(anonymous_108)
FNDA:0,(anonymous_109)
FNDA:0,(anonymous_110)
FNDA:57,(anonymous_111)
FNDA:0,(anonymous_112)
FNDA:0,(anonymous_113)
FNDA:0,(anonymous_114)
FNDA:0,(anonymous_115)
FNDA:0,(anonymous_116)
FNDA:2,(anonymous_117)
FNDA:57,(anonymous_118)
FNDA:0,(anonymous_119)
FNDA:0,(anonymous_120)
FNDA:0,(anonymous_121)
FNDA:0,(anonymous_122)
FNDA:2,(anonymous_123)
FNDA:0,(anonymous_124)
FNDA:0,(anonymous_125)
FNDA:0,(anonymous_126)
FNDA:0,(anonymous_127)
FNDA:0,(anonymous_128)
FNDA:0,(anonymous_129)
FNDA:0,(anonymous_130)
FNDA:0,(anonymous_131)
FNDA:0,(anonymous_132)
FNDA:0,(anonymous_133)
FNDA:0,(anonymous_134)
FNDA:0,(anonymous_135)
FNDA:0,(anonymous_136)
FNDA:0,(anonymous_137)
FNDA:0,(anonymous_138)
FNDA:0,(anonymous_139)
FNDA:0,(anonymous_140)
FNDA:0,(anonymous_141)
FNDA:1,(anonymous_142)
FNDA:0,(anonymous_143)
FNDA:0,(anonymous_144)
FNDA:0,(anonymous_145)
FNDA:0,(anonymous_146)
FNDA:0,(anonymous_147)
FNDA:0,(anonymous_148)
FNDA:0,(anonymous_149)
FNDA:0,(anonymous_150)
FNDA:0,(anonymous_151)
FNDA:0,(anonymous_152)
FNDA:0,(anonymous_153)
FNDA:0,(anonymous_154)
FNDA:0,(anonymous_155)
FNDA:0,(anonymous_156)
FNDA:0,(anonymous_157)
FNDA:0,(anonymous_158)
FNDA:0,(anonymous_159)
FNDA:0,(anonymous_160)
FNDA:0,(anonymous_161)
FNDA:0,(anonymous_162)
FNDA:0,(anonymous_163)
FNDA:0,(anonymous_164)
DA:8,1
DA:12,1
DA:16,1
DA:17,0
DA:20,0
DA:24,1
DA:25,1
DA:26,1
DA:27,1
DA:31,0
DA:41,1
DA:44,1
DA:47,1
DA:51,1
DA:55,1
DA:56,0
DA:57,0
DA:63,1
DA:69,1
DA:84,1
DA:87,1
DA:95,1
DA:96,12
DA:97,12
DA:99,0
DA:100,0
DA:101,0
DA:103,12
DA:105,4
DA:106,10
DA:110,8
DA:112,12
DA:117,1
DA:118,2
DA:124,2
DA:125,0
DA:126,0
DA:129,0
DA:132,2
DA:138,1
DA:139,0
DA:140,0
DA:141,0
DA:142,0
DA:146,0
DA:147,0
DA:148,0
DA:152,0
DA:153,0
DA:155,0
DA:157,0
DA:159,0
DA:163,1
DA:164,4
DA:165,4
DA:166,4
DA:167,4
DA:169,4
DA:171,4
DA:176,1
DA:177,0
DA:178,0
DA:180,0
DA:188,1
DA:189,1
DA:190,1
DA:195,1
DA:200,1
DA:201,0
DA:202,0
DA:204,0
DA:205,0
DA:206,0
DA:210,0
DA:212,0
DA:213,0
DA:215,0
DA:217,0
DA:221,1
DA:222,2
DA:224,2
DA:225,2
DA:228,2
DA:229,0
DA:230,0
DA:232,0
DA:235,2
DA:236,2
DA:237,2
DA:238,2
DA:241,2
DA:244,2
DA:245,2
DA:246,2
DA:247,2
DA:252,0
DA:254,2
DA:255,2
DA:260,2
DA:261,0
DA:263,2
DA:267,2
DA:274,1
DA:276,0
DA:277,0
DA:278,0
DA:282,1
DA:284,0
DA:285,0
DA:290,1
DA:291,0
DA:292,0
DA:293,0
DA:294,0
DA:296,0
DA:298,0
DA:305,1
DA:306,9
DA:308,9
DA:309,9
DA:310,9
DA:312,9
DA:313,9
DA:317,1
DA:318,12
DA:319,12
DA:320,12
DA:321,12
DA:322,12
DA:323,12
DA:325,12
DA:331,1
DA:332,10
DA:333,10
DA:334,10
DA:335,0
DA:336,0
DA:337,0
DA:338,0
DA:344,1
DA:345,0
DA:346,0
DA:347,0
DA:348,0
DA:349,0
DA:350,0
DA:353,1
DA:359,1
DA:361,0
DA:362,0
DA:366,0
DA:368,0
DA:369,0
DA:371,0
DA:375,1
DA:376,0
DA:377,0
DA:381,1
DA:382,1
DA:386,1
DA:398,1
DA:399,0
DA:400,0
DA:401,0
DA:402,0
DA:403,0
DA:404,0
DA:405,0
DA:406,0
DA:407,0
DA:408,0
DA:409,0
DA:410,0
DA:414,1
DA:440,0
DA:446,0
DA:451,0
DA:456,0
DA:462,0
DA:467,0
DA:474,0
DA:478,0
DA:479,0
DA:480,0
DA:482,0
DA:485,0
DA:488,0
DA:491,0
DA:492,0
DA:493,0
DA:494,0
DA:495,0
DA:497,0
DA:498,0
DA:499,0
DA:502,0
DA:503,0
DA:504,0
DA:507,0
DA:508,0
DA:509,0
DA:510,0
DA:511,0
DA:513,0
DA:515,0
DA:519,0
DA:522,0
DA:523,0
DA:524,0
DA:525,0
DA:531,0
DA:532,0
DA:533,0
DA:534,0
DA:535,0
DA:536,0
DA:539,0
DA:540,0
DA:541,0
DA:547,0
DA:552,0
DA:553,0
DA:554,0
DA:560,0
DA:561,0
DA:571,0
DA:572,0
DA:573,0
DA:575,0
DA:576,0
DA:577,0
DA:578,0
DA:579,0
DA:581,0
DA:587,0
DA:588,0
DA:594,0
DA:600,0
DA:601,0
DA:602,0
DA:603,0
DA:604,0
DA:605,0
DA:606,0
DA:607,0
DA:609,0
DA:610,0
DA:619,0
DA:620,0
DA:621,0
DA:623,0
DA:626,0
DA:627,0
DA:632,0
DA:633,0
DA:634,0
DA:635,0
DA:640,0
DA:641,0
DA:642,0
DA:643,0
DA:645,0
DA:646,0
DA:647,0
DA:648,0
DA:649,0
DA:650,0
DA:652,0
DA:655,0
DA:657,0
DA:658,0
DA:659,0
DA:662,0
DA:664,0
DA:671,0
DA:672,0
DA:673,0
DA:674,0
DA:676,0
DA:677,0
DA:678,0
DA:681,0
DA:682,0
DA:683,0
DA:684,0
DA:687,0
DA:688,0
DA:689,0
DA:691,0
DA:692,0
DA:694,0
DA:695,0
DA:703,0
DA:706,0
DA:707,0
DA:708,0
DA:714,0
DA:719,0
DA:724,0
DA:729,0
DA:735,0
DA:736,0
DA:737,0
DA:738,0
DA:739,0
DA:740,0
DA:758,1
DA:759,0
DA:760,0
DA:761,0
DA:762,0
DA:763,0
DA:764,0
DA:765,0
DA:769,1
DA:770,1
DA:773,1
DA:774,0
DA:775,0
DA:776,0
DA:778,0
DA:779,0
DA:780,0
DA:784,1
DA:802,0
DA:807,0
DA:814,0
DA:819,0
DA:820,0
DA:821,0
DA:822,0
DA:823,0
DA:824,0
DA:825,0
DA:827,0
DA:835,0
DA:837,0
DA:838,0
DA:839,0
DA:842,0
DA:843,0
DA:845,0
DA:846,0
DA:847,0
DA:848,0
DA:850,0
DA:851,0
DA:852,0
DA:853,0
DA:854,0
DA:856,0
DA:857,0
DA:858,0
DA:860,0
DA:861,0
DA:862,0
DA:867,0
DA:868,0
DA:872,0
DA:873,0
DA:874,0
DA:875,0
DA:876,0
DA:877,0
DA:878,0
DA:879,0
DA:881,0
DA:882,0
DA:883,0
DA:885,0
DA:888,0
DA:889,0
DA:890,0
DA:891,0
DA:892,0
DA:893,0
DA:894,0
DA:900,0
DA:901,0
DA:902,0
DA:903,0
DA:905,0
DA:909,0
DA:910,0
DA:911,0
DA:912,0
DA:913,0
DA:915,0
DA:916,0
DA:917,0
DA:918,0
DA:919,0
DA:920,0
DA:921,0
DA:925,0
DA:928,0
DA:929,0
DA:930,0
DA:931,0
DA:932,0
DA:934,0
DA:935,0
DA:936,0
DA:941,0
DA:946,0
DA:954,0
DA:955,0
DA:956,0
DA:958,0
DA:959,0
DA:960,0
DA:961,0
DA:962,0
DA:967,0
DA:972,0
DA:973,0
DA:978,0
DA:983,0
DA:984,0
DA:989,0
DA:995,0
DA:996,0
DA:1003,0
DA:1008,0
DA:1009,0
DA:1015,0
DA:1021,0
DA:1028,0
DA:1029,0
DA:1030,0
DA:1032,0
DA:1033,0
DA:1036,0
DA:1037,0
DA:1039,0
DA:1041,0
DA:1042,0
DA:1047,0
DA:1054,0
DA:1055,0
DA:1056,0
DA:1057,0
DA:1058,0
DA:1059,0
DA:1060,0
DA:1061,0
DA:1063,0
DA:1064,0
DA:1071,0
DA:1072,0
DA:1073,0
DA:1074,0
DA:1075,0
DA:1076,0
DA:1077,0
DA:1078,0
DA:1079,0
DA:1080,0
DA:1082,0
DA:1083,0
DA:1089,0
DA:1094,0
DA:1102,0
DA:1107,0
DA:1112,0
DA:1117,0
DA:1123,0
DA:1124,0
DA:1125,0
DA:1131,0
DA:1132,0
DA:1133,0
DA:1135,0
DA:1136,0
DA:1137,0
DA:1138,0
DA:1139,0
DA:1140,0
DA:1145,0
DA:1146,0
DA:1147,0
DA:1148,0
DA:1150,0
DA:1151,0
DA:1152,0
DA:1156,0
DA:1157,0
DA:1158,0
DA:1160,0
DA:1161,0
DA:1162,0
DA:1165,0
DA:1166,0
DA:1168,0
DA:1174,0
DA:1179,0
DA:1180,0
DA:1181,0
DA:1182,0
DA:1187,0
DA:1188,0
DA:1189,0
DA:1190,0
DA:1191,0
DA:1199,0
DA:1200,0
DA:1201,0
DA:1202,0
DA:1203,0
DA:1204,0
DA:1205,0
DA:1206,0
DA:1207,0
DA:1211,0
DA:1219,1
DA:1220,1
DA:1221,1
DA:1231,1
DA:1232,0
DA:1233,0
DA:1234,0
DA:1240,1
DA:1241,1
DA:1242,1
DA:1245,1
DA:1246,1
DA:1247,0
DA:1251,1
DA:1252,0
DA:1255,0
DA:1256,0
DA:1257,0
DA:1261,0
DA:1262,0
DA:1264,0
DA:1265,0
DA:1266,0
DA:1268,0
DA:1271,0
DA:1276,0
DA:1279,0
DA:1295,1
DA:1296,0
DA:1297,0
DA:1298,0
DA:1299,0
DA:1300,0
DA:1304,1
DA:1307,1
DA:1310,1
DA:1318,0
DA:1333,0
DA:1339,0
DA:1340,0
DA:1341,0
DA:1348,0
DA:1354,0
DA:1355,0
DA:1356,0
DA:1357,0
DA:1366,0
DA:1367,0
DA:1384,0
DA:1385,0
DA:1386,0
DA:1387,0
DA:1388,0
DA:1389,0
DA:1390,0
DA:1391,0
DA:1392,0
DA:1394,0
DA:1401,0
DA:1402,0
DA:1409,0
DA:1410,0
DA:1416,0
DA:1417,0
DA:1423,0
DA:1431,0
DA:1432,0
DA:1433,0
DA:1434,0
DA:1435,0
DA:1436,0
DA:1438,0
DA:1445,0
DA:1457,1
DA:1458,57
DA:1459,11
DA:1460,0
DA:1462,0
DA:1463,0
DA:1465,36
DA:1466,0
DA:1468,0
DA:1469,0
DA:1471,10
DA:1472,0
DA:1473,0
DA:1474,0
DA:1479,1
DA:1480,2
DA:1481,57
DA:1486,1
DA:1487,0
DA:1488,0
DA:1489,0
DA:1490,0
DA:1492,1
DA:1493,0
DA:1494,0
DA:1495,0
DA:1502,1
DA:1514,1
DA:1519,1
DA:1523,2
DA:1524,2
DA:1525,2
DA:1527,2
DA:1528,0
DA:1529,0
DA:1530,0
DA:1532,0
DA:1535,2
DA:1556,1
DA:1557,0
DA:1560,0
DA:1566,0
DA:1569,0
DA:1570,0
DA:1574,0
DA:1575,0
DA:1576,0
DA:1580,0
DA:1581,0
DA:1582,0
DA:1587,0
DA:1588,0
DA:1589,0
DA:1590,0
DA:1591,0
DA:1592,0
DA:1593,0
DA:1598,0
DA:1599,0
DA:1603,0
DA:1604,0
DA:1605,0
DA:1606,0
DA:1607,0
DA:1611,0
DA:1612,0
DA:1613,0
DA:1617,1
DA:1627,1
DA:1628,0
DA:1636,1
DA:1637,0
DA:1638,0
DA:1639,0
DA:1640,0
DA:1641,0
DA:1646,1
DA:1647,1
DA:1648,1
DA:1649,1
DA:1652,1
DA:1669,0
DA:1670,0
DA:1671,0
DA:1672,0
DA:1674,0
DA:1675,0
DA:1676,0
DA:1677,0
DA:1678,0
DA:1679,0
DA:1680,0
DA:1681,0
DA:1684,0
DA:1690,0
DA:1695,0
DA:1696,0
DA:1703,0
DA:1704,0
DA:1705,0
DA:1706,0
DA:1707,0
DA:1714,0
DA:1717,0
DA:1720,0
DA:1727,0
DA:1728,0
DA:1730,0
DA:1731,0
DA:1745,1
DA:1746,1
DA:1747,1
DA:1750,1
DA:1751,1
DA:1752,1
DA:1757,1
DA:1760,1
DA:1763,1
DA:1766,1
DA:1769,1
DA:1777,0
DA:1778,0
DA:1783,0
DA:1784,0
DA:1785,0
DA:1792,0
DA:1798,0
DA:1799,0
DA:1805,0
DA:1806,0
DA:1811,0
DA:1814,0
DA:1819,0
DA:1820,0
DA:1821,0
DA:1823,0
DA:1826,0
DA:1832,0
DA:1833,0
DA:1837,0
DA:1838,0
DA:1839,0
DA:1840,0
DA:1841,0
DA:1842,0
DA:1843,0
DA:1844,0
DA:1845,0
DA:1848,0
DA:1852,0
DA:1856,0
DA:1857,0
DA:1858,0
DA:1860,0
DA:1864,0
DA:1865,0
DA:1873,0
DA:1874,0
DA:1875,0
DA:1876,0
DA:1877,0
DA:1878,0
DA:1880,0
DA:1881,0
DA:1882,0
DA:1883,0
DA:1887,0
DA:1888,0
DA:1893,0
DA:1894,0
DA:1895,0
DA:1896,0
DA:1897,0
DA:1898,0
DA:1901,0
DA:1908,0
DA:1909,0
DA:1913,0
DA:1914,0
DA:1915,0
DA:1916,0
DA:1920,0
DA:1921,0
DA:1922,0
DA:1926,0
DA:1927,0
DA:1933,0
DA:1939,0
DA:1943,0
DA:1944,0
DA:1947,0
DA:1948,0
DA:1949,0
DA:1957,0
DA:1958,0
DA:1959,0
DA:1960,0
DA:1961,0
DA:1962,0
DA:1975,0
DA:1976,0
DA:1979,0
DA:1982,0
DA:1983,0
DA:1984,0
DA:1986,0
DA:1989,0
DA:1992,0
DA:1994,0
DA:1995,0
DA:1998,0
DA:1999,0
DA:2003,0
DA:2004,0
DA:2005,0
DA:2006,0
DA:2011,0
DA:2012,0
DA:2013,0
DA:2016,0
DA:2022,0
DA:2024,0
DA:2030,0
DA:2031,0
DA:2032,0
DA:2035,0
DA:2042,1
DA:2050,1
DA:2051,0
DA:2057,0
DA:2058,0
DA:2060,0
DA:2064,0
DA:2068,0
DA:2069,0
DA:2073,0
DA:2075,0
DA:2079,1
DA:2082,1
DA:2083,0
DA:2087,1
DA:2088,0
DA:2089,0
DA:2090,0
DA:2091,0
DA:2095,1
LF:833
LH:155
BRDA:12,0,0,1
BRDA:12,0,1,1
BRDA:12,0,2,1
BRDA:12,0,3,0
BRDA:12,0,4,0
BRDA:12,0,5,0
BRDA:16,1,0,0
BRDA:16,1,1,1
BRDA:16,2,0,1
BRDA:16,2,1,0
BRDA:24,3,0,1
BRDA:24,3,1,0
BRDA:31,4,0,0
BRDA:31,4,1,0
BRDA:31,4,2,0
BRDA:31,4,3,0
BRDA:97,5,0,0
BRDA:97,5,1,12
BRDA:97,6,0,12
BRDA:97,6,1,12
BRDA:99,7,0,0
BRDA:99,7,1,0
BRDA:99,8,0,0
BRDA:99,8,1,0
BRDA:99,8,2,0
BRDA:103,9,0,4
BRDA:103,9,1,8
BRDA:103,10,0,12
BRDA:103,10,1,12
BRDA:118,11,0,2
BRDA:118,11,1,2
BRDA:124,12,0,0
BRDA:124,12,1,2
BRDA:125,13,0,0
BRDA:125,13,1,0
BRDA:139,14,0,0
BRDA:139,14,1,0
BRDA:140,15,0,0
BRDA:140,15,1,0
BRDA:141,16,0,0
BRDA:141,16,1,0
BRDA:146,17,0,0
BRDA:146,17,1,0
BRDA:147,18,0,0
BRDA:147,18,1,0
BRDA:155,19,0,0
BRDA:155,19,1,0
BRDA:157,20,0,0
BRDA:157,20,1,0
BRDA:164,21,0,4
BRDA:164,21,1,0
BRDA:165,22,0,4
BRDA:165,22,1,4
BRDA:167,23,0,0
BRDA:167,23,1,4
BRDA:169,24,0,4
BRDA:169,24,1,4
BRDA:189,25,0,0
BRDA:189,25,1,1
BRDA:202,26,0,0
BRDA:202,26,1,0
BRDA:204,27,0,0
BRDA:204,27,1,0
BRDA:210,28,0,0
BRDA:210,28,1,0
BRDA:213,29,0,0
BRDA:213,29,1,0
BRDA:215,30,0,0
BRDA:215,30,1,0
BRDA:222,31,0,0
BRDA:222,31,1,2
BRDA:228,32,0,0
BRDA:228,32,1,2
BRDA:228,33,0,2
BRDA:228,33,1,0
BRDA:228,33,2,0
BRDA:235,34,0,2
BRDA:235,34,1,0
BRDA:241,35,0,0
BRDA:241,35,1,2
BRDA:247,36,0,0
BRDA:247,36,1,2
BRDA:248,37,0,2
BRDA:248,37,1,0
BRDA:248,37,2,0
BRDA:248,37,3,2
BRDA:248,37,4,0
BRDA:255,38,0,0
BRDA:255,38,1,2
BRDA:260,39,0,0
BRDA:260,39,1,2
BRDA:277,40,0,0
BRDA:277,40,1,0
BRDA:277,41,0,0
BRDA:277,41,1,0
BRDA:291,42,0,0
BRDA:291,42,1,0
BRDA:306,43,0,0
BRDA:306,43,1,9
BRDA:318,44,0,12
BRDA:318,44,1,0
BRDA:321,45,0,0
BRDA:321,45,1,12
BRDA:321,46,0,12
BRDA:321,46,1,10
BRDA:322,47,0,10
BRDA:322,47,1,2
BRDA:323,48,0,0
BRDA:323,48,1,12
BRDA:333,49,0,10
BRDA:333,49,1,0
BRDA:333,49,2,0
BRDA:333,49,3,0
BRDA:333,49,4,0
BRDA:361,50,0,0
BRDA:361,50,1,0
BRDA:371,51,0,0
BRDA:371,51,1,0
BRDA:377,52,0,0
BRDA:377,52,1,0
BRDA:399,53,0,0
BRDA:399,53,1,0
BRDA:400,54,0,0
BRDA:400,54,1,0
BRDA:404,55,0,0
BRDA:404,55,1,0
BRDA:405,56,0,0
BRDA:405,56,1,0
BRDA:405,57,0,0
BRDA:405,57,1,0
BRDA:474,58,0,0
BRDA:474,58,1,0
BRDA:478,59,0,0
BRDA:478,59,1,0
BRDA:485,60,0,0
BRDA:485,60,1,0
BRDA:488,61,0,0
BRDA:488,61,1,0
BRDA:497,62,0,0
BRDA:497,62,1,0
BRDA:509,63,0,0
BRDA:509,63,1,0
BRDA:510,64,0,0
BRDA:510,64,1,0
BRDA:515,65,0,0
BRDA:515,65,1,0
BRDA:519,66,0,0
BRDA:519,66,1,0
BRDA:522,67,0,0
BRDA:522,67,1,0
BRDA:523,68,0,0
BRDA:523,68,1,0
BRDA:531,69,0,0
BRDA:531,69,1,0
BRDA:532,70,0,0
BRDA:532,70,1,0
BRDA:560,71,0,0
BRDA:560,71,1,0
BRDA:571,72,0,0
BRDA:571,72,1,0
BRDA:571,73,0,0
BRDA:571,73,1,0
BRDA:572,74,0,0
BRDA:572,74,1,0
BRDA:577,75,0,0
BRDA:577,75,1,0
BRDA:581,76,0,0
BRDA:581,76,1,0
BRDA:587,77,0,0
BRDA:587,77,1,0
BRDA:587,78,0,0
BRDA:587,78,1,0
BRDA:604,79,0,0
BRDA:604,79,1,0
BRDA:605,80,0,0
BRDA:605,80,1,0
BRDA:606,81,0,0
BRDA:606,81,1,0
BRDA:619,82,0,0
BRDA:619,82,1,0
BRDA:619,83,0,0
BRDA:619,83,1,0
BRDA:632,84,0,0
BRDA:632,84,1,0
BRDA:632,85,0,0
BRDA:632,85,1,0
BRDA:633,86,0,0
BRDA:633,86,1,0
BRDA:634,87,0,0
BRDA:634,87,1,0
BRDA:646,88,0,0
BRDA:646,88,1,0
BRDA:647,89,0,0
BRDA:647,89,1,0
BRDA:648,90,0,0
BRDA:648,90,1,0
BRDA:648,91,0,0
BRDA:648,91,1,0
BRDA:649,92,0,0
BRDA:649,92,1,0
BRDA:655,93,0,0
BRDA:655,93,1,0
BRDA:655,94,0,0
BRDA:655,94,1,0
BRDA:657,95,0,0
BRDA:657,95,1,0
BRDA:657,96,0,0
BRDA:657,96,1,0
BRDA:658,97,0,0
BRDA:658,97,1,0
BRDA:658,98,0,0
BRDA:658,98,1,0
BRDA:671,99,0,0
BRDA:671,99,1,0
BRDA:682,100,0,0
BRDA:682,100,1,0
BRDA:683,101,0,0
BRDA:683,101,1,0
BRDA:684,102,0,0
BRDA:684,102,1,0
BRDA:688,103,0,0
BRDA:688,103,1,0
BRDA:694,104,0,0
BRDA:694,104,1,0
BRDA:703,105,0,0
BRDA:703,105,1,0
BRDA:703,105,2,0
BRDA:706,106,0,0
BRDA:706,106,1,0
BRDA:735,107,0,0
BRDA:735,107,1,0
BRDA:735,108,0,0
BRDA:735,108,1,0
BRDA:737,109,0,0
BRDA:737,109,1,0
BRDA:738,110,0,0
BRDA:738,110,1,0
BRDA:759,111,0,0
BRDA:759,111,1,0
BRDA:761,112,0,0
BRDA:761,112,1,0
BRDA:762,113,0,0
BRDA:762,113,1,0
BRDA:765,114,0,0
BRDA:765,114,1,0
BRDA:821,115,0,0
BRDA:821,115,1,0
BRDA:823,116,0,0
BRDA:823,116,1,0
BRDA:823,117,0,0
BRDA:823,117,1,0
BRDA:827,118,0,0
BRDA:827,118,1,0
BRDA:835,119,0,0
BRDA:835,119,1,0
BRDA:838,120,0,0
BRDA:838,120,1,0
BRDA:838,121,0,0
BRDA:838,121,1,0
BRDA:839,122,0,0
BRDA:839,122,1,0
BRDA:843,123,0,0
BRDA:843,123,1,0
BRDA:846,124,0,0
BRDA:846,124,1,0
BRDA:847,125,0,0
BRDA:847,125,1,0
BRDA:848,126,0,0
BRDA:848,126,1,0
BRDA:861,127,0,0
BRDA:861,127,1,0
BRDA:861,127,2,0
BRDA:862,128,0,0
BRDA:862,128,1,0
BRDA:873,129,0,0
BRDA:873,129,1,0
BRDA:874,130,0,0
BRDA:874,130,1,0
BRDA:874,131,0,0
BRDA:874,131,1,0
BRDA:875,132,0,0
BRDA:875,132,1,0
BRDA:876,133,0,0
BRDA:876,133,1,0
BRDA:879,134,0,0
BRDA:879,134,1,0
BRDA:879,135,0,0
BRDA:879,135,1,0
BRDA:881,136,0,0
BRDA:881,136,1,0
BRDA:888,137,0,0
BRDA:888,137,1,0
BRDA:890,138,0,0
BRDA:890,138,1,0
BRDA:900,139,0,0
BRDA:900,139,1,0
BRDA:903,140,0,0
BRDA:903,140,1,0
BRDA:905,141,0,0
BRDA:905,141,1,0
BRDA:910,142,0,0
BRDA:910,142,1,0
BRDA:910,142,2,0
BRDA:911,143,0,0
BRDA:911,143,1,0
BRDA:911,144,0,0
BRDA:911,144,1,0
BRDA:912,145,0,0
BRDA:912,145,1,0
BRDA:918,146,0,0
BRDA:918,146,1,0
BRDA:919,147,0,0
BRDA:919,147,1,0
BRDA:920,148,0,0
BRDA:920,148,1,0
BRDA:925,149,0,0
BRDA:925,149,1,0
BRDA:928,150,0,0
BRDA:928,150,1,0
BRDA:930,151,0,0
BRDA:930,151,1,0
BRDA:934,152,0,0
BRDA:934,152,1,0
BRDA:934,153,0,0
BRDA:934,153,1,0
BRDA:935,154,0,0
BRDA:935,154,1,0
BRDA:935,155,0,0
BRDA:935,155,1,0
BRDA:935,155,2,0
BRDA:946,156,0,0
BRDA:946,156,1,0
BRDA:954,157,0,0
BRDA:954,157,1,0
BRDA:961,158,0,0
BRDA:961,158,1,0
BRDA:995,159,0,0
BRDA:995,159,1,0
BRDA:996,160,0,0
BRDA:996,160,1,0
BRDA:996,160,2,0
BRDA:996,160,3,0
BRDA:997,161,0,0
BRDA:997,161,1,0
BRDA:1008,162,0,0
BRDA:1008,162,1,0
BRDA:1015,163,0,0
BRDA:1015,163,1,0
BRDA:1029,164,0,0
BRDA:1029,164,1,0
BRDA:1030,165,0,0
BRDA:1030,165,1,0
BRDA:1033,166,0,0
BRDA:1033,166,1,0
BRDA:1036,167,0,0
BRDA:1036,167,1,0
BRDA:1036,168,0,0
BRDA:1036,168,1,0
BRDA:1041,169,0,0
BRDA:1041,169,1,0
BRDA:1058,170,0,0
BRDA:1058,170,1,0
BRDA:1060,171,0,0
BRDA:1060,171,1,0
BRDA:1071,172,0,0
BRDA:1071,172,1,0
BRDA:1074,173,0,0
BRDA:1074,173,1,0
BRDA:1075,174,0,0
BRDA:1075,174,1,0
BRDA:1079,175,0,0
BRDA:1079,175,1,0
BRDA:1080,176,0,0
BRDA:1080,176,1,0
BRDA:1102,177,0,0
BRDA:1102,177,1,0
BRDA:1131,178,0,0
BRDA:1131,178,1,0
BRDA:1132,179,0,0
BRDA:1132,179,1,0
BRDA:1135,180,0,0
BRDA:1135,180,1,0
BRDA:1138,181,0,0
BRDA:1138,181,1,0
BRDA:1148,182,0,0
BRDA:1148,182,1,0
BRDA:1158,183,0,0
BRDA:1158,183,1,0
BRDA:1160,184,0,0
BRDA:1160,184,1,0
BRDA:1181,185,0,0
BRDA:1181,185,1,0
BRDA:1189,186,0,0
BRDA:1189,186,1,0
BRDA:1190,187,0,0
BRDA:1190,187,1,0
BRDA:1199,188,0,0
BRDA:1199,188,1,0
BRDA:1200,189,0,0
BRDA:1200,189,1,0
BRDA:1200,190,0,0
BRDA:1200,190,1,0
BRDA:1200,190,2,0
BRDA:1201,191,0,0
BRDA:1201,191,1,0
BRDA:1202,192,0,0
BRDA:1202,192,1,0
BRDA:1205,193,0,0
BRDA:1205,193,1,0
BRDA:1206,194,0,0
BRDA:1206,194,1,0
BRDA:1207,195,0,0
BRDA:1207,195,1,0
BRDA:1219,196,0,1
BRDA:1219,196,1,1
BRDA:1220,197,0,1
BRDA:1220,197,1,0
BRDA:1245,198,0,1
BRDA:1245,198,1,0
BRDA:1252,199,0,0
BRDA:1252,199,1,0
BRDA:1255,200,0,0
BRDA:1255,200,1,0
BRDA:1261,201,0,0
BRDA:1261,201,1,0
BRDA:1265,202,0,0
BRDA:1265,202,1,0
BRDA:1366,203,0,0
BRDA:1366,203,1,0
BRDA:1384,204,0,0
BRDA:1384,204,1,0
BRDA:1385,205,0,0
BRDA:1385,205,1,0
BRDA:1389,206,0,0
BRDA:1389,206,1,0
BRDA:1390,207,0,0
BRDA:1390,207,1,0
BRDA:1409,208,0,0
BRDA:1409,208,1,0
BRDA:1431,209,0,0
BRDA:1431,209,1,0
BRDA:1433,210,0,0
BRDA:1433,210,1,0
BRDA:1434,211,0,0
BRDA:1434,211,1,0
BRDA:1458,212,0,11
BRDA:1458,212,1,0
BRDA:1458,212,2,36
BRDA:1458,212,3,0
BRDA:1458,212,4,10
BRDA:1481,213,0,57
BRDA:1481,213,1,0
BRDA:1487,214,0,0
BRDA:1487,214,1,0
BRDA:1488,215,0,0
BRDA:1488,215,1,0
BRDA:1488,216,0,0
BRDA:1488,216,1,0
BRDA:1489,217,0,0
BRDA:1489,217,1,0
BRDA:1560,218,0,0
BRDA:1560,218,1,0
BRDA:1569,219,0,0
BRDA:1569,219,1,0
BRDA:1570,220,0,0
BRDA:1570,220,1,0
BRDA:1574,221,0,0
BRDA:1574,221,1,0
BRDA:1574,222,0,0
BRDA:1574,222,1,0
BRDA:1574,222,2,0
BRDA:1574,222,3,0
BRDA:1574,222,4,0
BRDA:1576,223,0,0
BRDA:1576,223,1,0
BRDA:1580,224,0,0
BRDA:1580,224,1,0
BRDA:1582,225,0,0
BRDA:1582,225,1,0
BRDA:1587,226,0,0
BRDA:1587,226,1,0
BRDA:1587,227,0,0
BRDA:1587,227,1,0
BRDA:1587,227,2,0
BRDA:1587,227,3,0
BRDA:1589,228,0,0
BRDA:1589,228,1,0
BRDA:1593,229,0,0
BRDA:1593,229,1,0
BRDA:1598,230,0,0
BRDA:1598,230,1,0
BRDA:1598,231,0,0
BRDA:1598,231,1,0
BRDA:1607,232,0,0
BRDA:1607,232,1,0
BRDA:1637,233,0,0
BRDA:1637,233,1,0
BRDA:1639,234,0,0
BRDA:1639,234,1,0
BRDA:1669,235,0,0
BRDA:1669,235,1,0
BRDA:1670,236,0,0
BRDA:1670,236,1,0
BRDA:1674,237,0,0
BRDA:1674,237,1,0
BRDA:1678,238,0,0
BRDA:1678,238,1,0
BRDA:1690,239,0,0
BRDA:1690,239,1,0
BRDA:1703,240,0,0
BRDA:1703,240,1,0
BRDA:1717,241,0,0
BRDA:1717,241,1,0
BRDA:1730,242,0,0
BRDA:1730,242,1,0
BRDA:1730,243,0,0
BRDA:1730,243,1,0
BRDA:1731,244,0,0
BRDA:1731,244,1,0
BRDA:1750,245,0,1
BRDA:1750,245,1,0
BRDA:1778,246,0,0
BRDA:1778,246,1,0
BRDA:1799,247,0,0
BRDA:1799,247,1,0
BRDA:1805,248,0,0
BRDA:1805,248,1,0
BRDA:1806,249,0,0
BRDA:1806,249,1,0
BRDA:1814,250,0,0
BRDA:1814,250,1,0
BRDA:1819,251,0,0
BRDA:1819,251,1,0
BRDA:1820,252,0,0
BRDA:1820,252,1,0
BRDA:1820,253,0,0
BRDA:1820,253,1,0
BRDA:1832,254,0,0
BRDA:1832,254,1,0
BRDA:1840,255,0,0
BRDA:1840,255,1,0
BRDA:1840,255,2,0
BRDA:1841,256,0,0
BRDA:1841,256,1,0
BRDA:1843,257,0,0
BRDA:1843,257,1,0
BRDA:1844,258,0,0
BRDA:1844,258,1,0
BRDA:1852,259,0,0
BRDA:1852,259,1,0
BRDA:1852,260,0,0
BRDA:1852,260,1,0
BRDA:1856,261,0,0
BRDA:1856,261,1,0
BRDA:1856,262,0,0
BRDA:1856,262,1,0
BRDA:1857,263,0,0
BRDA:1857,263,1,0
BRDA:1864,264,0,0
BRDA:1864,264,1,0
BRDA:1864,265,0,0
BRDA:1864,265,1,0
BRDA:1873,266,0,0
BRDA:1873,266,1,0
BRDA:1873,267,0,0
BRDA:1873,267,1,0
BRDA:1873,267,2,0
BRDA:1887,268,0,0
BRDA:1887,268,1,0
BRDA:1893,269,0,0
BRDA:1893,269,1,0
BRDA:1895,270,0,0
BRDA:1895,270,1,0
BRDA:1895,271,0,0
BRDA:1895,271,1,0
BRDA:1897,272,0,0
BRDA:1897,272,1,0
BRDA:1901,273,0,0
BRDA:1901,273,1,0
BRDA:1908,274,0,0
BRDA:1908,274,1,0
BRDA:1913,275,0,0
BRDA:1913,275,1,0
BRDA:1915,276,0,0
BRDA:1915,276,1,0
BRDA:1915,277,0,0
BRDA:1915,277,1,0
BRDA:1920,278,0,0
BRDA:1920,278,1,0
BRDA:1926,279,0,0
BRDA:1926,279,1,0
BRDA:1943,280,0,0
BRDA:1943,280,1,0
BRDA:1943,281,0,0
BRDA:1943,281,1,0
BRDA:1947,282,0,0
BRDA:1947,282,1,0
BRDA:1948,283,0,0
BRDA:1948,283,1,0
BRDA:1957,284,0,0
BRDA:1957,284,1,0
BRDA:1960,285,0,0
BRDA:1960,285,1,0
BRDA:1975,286,0,0
BRDA:1975,286,1,0
BRDA:1976,287,0,0
BRDA:1976,287,1,0
BRDA:1976,288,0,0
BRDA:1976,288,1,0
BRDA:1979,289,0,0
BRDA:1979,289,1,0
BRDA:1983,290,0,0
BRDA:1983,290,1,0
BRDA:1983,291,0,0
BRDA:1983,291,1,0
BRDA:1984,292,0,0
BRDA:1984,292,1,0
BRDA:1994,293,0,0
BRDA:1994,293,1,0
BRDA:1998,294,0,0
BRDA:1998,294,1,0
BRDA:1999,295,0,0
BRDA:1999,295,1,0
BRDA:2003,296,0,0
BRDA:2003,296,1,0
BRDA:2005,297,0,0
BRDA:2005,297,1,0
BRDA:2005,298,0,0
BRDA:2005,298,1,0
BRDA:2011,299,0,0
BRDA:2011,299,1,0
BRDA:2024,300,0,0
BRDA:2024,300,1,0
BRDA:2030,301,0,0
BRDA:2030,301,1,0
BRDA:2057,302,0,0
BRDA:2057,302,1,0
BRDA:2057,303,0,0
BRDA:2057,303,1,0
BRDA:2090,304,0,0
BRDA:2090,304,1,0
BRF:641
BRH:51
end_of_record
TN:
SF:/Users/jinzhan/Desktop/dev/practiceProject/my-everyting/my-backbone/test/greeter_view.js
FNF:0
FNH:0
DA:1,1
DA:2,1
DA:3,1
DA:5,1
DA:7,1
DA:8,1
DA:12,1
LF:7
LH:7
BRF:0
BRH:0
end_of_record
