TN:
SF:/Users/jinzhan/Desktop/dev/practiceProject/my-everyting/my-backbone/test/backbone-fe.js
FN:1,(anonymous_0)
FN:11,(anonymous_1)
FN:31,(anonymous_2)
FN:45,(anonymous_3)
FN:75,(anonymous_4)
FN:98,(anonymous_5)
FN:112,(anonymous_6)
FN:129,(anonymous_7)
FN:151,(anonymous_8)
FN:155,(anonymous_9)
FN:165,(anonymous_10)
FN:190,(anonymous_11)
FN:214,(anonymous_12)
FNF:13
FNH:9
FNDA:1,(anonymous_0)
FNDA:0,(anonymous_1)
FNDA:1,(anonymous_2)
FNDA:0,(anonymous_3)
FNDA:9,(anonymous_4)
FNDA:2,(anonymous_5)
FNDA:2,(anonymous_6)
FNDA:4,(anonymous_7)
FNDA:0,(anonymous_8)
FNDA:0,(anonymous_9)
FNDA:7,(anonymous_10)
FNDA:8,(anonymous_11)
FNDA:7,(anonymous_12)
DA:1,1
DA:6,1
DA:10,1
DA:11,0
DA:14,0
DA:18,1
DA:19,1
DA:20,1
DA:21,1
DA:25,1
DA:29,0
DA:34,1
DA:36,1
DA:38,1
DA:45,1
DA:46,0
DA:47,0
DA:54,1
DA:60,1
DA:64,1
DA:65,1
DA:75,1
DA:76,9
DA:77,9
DA:80,0
DA:81,0
DA:83,0
DA:85,9
DA:87,2
DA:88,5
DA:93,7
DA:95,9
DA:98,1
DA:99,2
DA:112,1
DA:113,2
DA:118,2
DA:129,1
DA:130,4
DA:131,4
DA:132,4
DA:133,4
DA:134,4
DA:136,4
DA:137,0
DA:140,4
DA:148,4
DA:151,1
DA:155,1
DA:165,1
DA:171,7
DA:172,0
DA:175,7
DA:176,7
DA:177,7
DA:178,0
DA:180,7
DA:181,7
DA:190,1
DA:191,8
DA:192,7
DA:194,7
DA:195,7
DA:197,0
DA:199,7
DA:200,7
DA:202,7
DA:203,0
DA:214,1
DA:215,7
DA:216,7
DA:218,7
DA:219,7
DA:221,7
DA:223,0
DA:224,0
DA:226,0
DA:228,0
DA:229,0
DA:231,0
DA:233,0
DA:234,0
DA:236,0
DA:238,0
DA:239,0
DA:241,0
DA:248,1
LF:87
LH:62
BRDA:6,0,0,1
BRDA:6,0,1,1
BRDA:6,0,2,1
BRDA:6,0,3,0
BRDA:6,0,4,0
BRDA:6,0,5,0
BRDA:10,1,0,0
BRDA:10,1,1,1
BRDA:10,2,0,1
BRDA:10,2,1,0
BRDA:18,3,0,1
BRDA:18,3,1,0
BRDA:29,4,0,0
BRDA:29,4,1,0
BRDA:29,4,2,0
BRDA:29,4,3,0
BRDA:77,5,0,0
BRDA:77,5,1,9
BRDA:77,6,0,9
BRDA:77,6,1,9
BRDA:80,7,0,0
BRDA:80,7,1,0
BRDA:80,8,0,0
BRDA:80,8,1,0
BRDA:80,8,2,0
BRDA:85,9,0,2
BRDA:85,9,1,7
BRDA:85,10,0,9
BRDA:85,10,1,9
BRDA:113,11,0,2
BRDA:113,11,1,2
BRDA:130,12,0,4
BRDA:130,12,1,0
BRDA:131,13,0,4
BRDA:131,13,1,4
BRDA:136,14,0,0
BRDA:136,14,1,4
BRDA:143,15,0,4
BRDA:143,15,1,4
BRDA:171,16,0,0
BRDA:171,16,1,7
BRDA:191,17,0,7
BRDA:191,17,1,1
BRDA:195,18,0,0
BRDA:195,18,1,7
BRDA:195,19,0,7
BRDA:195,19,1,7
BRDA:199,20,0,7
BRDA:199,20,1,0
BRDA:202,21,0,0
BRDA:202,21,1,7
BRDA:216,22,0,7
BRDA:216,22,1,0
BRDA:216,22,2,0
BRDA:216,22,3,0
BRDA:216,22,4,0
BRF:56
BRH:30
end_of_record
